Instance name,  X location,  Y location,  Voltage 
PHY_25, 42.84, 46.24, 1.8
PHY_27, 42.84, 46.24, 1.8
FILLER_0_12_77, 42.84, 46.24, 1.8
PHY_21, 42.84, 40.8, 1.8
PHY_23, 42.84, 40.8, 1.8
FILLER_0_10_77, 42.84, 40.8, 1.8
PHY_17, 42.84, 35.36, 1.8
PHY_19, 42.84, 35.36, 1.8
FILLER_0_8_77, 42.84, 35.36, 1.8
digital_cs_4, 42.84, 29.92, 1.8
PHY_13, 42.84, 29.92, 1.8
PHY_15, 42.84, 29.92, 1.8
PHY_9, 42.84, 24.48, 1.8
PHY_11, 42.84, 24.48, 1.8
FILLER_0_4_77, 42.84, 24.48, 1.8
PHY_5, 42.84, 19.04, 1.8
PHY_7, 42.84, 19.04, 1.8
FILLER_0_2_77, 42.84, 19.04, 1.8
PHY_1, 42.84, 13.6, 1.8
PHY_3, 42.84, 13.6, 1.8
FILLER_0_13_53, 28.84, 46.24, 1.8
FILLER_0_11_51, 28.84, 40.8, 1.8
FILLER_0_9_51, 28.84, 35.36, 1.8
FILLER_0_7_51, 28.84, 29.92, 1.8
FILLER_0_5_51, 28.84, 24.48, 1.8
FILLER_0_3_51, 28.84, 19.04, 1.8
digital_cs_1, 28.84, 13.6, 1.8
FILLER_0_0_49, 28.84, 13.6, 1.8
FILLER_0_1_51, 28.84, 13.6, 1.8
FILLER_0_0_41, 21.84, 13.6, 1.8
digital_cs_2, 5.52, 46.24, 1.8
digital_cs_3, 5.52, 46.24, 1.8
PHY_24, 5.52, 46.24, 1.8
PHY_26, 5.52, 46.24, 1.8
FILLER_0_13_21, 13.68, 46.24, 1.8
PHY_20, 5.52, 40.8, 1.8
PHY_22, 5.52, 40.8, 1.8
PHY_16, 5.52, 35.36, 1.8
PHY_18, 5.52, 35.36, 1.8
PHY_12, 5.52, 29.92, 1.8
PHY_14, 5.52, 29.92, 1.8
PHY_8, 5.52, 24.48, 1.8
PHY_10, 5.52, 24.48, 1.8
PHY_4, 5.52, 19.04, 1.8
PHY_6, 5.52, 19.04, 1.8
PHY_0, 5.52, 13.6, 1.8
PHY_2, 5.52, 13.6, 1.8

