Instance name,  X location,  Y location,  Voltage 
FILLER_0_12_77, 39.14, 43.52, 5.7638e-11
FILLER_0_10_77, 39.14, 38.08, 5.31653e-11
FILLER_0_8_77, 39.14, 32.64, 5.05904e-11
digital_cs_4, 39.14, 27.2, 5.19636e-11
FILLER_0_4_77, 39.14, 21.76, 5.47826e-11
FILLER_0_2_77, 39.14, 16.32, 5.65636e-11
FILLER_0_13_53, 32.14, 48.96, 4.63204e-11
FILLER_0_11_51, 32.14, 43.52, 5.47577e-11
FILLER_0_9_51, 32.14, 38.08, 4.8149e-11
FILLER_0_7_51, 32.14, 32.64, 4.50861e-11
FILLER_0_5_51, 32.14, 27.2, 4.63361e-11
FILLER_0_3_51, 32.14, 21.76, 4.92269e-11
FILLER_0_1_51, 32.14, 16.32, 5.10996e-11
digital_cs_1, 32.14, 10.88, 4.96718e-11
FILLER_0_0_41, 25.14, 10.88, 5.36949e-11
FILLER_0_0_49, 25.14, 10.88, 5.36949e-11
PHY_26, 5.52, 48.96, 7.32452e-11
PHY_27, 44.16, 48.96, 5.01453e-11
FILLER_0_13_21, 15.33, 48.96, 6.49679e-11
digital_cs_2, 5.52, 43.52, 1.26156e-10
digital_cs_3, 5.52, 43.52, 1.26156e-10
PHY_22, 5.52, 43.52, 1.26156e-10
PHY_24, 5.52, 43.52, 1.26156e-10
PHY_23, 44.16, 43.52, 6.61093e-11
PHY_25, 44.16, 43.52, 6.61093e-11
PHY_18, 5.52, 38.08, 8.10346e-11
PHY_20, 5.52, 38.08, 8.10346e-11
PHY_19, 44.16, 38.08, 6.16366e-11
PHY_21, 44.16, 38.08, 6.16366e-11
PHY_14, 5.52, 32.64, 7.73528e-11
PHY_16, 5.52, 32.64, 7.73528e-11
PHY_15, 44.16, 32.64, 5.90617e-11
PHY_17, 44.16, 32.64, 5.90617e-11
PHY_10, 5.52, 27.2, 7.85412e-11
PHY_12, 5.52, 27.2, 7.85412e-11
PHY_11, 44.16, 27.2, 6.0435e-11
PHY_13, 44.16, 27.2, 6.0435e-11
PHY_6, 5.52, 21.76, 8.16334e-11
PHY_8, 5.52, 21.76, 8.16334e-11
PHY_7, 44.16, 21.76, 6.32539e-11
PHY_9, 44.16, 21.76, 6.32539e-11
PHY_2, 5.52, 16.32, 8.3675e-11
PHY_4, 5.52, 16.32, 8.3675e-11
PHY_3, 44.16, 16.32, 6.50349e-11
PHY_5, 44.16, 16.32, 6.50349e-11
PHY_0, 5.52, 10.88, 7.02495e-11
PHY_1, 44.16, 10.88, 5.32467e-11

