
===========================================================================
report_checks -path_delay min (Hold)
============================================================================
======================= Typical Corner ===================================

Startpoint: _133_ (rising edge-triggered flip-flop clocked by clk)
Endpoint: _133_ (rising edge-triggered flip-flop clocked by clk)
Path Group: clk
Path Type: min

Fanout     Cap    Slew   Delay    Time   Description
-----------------------------------------------------------------------------
                          0.00    0.00   clock clk (rise edge)
                          0.00    0.00   clock source latency
                  0.04    0.03    0.03 ^ clk (in)
     1    0.01                           clk (net)
                  0.04    0.00    0.03 ^ clkbuf_0_clk/A (sky130_fd_sc_hd__clkbuf_16)
                  0.04    0.11    0.14 ^ clkbuf_0_clk/X (sky130_fd_sc_hd__clkbuf_16)
     2    0.02                           clknet_0_clk (net)
                  0.04    0.00    0.14 ^ clkbuf_1_1__f_clk/A (sky130_fd_sc_hd__clkbuf_16)
                  0.04    0.11    0.25 ^ clkbuf_1_1__f_clk/X (sky130_fd_sc_hd__clkbuf_16)
     5    0.01                           clknet_1_1__leaf_clk (net)
                  0.04    0.00    0.25 ^ _133_/CLK (sky130_fd_sc_hd__dfxtp_1)
                  0.14    0.35    0.60 ^ _133_/Q (sky130_fd_sc_hd__dfxtp_1)
     4    0.01                           count[8] (net)
                  0.14    0.00    0.60 ^ _113_/A (sky130_fd_sc_hd__xnor2_1)
                  0.04    0.08    0.69 v _113_/Y (sky130_fd_sc_hd__xnor2_1)
     1    0.00                           _057_ (net)
                  0.04    0.00    0.69 v _114_/B1 (sky130_fd_sc_hd__o211a_1)
                  0.03    0.11    0.79 v _114_/X (sky130_fd_sc_hd__o211a_1)
     1    0.00                           _008_ (net)
                  0.03    0.00    0.79 v _133_/D (sky130_fd_sc_hd__dfxtp_1)
                                  0.79   data arrival time

                          0.00    0.00   clock clk (rise edge)
                          0.00    0.00   clock source latency
                  0.04    0.03    0.03 ^ clk (in)
     1    0.01                           clk (net)
                  0.04    0.00    0.03 ^ clkbuf_0_clk/A (sky130_fd_sc_hd__clkbuf_16)
                  0.04    0.13    0.16 ^ clkbuf_0_clk/X (sky130_fd_sc_hd__clkbuf_16)
     2    0.02                           clknet_0_clk (net)
                  0.04    0.00    0.16 ^ clkbuf_1_1__f_clk/A (sky130_fd_sc_hd__clkbuf_16)
                  0.04    0.12    0.28 ^ clkbuf_1_1__f_clk/X (sky130_fd_sc_hd__clkbuf_16)
     5    0.01                           clknet_1_1__leaf_clk (net)
                  0.04    0.00    0.28 ^ _133_/CLK (sky130_fd_sc_hd__dfxtp_1)
                          0.25    0.53   clock uncertainty
                         -0.03    0.50   clock reconvergence pessimism
                         -0.05    0.46   library hold time
                                  0.46   data required time
-----------------------------------------------------------------------------
                                  0.46   data required time
                                 -0.79   data arrival time
-----------------------------------------------------------------------------
                                  0.34   slack (MET)


Startpoint: _126_ (rising edge-triggered flip-flop clocked by clk)
Endpoint: _126_ (rising edge-triggered flip-flop clocked by clk)
Path Group: clk
Path Type: min

Fanout     Cap    Slew   Delay    Time   Description
-----------------------------------------------------------------------------
                          0.00    0.00   clock clk (rise edge)
                          0.00    0.00   clock source latency
                  0.04    0.03    0.03 ^ clk (in)
     1    0.01                           clk (net)
                  0.04    0.00    0.03 ^ clkbuf_0_clk/A (sky130_fd_sc_hd__clkbuf_16)
                  0.04    0.11    0.14 ^ clkbuf_0_clk/X (sky130_fd_sc_hd__clkbuf_16)
     2    0.02                           clknet_0_clk (net)
                  0.04    0.00    0.14 ^ clkbuf_1_0__f_clk/A (sky130_fd_sc_hd__clkbuf_16)
                  0.04    0.12    0.26 ^ clkbuf_1_0__f_clk/X (sky130_fd_sc_hd__clkbuf_16)
     7    0.02                           clknet_1_0__leaf_clk (net)
                  0.04    0.00    0.26 ^ _126_/CLK (sky130_fd_sc_hd__dfxtp_2)
                  0.12    0.35    0.61 ^ _126_/Q (sky130_fd_sc_hd__dfxtp_2)
     8    0.02                           count[1] (net)
                  0.12    0.00    0.61 ^ _088_/B (sky130_fd_sc_hd__nand2_1)
                  0.05    0.07    0.68 v _088_/Y (sky130_fd_sc_hd__nand2_1)
     1    0.00                           _039_ (net)
                  0.05    0.00    0.68 v _090_/B1 (sky130_fd_sc_hd__o2111a_1)
                  0.03    0.13    0.81 v _090_/X (sky130_fd_sc_hd__o2111a_1)
     1    0.00                           _001_ (net)
                  0.03    0.00    0.81 v _126_/D (sky130_fd_sc_hd__dfxtp_2)
                                  0.81   data arrival time

                          0.00    0.00   clock clk (rise edge)
                          0.00    0.00   clock source latency
                  0.04    0.03    0.03 ^ clk (in)
     1    0.01                           clk (net)
                  0.04    0.00    0.03 ^ clkbuf_0_clk/A (sky130_fd_sc_hd__clkbuf_16)
                  0.04    0.13    0.16 ^ clkbuf_0_clk/X (sky130_fd_sc_hd__clkbuf_16)
     2    0.02                           clknet_0_clk (net)
                  0.04    0.00    0.16 ^ clkbuf_1_0__f_clk/A (sky130_fd_sc_hd__clkbuf_16)
                  0.04    0.13    0.29 ^ clkbuf_1_0__f_clk/X (sky130_fd_sc_hd__clkbuf_16)
     7    0.02                           clknet_1_0__leaf_clk (net)
                  0.04    0.00    0.29 ^ _126_/CLK (sky130_fd_sc_hd__dfxtp_2)
                          0.25    0.54   clock uncertainty
                         -0.03    0.51   clock reconvergence pessimism
                         -0.04    0.47   library hold time
                                  0.47   data required time
-----------------------------------------------------------------------------
                                  0.47   data required time
                                 -0.81   data arrival time
-----------------------------------------------------------------------------
                                  0.34   slack (MET)


Startpoint: _132_ (rising edge-triggered flip-flop clocked by clk)
Endpoint: _132_ (rising edge-triggered flip-flop clocked by clk)
Path Group: clk
Path Type: min

Fanout     Cap    Slew   Delay    Time   Description
-----------------------------------------------------------------------------
                          0.00    0.00   clock clk (rise edge)
                          0.00    0.00   clock source latency
                  0.04    0.03    0.03 ^ clk (in)
     1    0.01                           clk (net)
                  0.04    0.00    0.03 ^ clkbuf_0_clk/A (sky130_fd_sc_hd__clkbuf_16)
                  0.04    0.11    0.14 ^ clkbuf_0_clk/X (sky130_fd_sc_hd__clkbuf_16)
     2    0.02                           clknet_0_clk (net)
                  0.04    0.00    0.14 ^ clkbuf_1_1__f_clk/A (sky130_fd_sc_hd__clkbuf_16)
                  0.04    0.11    0.25 ^ clkbuf_1_1__f_clk/X (sky130_fd_sc_hd__clkbuf_16)
     5    0.01                           clknet_1_1__leaf_clk (net)
                  0.04    0.00    0.25 ^ _132_/CLK (sky130_fd_sc_hd__dfxtp_1)
                  0.07    0.31    0.57 v _132_/Q (sky130_fd_sc_hd__dfxtp_1)
     5    0.01                           count[7] (net)
                  0.07    0.00    0.57 v _110_/A (sky130_fd_sc_hd__nand2_1)
                  0.09    0.10    0.66 ^ _110_/Y (sky130_fd_sc_hd__nand2_1)
     2    0.01                           _055_ (net)
                  0.09    0.00    0.66 ^ _112_/B1 (sky130_fd_sc_hd__o2111a_1)
                  0.04    0.17    0.83 ^ _112_/X (sky130_fd_sc_hd__o2111a_1)
     1    0.00                           _007_ (net)
                  0.04    0.00    0.83 ^ _132_/D (sky130_fd_sc_hd__dfxtp_1)
                                  0.83   data arrival time

                          0.00    0.00   clock clk (rise edge)
                          0.00    0.00   clock source latency
                  0.04    0.03    0.03 ^ clk (in)
     1    0.01                           clk (net)
                  0.04    0.00    0.03 ^ clkbuf_0_clk/A (sky130_fd_sc_hd__clkbuf_16)
                  0.04    0.13    0.16 ^ clkbuf_0_clk/X (sky130_fd_sc_hd__clkbuf_16)
     2    0.02                           clknet_0_clk (net)
                  0.04    0.00    0.16 ^ clkbuf_1_1__f_clk/A (sky130_fd_sc_hd__clkbuf_16)
                  0.04    0.12    0.28 ^ clkbuf_1_1__f_clk/X (sky130_fd_sc_hd__clkbuf_16)
     5    0.01                           clknet_1_1__leaf_clk (net)
                  0.04    0.00    0.28 ^ _132_/CLK (sky130_fd_sc_hd__dfxtp_1)
                          0.25    0.53   clock uncertainty
                         -0.03    0.50   clock reconvergence pessimism
                         -0.03    0.47   library hold time
                                  0.47   data required time
-----------------------------------------------------------------------------
                                  0.47   data required time
                                 -0.83   data arrival time
-----------------------------------------------------------------------------
                                  0.36   slack (MET)


Startpoint: _128_ (rising edge-triggered flip-flop clocked by clk)
Endpoint: _128_ (rising edge-triggered flip-flop clocked by clk)
Path Group: clk
Path Type: min

Fanout     Cap    Slew   Delay    Time   Description
-----------------------------------------------------------------------------
                          0.00    0.00   clock clk (rise edge)
                          0.00    0.00   clock source latency
                  0.04    0.03    0.03 ^ clk (in)
     1    0.01                           clk (net)
                  0.04    0.00    0.03 ^ clkbuf_0_clk/A (sky130_fd_sc_hd__clkbuf_16)
                  0.04    0.11    0.14 ^ clkbuf_0_clk/X (sky130_fd_sc_hd__clkbuf_16)
     2    0.02                           clknet_0_clk (net)
                  0.04    0.00    0.14 ^ clkbuf_1_0__f_clk/A (sky130_fd_sc_hd__clkbuf_16)
                  0.04    0.12    0.26 ^ clkbuf_1_0__f_clk/X (sky130_fd_sc_hd__clkbuf_16)
     7    0.02                           clknet_1_0__leaf_clk (net)
                  0.04    0.00    0.26 ^ _128_/CLK (sky130_fd_sc_hd__dfxtp_1)
                  0.06    0.31    0.57 v _128_/Q (sky130_fd_sc_hd__dfxtp_1)
     4    0.01                           count[3] (net)
                  0.06    0.00    0.57 v _096_/A (sky130_fd_sc_hd__nor2_1)
                  0.09    0.11    0.68 ^ _096_/Y (sky130_fd_sc_hd__nor2_1)
     1    0.00                           _045_ (net)
                  0.09    0.00    0.68 ^ _097_/B (sky130_fd_sc_hd__nor2_1)
                  0.03    0.05    0.72 v _097_/Y (sky130_fd_sc_hd__nor2_1)
     1    0.00                           _046_ (net)
                  0.03    0.00    0.72 v _098_/B1 (sky130_fd_sc_hd__o211a_1)
                  0.03    0.11    0.83 v _098_/X (sky130_fd_sc_hd__o211a_1)
     1    0.00                           _003_ (net)
                  0.03    0.00    0.83 v _128_/D (sky130_fd_sc_hd__dfxtp_1)
                                  0.83   data arrival time

                          0.00    0.00   clock clk (rise edge)
                          0.00    0.00   clock source latency
                  0.04    0.03    0.03 ^ clk (in)
     1    0.01                           clk (net)
                  0.04    0.00    0.03 ^ clkbuf_0_clk/A (sky130_fd_sc_hd__clkbuf_16)
                  0.04    0.13    0.16 ^ clkbuf_0_clk/X (sky130_fd_sc_hd__clkbuf_16)
     2    0.02                           clknet_0_clk (net)
                  0.04    0.00    0.16 ^ clkbuf_1_0__f_clk/A (sky130_fd_sc_hd__clkbuf_16)
                  0.04    0.13    0.29 ^ clkbuf_1_0__f_clk/X (sky130_fd_sc_hd__clkbuf_16)
     7    0.02                           clknet_1_0__leaf_clk (net)
                  0.04    0.00    0.29 ^ _128_/CLK (sky130_fd_sc_hd__dfxtp_1)
                          0.25    0.54   clock uncertainty
                         -0.03    0.51   clock reconvergence pessimism
                         -0.05    0.46   library hold time
                                  0.46   data required time
-----------------------------------------------------------------------------
                                  0.46   data required time
                                 -0.83   data arrival time
-----------------------------------------------------------------------------
                                  0.37   slack (MET)


Startpoint: _130_ (rising edge-triggered flip-flop clocked by clk)
Endpoint: _130_ (rising edge-triggered flip-flop clocked by clk)
Path Group: clk
Path Type: min

Fanout     Cap    Slew   Delay    Time   Description
-----------------------------------------------------------------------------
                          0.00    0.00   clock clk (rise edge)
                          0.00    0.00   clock source latency
                  0.04    0.03    0.03 ^ clk (in)
     1    0.01                           clk (net)
                  0.04    0.00    0.03 ^ clkbuf_0_clk/A (sky130_fd_sc_hd__clkbuf_16)
                  0.04    0.11    0.14 ^ clkbuf_0_clk/X (sky130_fd_sc_hd__clkbuf_16)
     2    0.02                           clknet_0_clk (net)
                  0.04    0.00    0.14 ^ clkbuf_1_0__f_clk/A (sky130_fd_sc_hd__clkbuf_16)
                  0.04    0.12    0.26 ^ clkbuf_1_0__f_clk/X (sky130_fd_sc_hd__clkbuf_16)
     7    0.02                           clknet_1_0__leaf_clk (net)
                  0.04    0.00    0.26 ^ _130_/CLK (sky130_fd_sc_hd__dfxtp_1)
                  0.05    0.30    0.56 v _130_/Q (sky130_fd_sc_hd__dfxtp_1)
     4    0.01                           count[5] (net)
                  0.05    0.00    0.56 v _103_/B1 (sky130_fd_sc_hd__a21oi_1)
                  0.10    0.12    0.68 ^ _103_/Y (sky130_fd_sc_hd__a21oi_1)
     1    0.00                           _050_ (net)
                  0.10    0.00    0.68 ^ _104_/B (sky130_fd_sc_hd__nor2_1)
                  0.04    0.05    0.73 v _104_/Y (sky130_fd_sc_hd__nor2_1)
     1    0.00                           _051_ (net)
                  0.04    0.00    0.73 v _105_/B1 (sky130_fd_sc_hd__o211a_1)
                  0.03    0.11    0.84 v _105_/X (sky130_fd_sc_hd__o211a_1)
     1    0.00                           _005_ (net)
                  0.03    0.00    0.84 v _130_/D (sky130_fd_sc_hd__dfxtp_1)
                                  0.84   data arrival time

                          0.00    0.00   clock clk (rise edge)
                          0.00    0.00   clock source latency
                  0.04    0.03    0.03 ^ clk (in)
     1    0.01                           clk (net)
                  0.04    0.00    0.03 ^ clkbuf_0_clk/A (sky130_fd_sc_hd__clkbuf_16)
                  0.04    0.13    0.16 ^ clkbuf_0_clk/X (sky130_fd_sc_hd__clkbuf_16)
     2    0.02                           clknet_0_clk (net)
                  0.04    0.00    0.16 ^ clkbuf_1_0__f_clk/A (sky130_fd_sc_hd__clkbuf_16)
                  0.04    0.13    0.29 ^ clkbuf_1_0__f_clk/X (sky130_fd_sc_hd__clkbuf_16)
     7    0.02                           clknet_1_0__leaf_clk (net)
                  0.04    0.00    0.29 ^ _130_/CLK (sky130_fd_sc_hd__dfxtp_1)
                          0.25    0.54   clock uncertainty
                         -0.03    0.51   clock reconvergence pessimism
                         -0.05    0.46   library hold time
                                  0.46   data required time
-----------------------------------------------------------------------------
                                  0.46   data required time
                                 -0.84   data arrival time
-----------------------------------------------------------------------------
                                  0.38   slack (MET)


Startpoint: _127_ (rising edge-triggered flip-flop clocked by clk)
Endpoint: _127_ (rising edge-triggered flip-flop clocked by clk)
Path Group: clk
Path Type: min

Fanout     Cap    Slew   Delay    Time   Description
-----------------------------------------------------------------------------
                          0.00    0.00   clock clk (rise edge)
                          0.00    0.00   clock source latency
                  0.04    0.03    0.03 ^ clk (in)
     1    0.01                           clk (net)
                  0.04    0.00    0.03 ^ clkbuf_0_clk/A (sky130_fd_sc_hd__clkbuf_16)
                  0.04    0.11    0.14 ^ clkbuf_0_clk/X (sky130_fd_sc_hd__clkbuf_16)
     2    0.02                           clknet_0_clk (net)
                  0.04    0.00    0.14 ^ clkbuf_1_0__f_clk/A (sky130_fd_sc_hd__clkbuf_16)
                  0.04    0.12    0.26 ^ clkbuf_1_0__f_clk/X (sky130_fd_sc_hd__clkbuf_16)
     7    0.02                           clknet_1_0__leaf_clk (net)
                  0.04    0.00    0.26 ^ _127_/CLK (sky130_fd_sc_hd__dfxtp_1)
                  0.07    0.31    0.57 v _127_/Q (sky130_fd_sc_hd__dfxtp_1)
     5    0.01                           count[2] (net)
                  0.07    0.00    0.57 v _092_/B1 (sky130_fd_sc_hd__a21oi_1)
                  0.11    0.13    0.70 ^ _092_/Y (sky130_fd_sc_hd__a21oi_1)
     1    0.00                           _042_ (net)
                  0.11    0.00    0.70 ^ _093_/B (sky130_fd_sc_hd__nor2_1)
                  0.03    0.05    0.75 v _093_/Y (sky130_fd_sc_hd__nor2_1)
     1    0.00                           _043_ (net)
                  0.03    0.00    0.75 v _094_/B1 (sky130_fd_sc_hd__o211a_1)
                  0.03    0.11    0.86 v _094_/X (sky130_fd_sc_hd__o211a_1)
     1    0.00                           _002_ (net)
                  0.03    0.00    0.86 v _127_/D (sky130_fd_sc_hd__dfxtp_1)
                                  0.86   data arrival time

                          0.00    0.00   clock clk (rise edge)
                          0.00    0.00   clock source latency
                  0.04    0.03    0.03 ^ clk (in)
     1    0.01                           clk (net)
                  0.04    0.00    0.03 ^ clkbuf_0_clk/A (sky130_fd_sc_hd__clkbuf_16)
                  0.04    0.13    0.16 ^ clkbuf_0_clk/X (sky130_fd_sc_hd__clkbuf_16)
     2    0.02                           clknet_0_clk (net)
                  0.04    0.00    0.16 ^ clkbuf_1_0__f_clk/A (sky130_fd_sc_hd__clkbuf_16)
                  0.04    0.13    0.29 ^ clkbuf_1_0__f_clk/X (sky130_fd_sc_hd__clkbuf_16)
     7    0.02                           clknet_1_0__leaf_clk (net)
                  0.04    0.00    0.29 ^ _127_/CLK (sky130_fd_sc_hd__dfxtp_1)
                          0.25    0.54   clock uncertainty
                         -0.03    0.51   clock reconvergence pessimism
                         -0.05    0.46   library hold time
                                  0.46   data required time
-----------------------------------------------------------------------------
                                  0.46   data required time
                                 -0.86   data arrival time
-----------------------------------------------------------------------------
                                  0.39   slack (MET)


Startpoint: _129_ (rising edge-triggered flip-flop clocked by clk)
Endpoint: _129_ (rising edge-triggered flip-flop clocked by clk)
Path Group: clk
Path Type: min

Fanout     Cap    Slew   Delay    Time   Description
-----------------------------------------------------------------------------
                          0.00    0.00   clock clk (rise edge)
                          0.00    0.00   clock source latency
                  0.04    0.03    0.03 ^ clk (in)
     1    0.01                           clk (net)
                  0.04    0.00    0.03 ^ clkbuf_0_clk/A (sky130_fd_sc_hd__clkbuf_16)
                  0.04    0.11    0.14 ^ clkbuf_0_clk/X (sky130_fd_sc_hd__clkbuf_16)
     2    0.02                           clknet_0_clk (net)
                  0.04    0.00    0.14 ^ clkbuf_1_0__f_clk/A (sky130_fd_sc_hd__clkbuf_16)
                  0.04    0.12    0.26 ^ clkbuf_1_0__f_clk/X (sky130_fd_sc_hd__clkbuf_16)
     7    0.02                           clknet_1_0__leaf_clk (net)
                  0.04    0.00    0.26 ^ _129_/CLK (sky130_fd_sc_hd__dfxtp_1)
                  0.15    0.36    0.62 ^ _129_/Q (sky130_fd_sc_hd__dfxtp_1)
     6    0.02                           count[4] (net)
                  0.15    0.00    0.62 ^ _100_/A (sky130_fd_sc_hd__or2_1)
                  0.05    0.12    0.74 ^ _100_/X (sky130_fd_sc_hd__or2_1)
     1    0.00                           _048_ (net)
                  0.05    0.00    0.74 ^ _101_/C1 (sky130_fd_sc_hd__o2111a_1)
                  0.05    0.16    0.90 ^ _101_/X (sky130_fd_sc_hd__o2111a_1)
     1    0.00                           _004_ (net)
                  0.05    0.00    0.90 ^ _129_/D (sky130_fd_sc_hd__dfxtp_1)
                                  0.90   data arrival time

                          0.00    0.00   clock clk (rise edge)
                          0.00    0.00   clock source latency
                  0.04    0.03    0.03 ^ clk (in)
     1    0.01                           clk (net)
                  0.04    0.00    0.03 ^ clkbuf_0_clk/A (sky130_fd_sc_hd__clkbuf_16)
                  0.04    0.13    0.16 ^ clkbuf_0_clk/X (sky130_fd_sc_hd__clkbuf_16)
     2    0.02                           clknet_0_clk (net)
                  0.04    0.00    0.16 ^ clkbuf_1_0__f_clk/A (sky130_fd_sc_hd__clkbuf_16)
                  0.04    0.13    0.29 ^ clkbuf_1_0__f_clk/X (sky130_fd_sc_hd__clkbuf_16)
     7    0.02                           clknet_1_0__leaf_clk (net)
                  0.04    0.00    0.29 ^ _129_/CLK (sky130_fd_sc_hd__dfxtp_1)
                          0.25    0.54   clock uncertainty
                         -0.03    0.51   clock reconvergence pessimism
                         -0.03    0.48   library hold time
                                  0.48   data required time
-----------------------------------------------------------------------------
                                  0.48   data required time
                                 -0.90   data arrival time
-----------------------------------------------------------------------------
                                  0.42   slack (MET)


Startpoint: _134_ (rising edge-triggered flip-flop clocked by clk)
Endpoint: _134_ (rising edge-triggered flip-flop clocked by clk)
Path Group: clk
Path Type: min

Fanout     Cap    Slew   Delay    Time   Description
-----------------------------------------------------------------------------
                          0.00    0.00   clock clk (rise edge)
                          0.00    0.00   clock source latency
                  0.04    0.03    0.03 ^ clk (in)
     1    0.01                           clk (net)
                  0.04    0.00    0.03 ^ clkbuf_0_clk/A (sky130_fd_sc_hd__clkbuf_16)
                  0.04    0.11    0.14 ^ clkbuf_0_clk/X (sky130_fd_sc_hd__clkbuf_16)
     2    0.02                           clknet_0_clk (net)
                  0.04    0.00    0.14 ^ clkbuf_1_1__f_clk/A (sky130_fd_sc_hd__clkbuf_16)
                  0.04    0.11    0.25 ^ clkbuf_1_1__f_clk/X (sky130_fd_sc_hd__clkbuf_16)
     5    0.01                           clknet_1_1__leaf_clk (net)
                  0.04    0.00    0.25 ^ _134_/CLK (sky130_fd_sc_hd__dfxtp_1)
                  0.09    0.32    0.57 ^ _134_/Q (sky130_fd_sc_hd__dfxtp_1)
     3    0.01                           count[9] (net)
                  0.09    0.00    0.57 ^ _116_/B1 (sky130_fd_sc_hd__a31o_1)
                  0.04    0.10    0.67 ^ _116_/X (sky130_fd_sc_hd__a31o_1)
     1    0.00                           _059_ (net)
                  0.04    0.00    0.67 ^ _117_/B (sky130_fd_sc_hd__and2b_1)
                  0.05    0.11    0.78 ^ _117_/X (sky130_fd_sc_hd__and2b_1)
     1    0.00                           _060_ (net)
                  0.05    0.00    0.78 ^ _118_/B1 (sky130_fd_sc_hd__o211a_1)
                  0.04    0.13    0.90 ^ _118_/X (sky130_fd_sc_hd__o211a_1)
     1    0.00                           _009_ (net)
                  0.04    0.00    0.90 ^ _134_/D (sky130_fd_sc_hd__dfxtp_1)
                                  0.90   data arrival time

                          0.00    0.00   clock clk (rise edge)
                          0.00    0.00   clock source latency
                  0.04    0.03    0.03 ^ clk (in)
     1    0.01                           clk (net)
                  0.04    0.00    0.03 ^ clkbuf_0_clk/A (sky130_fd_sc_hd__clkbuf_16)
                  0.04    0.13    0.16 ^ clkbuf_0_clk/X (sky130_fd_sc_hd__clkbuf_16)
     2    0.02                           clknet_0_clk (net)
                  0.04    0.00    0.16 ^ clkbuf_1_1__f_clk/A (sky130_fd_sc_hd__clkbuf_16)
                  0.04    0.12    0.28 ^ clkbuf_1_1__f_clk/X (sky130_fd_sc_hd__clkbuf_16)
     5    0.01                           clknet_1_1__leaf_clk (net)
                  0.04    0.00    0.28 ^ _134_/CLK (sky130_fd_sc_hd__dfxtp_1)
                          0.25    0.53   clock uncertainty
                         -0.03    0.50   clock reconvergence pessimism
                         -0.03    0.47   library hold time
                                  0.47   data required time
-----------------------------------------------------------------------------
                                  0.47   data required time
                                 -0.90   data arrival time
-----------------------------------------------------------------------------
                                  0.43   slack (MET)


Startpoint: _125_ (rising edge-triggered flip-flop clocked by clk)
Endpoint: _136_ (rising edge-triggered flip-flop clocked by clk)
Path Group: clk
Path Type: min

Fanout     Cap    Slew   Delay    Time   Description
-----------------------------------------------------------------------------
                          0.00    0.00   clock clk (rise edge)
                          0.00    0.00   clock source latency
                  0.04    0.03    0.03 ^ clk (in)
     1    0.01                           clk (net)
                  0.04    0.00    0.03 ^ clkbuf_0_clk/A (sky130_fd_sc_hd__clkbuf_16)
                  0.04    0.11    0.14 ^ clkbuf_0_clk/X (sky130_fd_sc_hd__clkbuf_16)
     2    0.02                           clknet_0_clk (net)
                  0.04    0.00    0.14 ^ clkbuf_1_0__f_clk/A (sky130_fd_sc_hd__clkbuf_16)
                  0.04    0.12    0.26 ^ clkbuf_1_0__f_clk/X (sky130_fd_sc_hd__clkbuf_16)
     7    0.02                           clknet_1_0__leaf_clk (net)
                  0.04    0.00    0.26 ^ _125_/CLK (sky130_fd_sc_hd__dfxtp_1)
                  0.09    0.33    0.59 v _125_/Q (sky130_fd_sc_hd__dfxtp_1)
     8    0.02                           count[0] (net)
                  0.09    0.00    0.59 v _075_/B (sky130_fd_sc_hd__nand2_1)
                  0.04    0.08    0.67 ^ _075_/Y (sky130_fd_sc_hd__nand2_1)
     1    0.00                           _028_ (net)
                  0.04    0.00    0.67 ^ _076_/D (sky130_fd_sc_hd__and4b_1)
                  0.06    0.17    0.85 ^ _076_/X (sky130_fd_sc_hd__and4b_1)
     1    0.00                           _029_ (net)
                  0.06    0.00    0.85 ^ _077_/A (sky130_fd_sc_hd__clkbuf_2)
                  0.06    0.12    0.96 ^ _077_/X (sky130_fd_sc_hd__clkbuf_2)
     2    0.01                           net6 (net)
                  0.06    0.00    0.96 ^ _136_/D (sky130_fd_sc_hd__dfxtp_1)
                                  0.96   data arrival time

                          0.00    0.00   clock clk (rise edge)
                          0.00    0.00   clock source latency
                  0.04    0.03    0.03 ^ clk (in)
     1    0.01                           clk (net)
                  0.04    0.00    0.03 ^ clkbuf_0_clk/A (sky130_fd_sc_hd__clkbuf_16)
                  0.04    0.13    0.16 ^ clkbuf_0_clk/X (sky130_fd_sc_hd__clkbuf_16)
     2    0.02                           clknet_0_clk (net)
                  0.04    0.00    0.16 ^ clkbuf_1_1__f_clk/A (sky130_fd_sc_hd__clkbuf_16)
                  0.04    0.12    0.28 ^ clkbuf_1_1__f_clk/X (sky130_fd_sc_hd__clkbuf_16)
     5    0.01                           clknet_1_1__leaf_clk (net)
                  0.04    0.00    0.28 ^ _136_/CLK (sky130_fd_sc_hd__dfxtp_1)
                          0.25    0.53   clock uncertainty
                         -0.01    0.52   clock reconvergence pessimism
                         -0.04    0.48   library hold time
                                  0.48   data required time
-----------------------------------------------------------------------------
                                  0.48   data required time
                                 -0.96   data arrival time
-----------------------------------------------------------------------------
                                  0.49   slack (MET)


Startpoint: _130_ (rising edge-triggered flip-flop clocked by clk)
Endpoint: _131_ (rising edge-triggered flip-flop clocked by clk)
Path Group: clk
Path Type: min

Fanout     Cap    Slew   Delay    Time   Description
-----------------------------------------------------------------------------
                          0.00    0.00   clock clk (rise edge)
                          0.00    0.00   clock source latency
                  0.04    0.03    0.03 ^ clk (in)
     1    0.01                           clk (net)
                  0.04    0.00    0.03 ^ clkbuf_0_clk/A (sky130_fd_sc_hd__clkbuf_16)
                  0.04    0.11    0.14 ^ clkbuf_0_clk/X (sky130_fd_sc_hd__clkbuf_16)
     2    0.02                           clknet_0_clk (net)
                  0.04    0.00    0.14 ^ clkbuf_1_0__f_clk/A (sky130_fd_sc_hd__clkbuf_16)
                  0.04    0.12    0.26 ^ clkbuf_1_0__f_clk/X (sky130_fd_sc_hd__clkbuf_16)
     7    0.02                           clknet_1_0__leaf_clk (net)
                  0.04    0.00    0.26 ^ _130_/CLK (sky130_fd_sc_hd__dfxtp_1)
                  0.05    0.30    0.56 v _130_/Q (sky130_fd_sc_hd__dfxtp_1)
     4    0.01                           count[5] (net)
                  0.05    0.00    0.56 v _102_/A (sky130_fd_sc_hd__and3_1)
                  0.05    0.15    0.71 v _102_/X (sky130_fd_sc_hd__and3_1)
     2    0.01                           _049_ (net)
                  0.05    0.00    0.71 v _107_/B (sky130_fd_sc_hd__nor2_1)
                  0.08    0.08    0.80 ^ _107_/Y (sky130_fd_sc_hd__nor2_1)
     1    0.00                           _053_ (net)
                  0.08    0.00    0.80 ^ _108_/B (sky130_fd_sc_hd__nor2_1)
                  0.03    0.04    0.84 v _108_/Y (sky130_fd_sc_hd__nor2_1)
     1    0.00                           _054_ (net)
                  0.03    0.00    0.84 v _109_/B1 (sky130_fd_sc_hd__o211a_1)
                  0.03    0.11    0.95 v _109_/X (sky130_fd_sc_hd__o211a_1)
     1    0.00                           _006_ (net)
                  0.03    0.00    0.95 v _131_/D (sky130_fd_sc_hd__dfxtp_1)
                                  0.95   data arrival time

                          0.00    0.00   clock clk (rise edge)
                          0.00    0.00   clock source latency
                  0.04    0.03    0.03 ^ clk (in)
     1    0.01                           clk (net)
                  0.04    0.00    0.03 ^ clkbuf_0_clk/A (sky130_fd_sc_hd__clkbuf_16)
                  0.04    0.13    0.16 ^ clkbuf_0_clk/X (sky130_fd_sc_hd__clkbuf_16)
     2    0.02                           clknet_0_clk (net)
                  0.04    0.00    0.16 ^ clkbuf_1_0__f_clk/A (sky130_fd_sc_hd__clkbuf_16)
                  0.04    0.13    0.29 ^ clkbuf_1_0__f_clk/X (sky130_fd_sc_hd__clkbuf_16)
     7    0.02                           clknet_1_0__leaf_clk (net)
                  0.04    0.00    0.29 ^ _131_/CLK (sky130_fd_sc_hd__dfxtp_1)
                          0.25    0.54   clock uncertainty
                         -0.03    0.51   clock reconvergence pessimism
                         -0.05    0.46   library hold time
                                  0.46   data required time
-----------------------------------------------------------------------------
                                  0.46   data required time
                                 -0.95   data arrival time
-----------------------------------------------------------------------------
                                  0.49   slack (MET)


Startpoint: _134_ (rising edge-triggered flip-flop clocked by clk)
Endpoint: _135_ (rising edge-triggered flip-flop clocked by clk)
Path Group: clk
Path Type: min

Fanout     Cap    Slew   Delay    Time   Description
-----------------------------------------------------------------------------
                          0.00    0.00   clock clk (rise edge)
                          0.00    0.00   clock source latency
                  0.04    0.03    0.03 ^ clk (in)
     1    0.01                           clk (net)
                  0.04    0.00    0.03 ^ clkbuf_0_clk/A (sky130_fd_sc_hd__clkbuf_16)
                  0.04    0.11    0.14 ^ clkbuf_0_clk/X (sky130_fd_sc_hd__clkbuf_16)
     2    0.02                           clknet_0_clk (net)
                  0.04    0.00    0.14 ^ clkbuf_1_1__f_clk/A (sky130_fd_sc_hd__clkbuf_16)
                  0.04    0.11    0.25 ^ clkbuf_1_1__f_clk/X (sky130_fd_sc_hd__clkbuf_16)
     5    0.01                           clknet_1_1__leaf_clk (net)
                  0.04    0.00    0.25 ^ _134_/CLK (sky130_fd_sc_hd__dfxtp_1)
                  0.09    0.32    0.57 ^ _134_/Q (sky130_fd_sc_hd__dfxtp_1)
     3    0.01                           count[9] (net)
                  0.09    0.00    0.57 ^ _115_/B (sky130_fd_sc_hd__and4_1)
                  0.09    0.20    0.77 ^ _115_/X (sky130_fd_sc_hd__and4_1)
     2    0.01                           _058_ (net)
                  0.09    0.00    0.77 ^ _119_/B (sky130_fd_sc_hd__xor2_1)
                  0.04    0.07    0.84 v _119_/X (sky130_fd_sc_hd__xor2_1)
     1    0.00                           _061_ (net)
                  0.04    0.00    0.84 v _120_/B1 (sky130_fd_sc_hd__o211a_1)
                  0.03    0.11    0.95 v _120_/X (sky130_fd_sc_hd__o211a_1)
     1    0.00                           _010_ (net)
                  0.03    0.00    0.95 v _135_/D (sky130_fd_sc_hd__dfxtp_1)
                                  0.95   data arrival time

                          0.00    0.00   clock clk (rise edge)
                          0.00    0.00   clock source latency
                  0.04    0.03    0.03 ^ clk (in)
     1    0.01                           clk (net)
                  0.04    0.00    0.03 ^ clkbuf_0_clk/A (sky130_fd_sc_hd__clkbuf_16)
                  0.04    0.13    0.16 ^ clkbuf_0_clk/X (sky130_fd_sc_hd__clkbuf_16)
     2    0.02                           clknet_0_clk (net)
                  0.04    0.00    0.16 ^ clkbuf_1_1__f_clk/A (sky130_fd_sc_hd__clkbuf_16)
                  0.04    0.12    0.28 ^ clkbuf_1_1__f_clk/X (sky130_fd_sc_hd__clkbuf_16)
     5    0.01                           clknet_1_1__leaf_clk (net)
                  0.04    0.00    0.28 ^ _135_/CLK (sky130_fd_sc_hd__dfxtp_1)
                          0.25    0.53   clock uncertainty
                         -0.03    0.50   clock reconvergence pessimism
                         -0.05    0.45   library hold time
                                  0.45   data required time
-----------------------------------------------------------------------------
                                  0.45   data required time
                                 -0.95   data arrival time
-----------------------------------------------------------------------------
                                  0.49   slack (MET)


Startpoint: _135_ (rising edge-triggered flip-flop clocked by clk)
Endpoint: _125_ (rising edge-triggered flip-flop clocked by clk)
Path Group: clk
Path Type: min

Fanout     Cap    Slew   Delay    Time   Description
-----------------------------------------------------------------------------
                          0.00    0.00   clock clk (rise edge)
                          0.00    0.00   clock source latency
                  0.04    0.03    0.03 ^ clk (in)
     1    0.01                           clk (net)
                  0.04    0.00    0.03 ^ clkbuf_0_clk/A (sky130_fd_sc_hd__clkbuf_16)
                  0.04    0.11    0.14 ^ clkbuf_0_clk/X (sky130_fd_sc_hd__clkbuf_16)
     2    0.02                           clknet_0_clk (net)
                  0.04    0.00    0.14 ^ clkbuf_1_1__f_clk/A (sky130_fd_sc_hd__clkbuf_16)
                  0.04    0.11    0.25 ^ clkbuf_1_1__f_clk/X (sky130_fd_sc_hd__clkbuf_16)
     5    0.01                           clknet_1_1__leaf_clk (net)
                  0.04    0.00    0.25 ^ _135_/CLK (sky130_fd_sc_hd__dfxtp_1)
                  0.06    0.30    0.55 ^ _135_/Q (sky130_fd_sc_hd__dfxtp_1)
     2    0.01                           count[10] (net)
                  0.06    0.00    0.55 ^ _073_/A (sky130_fd_sc_hd__or4_1)
                  0.04    0.10    0.65 ^ _073_/X (sky130_fd_sc_hd__or4_1)
     1    0.00                           _026_ (net)
                  0.04    0.00    0.65 ^ _074_/B (sky130_fd_sc_hd__nor2_1)
                  0.03    0.04    0.69 v _074_/Y (sky130_fd_sc_hd__nor2_1)
     2    0.01                           _027_ (net)
                  0.03    0.00    0.69 v _082_/C1 (sky130_fd_sc_hd__o211a_1)
                  0.04    0.11    0.80 v _082_/X (sky130_fd_sc_hd__o211a_1)
     2    0.01                           _034_ (net)
                  0.04    0.00    0.80 v _083_/A (sky130_fd_sc_hd__clkbuf_4)
                  0.06    0.16    0.96 v _083_/X (sky130_fd_sc_hd__clkbuf_4)
    10    0.02                           _035_ (net)
                  0.06    0.00    0.96 v _087_/A2 (sky130_fd_sc_hd__o211a_1)
                  0.03    0.19    1.15 v _087_/X (sky130_fd_sc_hd__o211a_1)
     1    0.00                           _000_ (net)
                  0.03    0.00    1.15 v _125_/D (sky130_fd_sc_hd__dfxtp_1)
                                  1.15   data arrival time

                          0.00    0.00   clock clk (rise edge)
                          0.00    0.00   clock source latency
                  0.04    0.03    0.03 ^ clk (in)
     1    0.01                           clk (net)
                  0.04    0.00    0.03 ^ clkbuf_0_clk/A (sky130_fd_sc_hd__clkbuf_16)
                  0.04    0.13    0.16 ^ clkbuf_0_clk/X (sky130_fd_sc_hd__clkbuf_16)
     2    0.02                           clknet_0_clk (net)
                  0.04    0.00    0.16 ^ clkbuf_1_0__f_clk/A (sky130_fd_sc_hd__clkbuf_16)
                  0.04    0.13    0.29 ^ clkbuf_1_0__f_clk/X (sky130_fd_sc_hd__clkbuf_16)
     7    0.02                           clknet_1_0__leaf_clk (net)
                  0.04    0.00    0.29 ^ _125_/CLK (sky130_fd_sc_hd__dfxtp_1)
                          0.25    0.54   clock uncertainty
                         -0.01    0.52   clock reconvergence pessimism
                         -0.05    0.47   library hold time
                                  0.47   data required time
-----------------------------------------------------------------------------
                                  0.47   data required time
                                 -1.15   data arrival time
-----------------------------------------------------------------------------
                                  0.67   slack (MET)


Startpoint: _136_ (rising edge-triggered flip-flop clocked by clk)
Endpoint: sync_out (output port clocked by clk)
Path Group: clk
Path Type: min

Fanout     Cap    Slew   Delay    Time   Description
-----------------------------------------------------------------------------
                          0.00    0.00   clock clk (rise edge)
                          0.00    0.00   clock source latency
                  0.04    0.03    0.03 ^ clk (in)
     1    0.01                           clk (net)
                  0.04    0.00    0.03 ^ clkbuf_0_clk/A (sky130_fd_sc_hd__clkbuf_16)
                  0.04    0.11    0.14 ^ clkbuf_0_clk/X (sky130_fd_sc_hd__clkbuf_16)
     2    0.02                           clknet_0_clk (net)
                  0.04    0.00    0.14 ^ clkbuf_1_1__f_clk/A (sky130_fd_sc_hd__clkbuf_16)
                  0.04    0.11    0.25 ^ clkbuf_1_1__f_clk/X (sky130_fd_sc_hd__clkbuf_16)
     5    0.01                           clknet_1_1__leaf_clk (net)
                  0.04    0.00    0.25 ^ _136_/CLK (sky130_fd_sc_hd__dfxtp_1)
                  0.02    0.27    0.52 v _136_/Q (sky130_fd_sc_hd__dfxtp_1)
     1    0.00                           net7 (net)
                  0.02    0.00    0.52 v output7/A (sky130_fd_sc_hd__clkbuf_4)
                  0.09    0.17    0.69 v output7/X (sky130_fd_sc_hd__clkbuf_4)
     1    0.04                           sync_out (net)
                  0.09    0.00    0.69 v sync_out (out)
                                  0.69   data arrival time

                          0.00    0.00   clock clk (rise edge)
                          0.00    0.00   clock network delay (propagated)
                          0.25    0.25   clock uncertainty
                          0.00    0.25   clock reconvergence pessimism
                         -1.00   -0.75   output external delay
                                 -0.75   data required time
-----------------------------------------------------------------------------
                                 -0.75   data required time
                                 -0.69   data arrival time
-----------------------------------------------------------------------------
                                  1.44   slack (MET)


Startpoint: _125_ (rising edge-triggered flip-flop clocked by clk)
Endpoint: comb_out (output port clocked by clk)
Path Group: clk
Path Type: min

Fanout     Cap    Slew   Delay    Time   Description
-----------------------------------------------------------------------------
                          0.00    0.00   clock clk (rise edge)
                          0.00    0.00   clock source latency
                  0.04    0.03    0.03 ^ clk (in)
     1    0.01                           clk (net)
                  0.04    0.00    0.03 ^ clkbuf_0_clk/A (sky130_fd_sc_hd__clkbuf_16)
                  0.04    0.11    0.14 ^ clkbuf_0_clk/X (sky130_fd_sc_hd__clkbuf_16)
     2    0.02                           clknet_0_clk (net)
                  0.04    0.00    0.14 ^ clkbuf_1_0__f_clk/A (sky130_fd_sc_hd__clkbuf_16)
                  0.04    0.12    0.26 ^ clkbuf_1_0__f_clk/X (sky130_fd_sc_hd__clkbuf_16)
     7    0.02                           clknet_1_0__leaf_clk (net)
                  0.04    0.00    0.26 ^ _125_/CLK (sky130_fd_sc_hd__dfxtp_1)
                  0.09    0.33    0.59 v _125_/Q (sky130_fd_sc_hd__dfxtp_1)
     8    0.02                           count[0] (net)
                  0.09    0.00    0.59 v _075_/B (sky130_fd_sc_hd__nand2_1)
                  0.04    0.08    0.67 ^ _075_/Y (sky130_fd_sc_hd__nand2_1)
     1    0.00                           _028_ (net)
                  0.04    0.00    0.67 ^ _076_/D (sky130_fd_sc_hd__and4b_1)
                  0.06    0.17    0.85 ^ _076_/X (sky130_fd_sc_hd__and4b_1)
     1    0.00                           _029_ (net)
                  0.06    0.00    0.85 ^ _077_/A (sky130_fd_sc_hd__clkbuf_2)
                  0.06    0.12    0.96 ^ _077_/X (sky130_fd_sc_hd__clkbuf_2)
     2    0.01                           net6 (net)
                  0.06    0.00    0.96 ^ output6/A (sky130_fd_sc_hd__buf_6)
                  0.08    0.12    1.09 ^ output6/X (sky130_fd_sc_hd__buf_6)
     1    0.03                           comb_out (net)
                  0.08    0.00    1.09 ^ comb_out (out)
                                  1.09   data arrival time

                          0.00    0.00   clock clk (rise edge)
                          0.00    0.00   clock network delay (propagated)
                          0.25    0.25   clock uncertainty
                          0.00    0.25   clock reconvergence pessimism
                         -1.00   -0.75   output external delay
                                 -0.75   data required time
-----------------------------------------------------------------------------
                                 -0.75   data required time
                                 -1.09   data arrival time
-----------------------------------------------------------------------------
                                  1.84   slack (MET)



