Instance name,  X location,  Y location,  Voltage 
FILLER_0_12_77, 39.14, 43.52, 6.06274e-11
FILLER_0_10_77, 39.14, 38.08, 5.46835e-11
FILLER_0_8_77, 39.14, 32.64, 5.19975e-11
FILLER_0_6_77, 39.14, 27.2, 5.34905e-11
FILLER_0_4_77, 39.14, 21.76, 5.65481e-11
FILLER_0_1_69, 39.14, 16.32, 6.33937e-11
FILLER_0_2_77, 39.14, 16.32, 6.33937e-11
digital_cs_4, 39.14, 10.88, 5.35996e-11
FILLER_0_13_53, 32.14, 48.96, 4.79514e-11
FILLER_0_11_51, 32.14, 43.52, 5.86687e-11
FILLER_0_9_51, 32.14, 38.08, 4.96073e-11
FILLER_0_7_51, 32.14, 32.64, 4.63692e-11
FILLER_0_5_51, 32.14, 27.2, 4.76658e-11
FILLER_0_3_51, 32.14, 21.76, 5.0713e-11
FILLER_0_1_51, 32.14, 16.32, 5.50214e-11
FILLER_0_0_46, 25.14, 10.88, 5.41725e-11
PHY_26, 5.52, 48.96, 7.48899e-11
PHY_27, 44.16, 48.96, 5.17917e-11
FILLER_0_13_18, 15.33, 48.96, 6.66126e-11
digital_cs_2, 5.52, 43.52, 1.40895e-10
digital_cs_3, 5.52, 43.52, 1.40895e-10
PHY_22, 5.52, 43.52, 1.40895e-10
PHY_24, 5.52, 43.52, 1.40895e-10
PHY_23, 44.16, 43.52, 6.90987e-11
PHY_25, 44.16, 43.52, 6.90987e-11
FILLER_0_12_18, 15.33, 43.52, 1.07786e-10
PHY_18, 5.52, 38.08, 8.24624e-11
PHY_20, 5.52, 38.08, 8.24624e-11
PHY_19, 44.16, 38.08, 6.31548e-11
PHY_21, 44.16, 38.08, 6.31548e-11
PHY_14, 5.52, 32.64, 7.85491e-11
PHY_16, 5.52, 32.64, 7.85491e-11
PHY_15, 44.16, 32.64, 6.04688e-11
PHY_17, 44.16, 32.64, 6.04688e-11
PHY_10, 5.52, 27.2, 7.97445e-11
PHY_12, 5.52, 27.2, 7.97445e-11
PHY_11, 44.16, 27.2, 6.19618e-11
PHY_13, 44.16, 27.2, 6.19618e-11
PHY_6, 5.52, 21.76, 8.29594e-11
PHY_8, 5.52, 21.76, 8.29594e-11
PHY_7, 44.16, 21.76, 6.50194e-11
PHY_9, 44.16, 21.76, 6.50194e-11
PHY_2, 5.52, 16.32, 8.64588e-11
PHY_4, 5.52, 16.32, 8.64588e-11
PHY_3, 44.16, 16.32, 7.1865e-11
PHY_5, 44.16, 16.32, 7.1865e-11
PHY_0, 5.52, 10.88, 7.90043e-11
PHY_1, 44.16, 10.88, 5.78353e-11
digital_cs_1, 15.33, 10.88, 7.0727e-11

