Mon Jun 24 22:56:05 UTC 2024 - Executing "openroad -exit -no_init -python /openlane/scripts/odbpy/lefutil.py get_metal_layers -o /openlane/designs/digital_desing/runs/RUN_2024.06.24_22.56.04/tmp/layers.list /home/celina/open_pdks/sky130A/libs.ref/sky130_fd_sc_hd/techlef/sky130_fd_sc_hd__nom.tlef"

Mon Jun 24 22:56:05 UTC 2024 - Executing "/openlane/scripts/mergeLef.py -o /openlane/designs/digital_desing/runs/RUN_2024.06.24_22.56.04/tmp/merged.nom.lef -i /home/celina/open_pdks/sky130A/libs.ref/sky130_fd_sc_hd/techlef/sky130_fd_sc_hd__nom.tlef {/home/celina/open_pdks/sky130A/libs.ref/sky130_fd_sc_hd/lef/sky130_ef_sc_hd.lef /home/celina/open_pdks/sky130A/libs.ref/sky130_fd_sc_hd/lef/sky130_fd_sc_hd.lef} |& tee /dev/null"

Mon Jun 24 22:56:05 UTC 2024 - Executing "/openlane/scripts/mergeLef.py -o /openlane/designs/digital_desing/runs/RUN_2024.06.24_22.56.04/tmp/merged.min.lef -i /home/celina/open_pdks/sky130A/libs.ref/sky130_fd_sc_hd/techlef/sky130_fd_sc_hd__min.tlef {/home/celina/open_pdks/sky130A/libs.ref/sky130_fd_sc_hd/lef/sky130_ef_sc_hd.lef /home/celina/open_pdks/sky130A/libs.ref/sky130_fd_sc_hd/lef/sky130_fd_sc_hd.lef} |& tee /dev/null"

Mon Jun 24 22:56:05 UTC 2024 - Executing "/openlane/scripts/mergeLef.py -o /openlane/designs/digital_desing/runs/RUN_2024.06.24_22.56.04/tmp/merged.max.lef -i /home/celina/open_pdks/sky130A/libs.ref/sky130_fd_sc_hd/techlef/sky130_fd_sc_hd__max.tlef {/home/celina/open_pdks/sky130A/libs.ref/sky130_fd_sc_hd/lef/sky130_ef_sc_hd.lef /home/celina/open_pdks/sky130A/libs.ref/sky130_fd_sc_hd/lef/sky130_fd_sc_hd.lef} |& tee /dev/null"

Mon Jun 24 22:56:05 UTC 2024 - Executing "python3 /openlane/scripts/mergeLib.py --output /openlane/designs/digital_desing/runs/RUN_2024.06.24_22.56.04/tmp/synthesis/merged.lib --name sky130A_merged /home/celina/open_pdks/sky130A/libs.ref/sky130_fd_sc_hd/lib/sky130_fd_sc_hd__tt_025C_1v80.lib"

Mon Jun 24 22:56:06 UTC 2024 - Executing "python3 /openlane/scripts/libtrim.py --cell-file /openlane/designs/digital_desing/runs/RUN_2024.06.24_22.56.04/tmp/synthesis/trimmed.lib.exclude.list --output /openlane/designs/digital_desing/runs/RUN_2024.06.24_22.56.04/tmp/synthesis/trimmed.lib /openlane/designs/digital_desing/runs/RUN_2024.06.24_22.56.04/tmp/synthesis/merged.lib"

Mon Jun 24 22:56:06 UTC 2024 - Executing "python3 /openlane/scripts/libtrim.py --cell-file /openlane/designs/digital_desing/runs/RUN_2024.06.24_22.56.04/tmp/cts/cts.lib.exclude.list --output /openlane/designs/digital_desing/runs/RUN_2024.06.24_22.56.04/tmp/cts/cts.lib /home/celina/open_pdks/sky130A/libs.ref/sky130_fd_sc_hd/lib/sky130_fd_sc_hd__tt_025C_1v80.lib"

Mon Jun 24 22:56:07 UTC 2024 - Executing "python3 /openlane/scripts/libtrim.py --cell-file /openlane/designs/digital_desing/runs/RUN_2024.06.24_22.56.04/tmp/cts/cts-fastest.lib.exclude.list --output /openlane/designs/digital_desing/runs/RUN_2024.06.24_22.56.04/tmp/cts/cts-fastest.lib /home/celina/open_pdks/sky130A/libs.ref/sky130_fd_sc_hd/lib/sky130_fd_sc_hd__ff_n40C_1v95.lib"

Mon Jun 24 22:56:09 UTC 2024 - Executing "python3 /openlane/scripts/libtrim.py --cell-file /openlane/designs/digital_desing/runs/RUN_2024.06.24_22.56.04/tmp/cts/cts-slowest.lib.exclude.list --output /openlane/designs/digital_desing/runs/RUN_2024.06.24_22.56.04/tmp/cts/cts-slowest.lib /home/celina/open_pdks/sky130A/libs.ref/sky130_fd_sc_hd/lib/sky130_fd_sc_hd__ss_100C_1v60.lib"

Mon Jun 24 22:56:10 UTC 2024 - Executing "python3 /openlane/scripts/new_tracks.py -i /home/celina/open_pdks/sky130A/libs.tech/openlane/sky130_fd_sc_hd/tracks.info -o /openlane/designs/digital_desing/runs/RUN_2024.06.24_22.56.04/tmp/routing/config.tracks"

Mon Jun 24 22:56:10 UTC 2024 - Executing "echo {OpenLane 30ee1388932eb55a89ad84ee43997bfe3a386421} > /openlane/designs/digital_desing/runs/RUN_2024.06.24_22.56.04/OPENLANE_VERSION"

Mon Jun 24 22:56:10 UTC 2024 - Executing "bash -c {verilator  --lint-only  -Wall  --Wno-DECLFILENAME  --top-module pulse_generator  designs/digital_desing/src/digital_designs.v -Wno-fatal --relative-includes |& tee /openlane/designs/digital_desing/runs/RUN_2024.06.24_22.56.04/logs/synthesis/linter.log /dev/null}"

Mon Jun 24 22:56:11 UTC 2024 - Executing "sed -E {s/^([[:space:]]+)pg_pin(.*)/\1pin\2\n\1    direction : "inout";/g} /home/celina/open_pdks/sky130A/libs.ref/sky130_fd_sc_hd/lib/sky130_fd_sc_hd__tt_025C_1v80.lib > /openlane/designs/digital_desing/runs/RUN_2024.06.24_22.56.04/tmp/synthesis/1-sky130_fd_sc_hd__tt_025C_1v80.no_pg.lib"

Mon Jun 24 22:56:12 UTC 2024 - Executing "sed -E {s/^([[:space:]]+)pg_pin(.*)/\1pin\2\n\1    direction : "inout";/g} /openlane/designs/digital_desing/runs/RUN_2024.06.24_22.56.04/tmp/synthesis/trimmed.lib > /openlane/designs/digital_desing/runs/RUN_2024.06.24_22.56.04/tmp/synthesis/1-trimmed.no_pg.lib"

Mon Jun 24 22:56:12 UTC 2024 - Executing "yosys -c /openlane/scripts/yosys/synth.tcl |& tee /dev/null /openlane/designs/digital_desing/runs/RUN_2024.06.24_22.56.04/logs/synthesis/1-synthesis.log"

Mon Jun 24 22:56:13 UTC 2024 - Executing "sed -i.bak -e {s/\(set ::env(CURRENT_NETLIST)\).*/\1 \/openlane\/designs\/digital_desing\/runs\/RUN_2024.06.24_22.56.04\/results\/synthesis\/pulse_generator.v/} /openlane/designs/digital_desing/runs/RUN_2024.06.24_22.56.04/config.tcl"

Mon Jun 24 22:56:13 UTC 2024 - Executing "sed -i.bak /defparam/d /openlane/designs/digital_desing/runs/RUN_2024.06.24_22.56.04/results/synthesis/pulse_generator.v"

Mon Jun 24 22:56:14 UTC 2024 - Executing "sta -exit -no_init /openlane/scripts/openroad/sta/multi_corner.tcl |& tee /dev/null /openlane/designs/digital_desing/runs/RUN_2024.06.24_22.56.04/logs/synthesis/2-sta.log"

Mon Jun 24 22:56:14 UTC 2024 - Executing "openroad -exit /openlane/scripts/openroad/floorplan.tcl |& tee /dev/null /openlane/designs/digital_desing/runs/RUN_2024.06.24_22.56.04/logs/floorplan/3-initial_fp.log"

Mon Jun 24 22:56:15 UTC 2024 - Executing "openroad -exit -no_init -python /openlane/scripts/odbpy/snap_to_grid.py --output /openlane/designs/digital_desing/runs/RUN_2024.06.24_22.56.04/tmp/floorplan/3-minimized_pdn.txt --input-lef /openlane/designs/digital_desing/runs/RUN_2024.06.24_22.56.04/tmp/merged.nom.lef 4.945 4.76 9.89 9.52"

Mon Jun 24 22:56:16 UTC 2024 - Executing "openroad -exit -no_init -python /openlane/scripts/odbpy/defutil.py extract_core_dims --output-data /openlane/designs/digital_desing/runs/RUN_2024.06.24_22.56.04/tmp/dimensions.txt --input-lef /openlane/designs/digital_desing/runs/RUN_2024.06.24_22.56.04/tmp/merged.nom.lef /openlane/designs/digital_desing/runs/RUN_2024.06.24_22.56.04/tmp/floorplan/3-initial_fp.def"

Mon Jun 24 22:56:16 UTC 2024 - Executing "openroad -exit /openlane/scripts/openroad/ioplacer.tcl |& tee /dev/null /openlane/designs/digital_desing/runs/RUN_2024.06.24_22.56.04/logs/floorplan/4-io.log"

Mon Jun 24 22:56:17 UTC 2024 - Executing "openroad -exit /openlane/scripts/openroad/tapcell.tcl |& tee /dev/null /openlane/designs/digital_desing/runs/RUN_2024.06.24_22.56.04/logs/floorplan/5-tap.log"

Mon Jun 24 22:56:18 UTC 2024 - Executing "openroad -exit /openlane/scripts/openroad/pdn.tcl |& tee /dev/null /openlane/designs/digital_desing/runs/RUN_2024.06.24_22.56.04/logs/floorplan/6-pdn.log"

Mon Jun 24 22:56:19 UTC 2024 - Executing "openroad -exit /openlane/scripts/openroad/gpl.tcl |& tee /dev/null /openlane/designs/digital_desing/runs/RUN_2024.06.24_22.56.04/logs/placement/7-global.log"

Mon Jun 24 22:56:20 UTC 2024 - Executing "sed -i.bak -e {s/\(set ::env(CURRENT_NETLIST)\).*/\1 \/openlane\/designs\/digital_desing\/runs\/RUN_2024.06.24_22.56.04\/tmp\/placement\/7-global.nl.v/} /openlane/designs/digital_desing/runs/RUN_2024.06.24_22.56.04/config.tcl"

Mon Jun 24 22:56:20 UTC 2024 - Executing "openroad -exit /openlane/scripts/openroad/sta/multi_corner.tcl |& tee /dev/null /openlane/designs/digital_desing/runs/RUN_2024.06.24_22.56.04/logs/placement/8-gpl_sta.log"

Mon Jun 24 22:56:21 UTC 2024 - Executing "openroad -exit /openlane/scripts/openroad/resizer.tcl |& tee /dev/null /openlane/designs/digital_desing/runs/RUN_2024.06.24_22.56.04/logs/placement/9-resizer.log"

Mon Jun 24 22:56:24 UTC 2024 - Executing "sed -i.bak -e {s/\(set ::env(CURRENT_NETLIST)\).*/\1 \/openlane\/designs\/digital_desing\/runs\/RUN_2024.06.24_22.56.04\/tmp\/placement\/9-resizer.nl.v/} /openlane/designs/digital_desing/runs/RUN_2024.06.24_22.56.04/config.tcl"

Mon Jun 24 22:56:25 UTC 2024 - Executing "openroad -exit /openlane/scripts/openroad/dpl.tcl |& tee /dev/null /openlane/designs/digital_desing/runs/RUN_2024.06.24_22.56.04/logs/placement/10-detailed.log"

Mon Jun 24 22:56:25 UTC 2024 - Executing "sed -i.bak -e {s/\(set ::env(CURRENT_NETLIST)\).*/\1 \/openlane\/designs\/digital_desing\/runs\/RUN_2024.06.24_22.56.04\/results\/placement\/pulse_generator.nl.v/} /openlane/designs/digital_desing/runs/RUN_2024.06.24_22.56.04/config.tcl"

Mon Jun 24 22:56:26 UTC 2024 - Executing "openroad -exit /openlane/scripts/openroad/sta/multi_corner.tcl |& tee /dev/null /openlane/designs/digital_desing/runs/RUN_2024.06.24_22.56.04/logs/placement/11-dpl_sta.log"

Mon Jun 24 22:56:26 UTC 2024 - Executing "openroad -exit /openlane/scripts/openroad/cts.tcl |& tee /dev/null /openlane/designs/digital_desing/runs/RUN_2024.06.24_22.56.04/logs/cts/12-cts.log"

Mon Jun 24 22:57:29 UTC 2024 - Executing "openroad -exit /openlane/scripts/openroad/sta/multi_corner.tcl |& tee /dev/null /openlane/designs/digital_desing/runs/RUN_2024.06.24_22.56.04/logs/cts/13-cts_sta.log"

Mon Jun 24 22:57:30 UTC 2024 - Executing "openroad -exit /openlane/scripts/openroad/resizer_timing.tcl |& tee /dev/null /openlane/designs/digital_desing/runs/RUN_2024.06.24_22.56.04/logs/cts/14-resizer.log"

Mon Jun 24 22:57:33 UTC 2024 - Executing "sed -i.bak -e {s/\(set ::env(CURRENT_NETLIST)\).*/\1 \/openlane\/designs\/digital_desing\/runs\/RUN_2024.06.24_22.56.04\/tmp\/cts\/14-pulse_generator.resized.nl.v/} /openlane/designs/digital_desing/runs/RUN_2024.06.24_22.56.04/config.tcl"

Mon Jun 24 22:57:33 UTC 2024 - Executing "openroad -exit /openlane/scripts/openroad/resizer_routing_design.tcl |& tee /dev/null /openlane/designs/digital_desing/runs/RUN_2024.06.24_22.56.04/logs/routing/15-resizer_design.log"

Mon Jun 24 22:57:37 UTC 2024 - Executing "sed -i.bak -e {s/\(set ::env(CURRENT_NETLIST)\).*/\1 \/openlane\/designs\/digital_desing\/runs\/RUN_2024.06.24_22.56.04\/tmp\/15-pulse_generator.nl.v/} /openlane/designs/digital_desing/runs/RUN_2024.06.24_22.56.04/config.tcl"

Mon Jun 24 22:57:37 UTC 2024 - Executing "openroad -exit /openlane/scripts/openroad/sta/multi_corner.tcl |& tee /dev/null /openlane/designs/digital_desing/runs/RUN_2024.06.24_22.56.04/logs/routing/16-rsz_design_sta.log"

Mon Jun 24 22:57:38 UTC 2024 - Executing "openroad -exit /openlane/scripts/openroad/resizer_routing_timing.tcl |& tee /dev/null /openlane/designs/digital_desing/runs/RUN_2024.06.24_22.56.04/logs/routing/17-resizer_timing.log"

Mon Jun 24 22:57:41 UTC 2024 - Executing "sed -i.bak -e {s/\(set ::env(CURRENT_NETLIST)\).*/\1 \/openlane\/designs\/digital_desing\/runs\/RUN_2024.06.24_22.56.04\/tmp\/17-pulse_generator.nl.v/} /openlane/designs/digital_desing/runs/RUN_2024.06.24_22.56.04/config.tcl"

Mon Jun 24 22:57:41 UTC 2024 - Executing "openroad -exit /openlane/scripts/openroad/sta/multi_corner.tcl |& tee /dev/null /openlane/designs/digital_desing/runs/RUN_2024.06.24_22.56.04/logs/routing/18-rsz_timing_sta.log"

Mon Jun 24 22:57:42 UTC 2024 - Executing "openroad -exit /openlane/scripts/openroad/groute.tcl |& tee /dev/null /openlane/designs/digital_desing/runs/RUN_2024.06.24_22.56.04/logs/routing/19-global.log"

Mon Jun 24 22:57:43 UTC 2024 - Executing "openroad -exit /openlane/scripts/openroad/write_views.tcl |& tee /dev/null /openlane/designs/digital_desing/runs/RUN_2024.06.24_22.56.04/logs/routing/19-global_write_netlist.log"

Mon Jun 24 22:57:43 UTC 2024 - Executing "sed -i.bak -e {s/\(set ::env(CURRENT_NETLIST)\).*/\1 \/openlane\/designs\/digital_desing\/runs\/RUN_2024.06.24_22.56.04\/tmp\/routing\/global.nl.v/} /openlane/designs/digital_desing/runs/RUN_2024.06.24_22.56.04/config.tcl"

Mon Jun 24 22:57:43 UTC 2024 - Executing "openroad -exit /openlane/scripts/openroad/sta/multi_corner.tcl |& tee /dev/null /openlane/designs/digital_desing/runs/RUN_2024.06.24_22.56.04/logs/routing/21-grt_sta.log"

Mon Jun 24 22:57:44 UTC 2024 - Executing "openroad -exit /openlane/scripts/openroad/fill.tcl |& tee /dev/null /openlane/designs/digital_desing/runs/RUN_2024.06.24_22.56.04/logs/routing/22-fill.log"

Mon Jun 24 22:57:45 UTC 2024 - Executing "sed -i.bak -e {s/\(set ::env(CURRENT_NETLIST)\).*/\1 \/openlane\/designs\/digital_desing\/runs\/RUN_2024.06.24_22.56.04\/tmp\/routing\/22-fill.nl.v/} /openlane/designs/digital_desing/runs/RUN_2024.06.24_22.56.04/config.tcl"

Mon Jun 24 22:57:45 UTC 2024 - Executing "openroad -exit /openlane/scripts/openroad/droute.tcl |& tee /dev/null /openlane/designs/digital_desing/runs/RUN_2024.06.24_22.56.04/logs/routing/23-detailed.log"

Mon Jun 24 22:58:02 UTC 2024 - Executing "sed -i.bak -e {s/\(set ::env(CURRENT_NETLIST)\).*/\1 \/openlane\/designs\/digital_desing\/runs\/RUN_2024.06.24_22.56.04\/results\/routing\/pulse_generator.nl.v/} /openlane/designs/digital_desing/runs/RUN_2024.06.24_22.56.04/config.tcl"

Mon Jun 24 22:58:02 UTC 2024 - Executing "python3 /openlane/scripts/drc_rosetta.py tr to_klayout -o /openlane/designs/digital_desing/runs/RUN_2024.06.24_22.56.04/reports/routing/drt.klayout.xml --design-name pulse_generator /openlane/designs/digital_desing/runs/RUN_2024.06.24_22.56.04/reports/routing/drt.drc"

Mon Jun 24 22:58:03 UTC 2024 - Executing "openroad -exit -no_init -python /openlane/scripts/odbpy/wire_lengths.py --report-out /openlane/designs/digital_desing/runs/RUN_2024.06.24_22.56.04/reports/routing/24-wire_lengths.csv --input-lef /openlane/designs/digital_desing/runs/RUN_2024.06.24_22.56.04/tmp/merged.nom.lef --output-def /dev/null --output /openlane/designs/digital_desing/runs/RUN_2024.06.24_22.56.04/results/routing/pulse_generator.odb /openlane/designs/digital_desing/runs/RUN_2024.06.24_22.56.04/results/routing/pulse_generator.odb |& tee /dev/null /openlane/designs/digital_desing/runs/RUN_2024.06.24_22.56.04/logs/routing/24-wire_lengths.log"

Mon Jun 24 22:58:03 UTC 2024 - Executing "openroad -exit /openlane/scripts/openroad/rcx.tcl |& tee /dev/null /openlane/designs/digital_desing/runs/RUN_2024.06.24_22.56.04/logs/signoff/25-parasitics_extraction.min.log"

Mon Jun 24 22:58:04 UTC 2024 - Executing "sta -exit -no_init /openlane/scripts/openroad/sta/multi_corner.tcl |& tee /dev/null /openlane/designs/digital_desing/runs/RUN_2024.06.24_22.56.04/logs/signoff/26-rcx_mcsta.min.log"

Mon Jun 24 22:58:07 UTC 2024 - Executing "openroad -exit /openlane/scripts/openroad/rcx.tcl |& tee /dev/null /openlane/designs/digital_desing/runs/RUN_2024.06.24_22.56.04/logs/signoff/27-parasitics_extraction.max.log"

Mon Jun 24 22:58:08 UTC 2024 - Executing "sta -exit -no_init /openlane/scripts/openroad/sta/multi_corner.tcl |& tee /dev/null /openlane/designs/digital_desing/runs/RUN_2024.06.24_22.56.04/logs/signoff/28-rcx_mcsta.max.log"

Mon Jun 24 22:58:11 UTC 2024 - Executing "openroad -exit /openlane/scripts/openroad/rcx.tcl |& tee /dev/null /openlane/designs/digital_desing/runs/RUN_2024.06.24_22.56.04/logs/signoff/29-parasitics_extraction.nom.log"

Mon Jun 24 22:58:12 UTC 2024 - Executing "sta -exit -no_init /openlane/scripts/openroad/sta/multi_corner.tcl |& tee /dev/null /openlane/designs/digital_desing/runs/RUN_2024.06.24_22.56.04/logs/signoff/30-rcx_mcsta.nom.log"

Mon Jun 24 22:58:15 UTC 2024 - Executing "sta -exit -no_init /openlane/scripts/openroad/sta/multi_corner.tcl |& tee /dev/null /openlane/designs/digital_desing/runs/RUN_2024.06.24_22.56.04/logs/signoff/31-rcx_sta.log"

Mon Jun 24 22:58:16 UTC 2024 - Executing "openroad -exit /openlane/scripts/openroad/irdrop.tcl |& tee /dev/null /openlane/designs/digital_desing/runs/RUN_2024.06.24_22.56.04/logs/signoff/32-irdrop.log"

Mon Jun 24 22:58:17 UTC 2024 - Executing "magic -noconsole -dnull -rcfile /home/celina/open_pdks/sky130A/libs.tech/magic/sky130A.magicrc < /openlane/scripts/magic/wrapper.tcl |& tee /dev/null /openlane/designs/digital_desing/runs/RUN_2024.06.24_22.56.04/logs/signoff/33-gdsii.log"

Mon Jun 24 22:58:18 UTC 2024 - Executing "magic -noconsole -dnull -rcfile /home/celina/open_pdks/sky130A/libs.tech/magic/sky130A.magicrc < /openlane/scripts/magic/wrapper.tcl |& tee /dev/null /openlane/designs/digital_desing/runs/RUN_2024.06.24_22.56.04/logs/signoff/33-gds_ptrs.log"

Mon Jun 24 22:58:19 UTC 2024 - Executing "sed -i.bak -n {/^<< properties >>/,/^<< end >>/p} /openlane/designs/digital_desing/runs/RUN_2024.06.24_22.56.04/tmp/signoff/gds_ptrs.mag"

Mon Jun 24 22:58:19 UTC 2024 - Executing "magic -noconsole -dnull -rcfile /home/celina/open_pdks/sky130A/libs.tech/magic/sky130A.magicrc < /openlane/scripts/magic/wrapper.tcl |& tee /dev/null /openlane/designs/digital_desing/runs/RUN_2024.06.24_22.56.04/logs/signoff/33-lef.log"

Mon Jun 24 22:58:20 UTC 2024 - Executing "magic -noconsole -dnull -rcfile /home/celina/open_pdks/sky130A/libs.tech/magic/sky130A.magicrc < /openlane/scripts/magic/wrapper.tcl |& tee /dev/null /openlane/designs/digital_desing/runs/RUN_2024.06.24_22.56.04/logs/signoff/33-maglef.log"

Mon Jun 24 22:58:20 UTC 2024 - Executing "python3 /openlane/scripts/klayout/stream_out.py --output /openlane/designs/digital_desing/runs/RUN_2024.06.24_22.56.04/results/signoff/pulse_generator.klayout.gds --lyt /home/celina/open_pdks/sky130A/libs.tech/klayout/tech/sky130A.lyt --lym /home/celina/open_pdks/sky130A/libs.tech/klayout/tech/sky130A.map --lyp /home/celina/open_pdks/sky130A/libs.tech/klayout/tech/sky130A.lyp --top pulse_generator --with-gds-file /home/celina/open_pdks/sky130A/libs.ref/sky130_fd_sc_hd/gds/sky130_fd_sc_hd.gds --input-lef /openlane/designs/digital_desing/runs/RUN_2024.06.24_22.56.04/tmp/merged.nom.lef /openlane/designs/digital_desing/runs/RUN_2024.06.24_22.56.04/results/routing/pulse_generator.def |& tee /dev/null /openlane/designs/digital_desing/runs/RUN_2024.06.24_22.56.04/logs/signoff/34-gdsii-klayout.log"

Mon Jun 24 22:58:22 UTC 2024 - Executing "klayout -b -r /openlane/scripts/klayout/xor.drc -rd a=/openlane/designs/digital_desing/runs/RUN_2024.06.24_22.56.04/results/signoff/pulse_generator.gds -rd b=/openlane/designs/digital_desing/runs/RUN_2024.06.24_22.56.04/results/signoff/pulse_generator.klayout.gds -rd jobs=1 -rd rdb_out=/openlane/designs/digital_desing/runs/RUN_2024.06.24_22.56.04/reports/signoff/35-xor.xml -rd ignore=81/14 -rd rpt_out=/openlane/designs/digital_desing/runs/RUN_2024.06.24_22.56.04/reports/signoff/35-xor.rpt |& tee /dev/null /openlane/designs/digital_desing/runs/RUN_2024.06.24_22.56.04/logs/signoff/35-xor.log"

Mon Jun 24 22:58:22 UTC 2024 - Executing "magic -noconsole -dnull -rcfile /home/celina/open_pdks/sky130A/libs.tech/magic/sky130A.magicrc < /openlane/scripts/magic/wrapper.tcl |& tee /dev/null /openlane/designs/digital_desing/runs/RUN_2024.06.24_22.56.04/logs/signoff/36-spice.log"

Mon Jun 24 22:58:24 UTC 2024 - Executing "openroad -exit -no_init -python /openlane/scripts/odbpy/power_utils.py write_powered_def --output /openlane/designs/digital_desing/runs/RUN_2024.06.24_22.56.04/tmp/signoff/36-pulse_generator.p.def --input-lef /openlane/designs/digital_desing/runs/RUN_2024.06.24_22.56.04/tmp/merged.nom.lef --power-port VPWR --ground-port VGND --powered-netlist {} /openlane/designs/digital_desing/runs/RUN_2024.06.24_22.56.04/results/routing/pulse_generator.def |& tee /dev/null /openlane/designs/digital_desing/runs/RUN_2024.06.24_22.56.04/logs/signoff/37-write_powered_def.log"

Mon Jun 24 22:58:24 UTC 2024 - Executing "openroad -exit /openlane/scripts/openroad/write_views.tcl |& tee /dev/null /openlane/designs/digital_desing/runs/RUN_2024.06.24_22.56.04/logs/signoff/37-write_powered_verilog.log"

Mon Jun 24 22:58:25 UTC 2024 - Executing "sed -i.bak -e {s/\(set ::env(CURRENT_NETLIST)\).*/\1 \/openlane\/designs\/digital_desing\/runs\/RUN_2024.06.24_22.56.04\/tmp\/signoff\/36-pulse_generator.nl.v/} /openlane/designs/digital_desing/runs/RUN_2024.06.24_22.56.04/config.tcl"

Mon Jun 24 22:58:25 UTC 2024 - Executing "netgen -batch source /openlane/designs/digital_desing/runs/RUN_2024.06.24_22.56.04/tmp/signoff/39-setup_file.lef.lvs |& tee /dev/null /openlane/designs/digital_desing/runs/RUN_2024.06.24_22.56.04/logs/signoff/39-lvs.lef.log"

Mon Jun 24 22:58:26 UTC 2024 - Executing "magic -noconsole -dnull -rcfile /home/celina/open_pdks/sky130A/libs.tech/magic/sky130A.magicrc < /openlane/scripts/magic/wrapper.tcl |& tee /dev/null /openlane/designs/digital_desing/runs/RUN_2024.06.24_22.56.04/logs/signoff/40-drc.log"

Mon Jun 24 22:58:28 UTC 2024 - Executing "python3 /openlane/scripts/drc_rosetta.py magic to_tcl -o /openlane/designs/digital_desing/runs/RUN_2024.06.24_22.56.04/reports/signoff/drc.tcl /openlane/designs/digital_desing/runs/RUN_2024.06.24_22.56.04/reports/signoff/drc.rpt"

Mon Jun 24 22:58:28 UTC 2024 - Executing "python3 /openlane/scripts/drc_rosetta.py magic to_tr -o /openlane/designs/digital_desing/runs/RUN_2024.06.24_22.56.04/reports/signoff/drc.tr /openlane/designs/digital_desing/runs/RUN_2024.06.24_22.56.04/reports/signoff/drc.rpt"

Mon Jun 24 22:58:28 UTC 2024 - Executing "python3 /openlane/scripts/drc_rosetta.py tr to_klayout -o /openlane/designs/digital_desing/runs/RUN_2024.06.24_22.56.04/reports/signoff/drc.klayout.xml --design-name pulse_generator /openlane/designs/digital_desing/runs/RUN_2024.06.24_22.56.04/reports/signoff/drc.tr"

Mon Jun 24 22:58:28 UTC 2024 - Executing "python3 /openlane/scripts/drc_rosetta.py magic to_rdb -o /openlane/designs/digital_desing/runs/RUN_2024.06.24_22.56.04/reports/signoff/drc.rdb /openlane/designs/digital_desing/runs/RUN_2024.06.24_22.56.04/reports/signoff/drc.rpt"

Mon Jun 24 22:58:28 UTC 2024 - Executing "openroad -exit /openlane/scripts/openroad/antenna_check.tcl |& tee /dev/null /openlane/designs/digital_desing/runs/RUN_2024.06.24_22.56.04/logs/signoff/41-arc.log"

Mon Jun 24 22:58:29 UTC 2024 - Executing "python3 /openlane/scripts/extract_antenna_violators.py --output /openlane/designs/digital_desing/runs/RUN_2024.06.24_22.56.04/reports/signoff/41-antenna_violators.rpt --plain-out /openlane/designs/digital_desing/runs/RUN_2024.06.24_22.56.04/reports/signoff/41-antenna_violators_pins.txt /openlane/designs/digital_desing/runs/RUN_2024.06.24_22.56.04/logs/signoff/41-arc.log"

Mon Jun 24 22:58:29 UTC 2024 - Executing "awk -v vdd=VPWR -v gnd=VGND -f /home/celina/open_pdks/sky130A/libs.tech/openlane/cvc/power.awk /openlane/designs/digital_desing/runs/RUN_2024.06.24_22.56.04/tmp/signoff/36-pulse_generator.nl.v > /openlane/designs/digital_desing/runs/RUN_2024.06.24_22.56.04/tmp/signoff/pulse_generator.power"

Mon Jun 24 22:58:29 UTC 2024 - Executing "awk -f /home/celina/open_pdks/sky130A/libs.tech/openlane/cvc/cdl.awk /home/celina/open_pdks/sky130A/libs.ref/sky130_fd_sc_hd/cdl/sky130_fd_sc_hd.cdl /openlane/designs/digital_desing/runs/RUN_2024.06.24_22.56.04/results/signoff/pulse_generator.lef.spice > /openlane/designs/digital_desing/runs/RUN_2024.06.24_22.56.04/tmp/signoff/pulse_generator.cdl"

Mon Jun 24 22:58:29 UTC 2024 - Executing "cvc_rv /home/celina/open_pdks/sky130A/libs.tech/openlane/cvc/cvcrc |& tee /dev/null /openlane/designs/digital_desing/runs/RUN_2024.06.24_22.56.04/logs/signoff/42-erc_screen.log"

