[ERROR]: Yosys checks have failed: Encountered check error:
Warning: multiple conflicting drivers for digital_cs.\phi_p:
    port Q[0] of cell $procdff$16446 ($dff)
    port Q[0] of cell $procdff$16440 ($dff)

Encountered check error:
Warning: multiple conflicting drivers for digital_cs.\phi_l2:
    port Q[0] of cell $procdff$16447 ($dff)
    port Q[0] of cell $procdff$16441 ($dff)

Encountered check error:
Warning: multiple conflicting drivers for digital_cs.\phi_l1:
    port Q[0] of cell $procdff$16448 ($dff)
    port Q[0] of cell $procdff$16442 ($dff)

Encountered check error:
Warning: multiple conflicting drivers for digital_cs.\phi_r:
    port Q[0] of cell $procdff$16449 ($dff)
    port Q[0] of cell $procdff$16443 ($dff)

child process exited abnormally
[ERROR]: See the full report here: designs/digital_desing/runs/RUN_2024.07.08_16.39.31/reports/synthesis/1-synthesis_pre_synth.chk.rpt
[ERROR]: Step 1 (synthesis) failed with error:
-code 1 -level 0 -errorcode NONE -errorinfo {
    while executing
"throw_error"
    (procedure "check_synth_misc" line 17)
    invoked from within
"check_synth_misc $report"
    (procedure "run_synthesis_checkers" line 5)
    invoked from within
"run_synthesis_checkers $log $pre_synth_report"
    (procedure "run_synthesis" line 19)
    invoked from within
"run_synthesis"} -errorline 1
[ERROR]: Flow failed.
