Instance name,  X location,  Y location,  Voltage 
FILLER_0_12_77, 40.22, 43.52, 3.68001e-11
FILLER_0_10_77, 40.22, 38.08, 3.60021e-11
FILLER_0_8_77, 40.22, 32.64, 3.50268e-11
digital_cs_4, 40.22, 27.2, 3.36478e-11
FILLER_0_4_77, 40.22, 21.76, 3.38328e-11
FILLER_0_2_77, 40.22, 16.32, 3.43768e-11
FILLER_0_13_53, 30.22, 48.96, 2.83445e-11
FILLER_0_11_51, 30.22, 43.52, 3.06197e-11
FILLER_0_9_51, 30.22, 38.08, 2.93012e-11
FILLER_0_7_51, 30.22, 32.64, 2.81545e-11
FILLER_0_5_51, 30.22, 27.2, 2.66052e-11
FILLER_0_3_51, 30.22, 21.76, 2.68342e-11
FILLER_0_1_51, 30.22, 16.32, 2.75867e-11
digital_cs_1, 30.22, 10.88, 2.92264e-11
FILLER_0_0_49, 30.22, 10.88, 2.92264e-11
FILLER_0_0_41, 20.22, 10.88, 2.57361e-11
digital_cs_3, 10.22, 48.96, 3.11517e-11
FILLER_0_13_21, 10.22, 43.52, 3.78199e-11
PHY_26, 5.52, 48.96, 3.51173e-11
PHY_27, 44.16, 48.96, 3.32611e-11
digital_cs_2, 5.52, 43.52, 4.97169e-11
PHY_22, 5.52, 43.52, 4.97169e-11
PHY_24, 5.52, 43.52, 4.97169e-11
PHY_23, 44.16, 43.52, 4.34489e-11
PHY_25, 44.16, 43.52, 4.34489e-11
PHY_18, 5.52, 38.08, 3.79053e-11
PHY_20, 5.52, 38.08, 3.79053e-11
PHY_19, 44.16, 38.08, 4.26509e-11
PHY_21, 44.16, 38.08, 4.26509e-11
PHY_14, 5.52, 32.64, 3.6458e-11
PHY_16, 5.52, 32.64, 3.6458e-11
PHY_15, 44.16, 32.64, 4.16757e-11
PHY_17, 44.16, 32.64, 4.16757e-11
PHY_10, 5.52, 27.2, 3.46027e-11
PHY_12, 5.52, 27.2, 3.46027e-11
PHY_11, 44.16, 27.2, 4.02966e-11
PHY_13, 44.16, 27.2, 4.02966e-11
PHY_6, 5.52, 21.76, 3.47706e-11
PHY_8, 5.52, 21.76, 3.47706e-11
PHY_7, 44.16, 21.76, 4.04816e-11
PHY_9, 44.16, 21.76, 4.04816e-11
PHY_2, 5.52, 16.32, 3.55742e-11
PHY_4, 5.52, 16.32, 3.55742e-11
PHY_3, 44.16, 16.32, 4.10256e-11
PHY_5, 44.16, 16.32, 4.10256e-11
PHY_0, 5.52, 10.88, 2.95896e-11
PHY_1, 44.16, 10.88, 3.23344e-11

