Instance name,  X location,  Y location,  Voltage 
FILLER_0_13_53, 25.52, 46.24, 1.8
FILLER_0_11_51, 25.52, 40.8, 1.8
FILLER_0_9_51, 25.52, 35.36, 1.8
FILLER_0_7_51, 25.52, 29.92, 1.8
FILLER_0_5_51, 25.52, 24.48, 1.8
FILLER_0_3_51, 25.52, 19.04, 1.8
digital_cs_1, 25.52, 13.6, 1.8
FILLER_0_0_41, 25.52, 13.6, 1.8
FILLER_0_0_49, 25.52, 13.6, 1.8
FILLER_0_1_51, 25.52, 13.6, 1.8
FILLER_0_13_21, 15.52, 46.24, 1.8
digital_cs_2, 5.52, 46.24, 1.8
digital_cs_3, 5.52, 46.24, 1.8
PHY_24, 5.52, 46.24, 1.8
PHY_26, 5.52, 46.24, 1.8
PHY_20, 5.52, 40.8, 1.8
PHY_22, 5.52, 40.8, 1.8
PHY_16, 5.52, 35.36, 1.8
PHY_18, 5.52, 35.36, 1.8
PHY_12, 5.52, 29.92, 1.8
PHY_14, 5.52, 29.92, 1.8
PHY_8, 5.52, 24.48, 1.8
PHY_10, 5.52, 24.48, 1.8
PHY_4, 5.52, 19.04, 1.8
PHY_6, 5.52, 19.04, 1.8
PHY_0, 5.52, 13.6, 1.8
PHY_2, 5.52, 13.6, 1.8
PHY_25, 44.16, 46.24, 1.8
PHY_27, 44.16, 46.24, 1.8
FILLER_0_12_77, 44.16, 46.24, 1.8
PHY_21, 44.16, 40.8, 1.8
PHY_23, 44.16, 40.8, 1.8
FILLER_0_10_77, 44.16, 40.8, 1.8
PHY_17, 44.16, 35.36, 1.8
PHY_19, 44.16, 35.36, 1.8
FILLER_0_8_77, 44.16, 35.36, 1.8
digital_cs_4, 44.16, 29.92, 1.8
PHY_13, 44.16, 29.92, 1.8
PHY_15, 44.16, 29.92, 1.8
PHY_9, 44.16, 24.48, 1.8
PHY_11, 44.16, 24.48, 1.8
FILLER_0_4_77, 44.16, 24.48, 1.8
PHY_5, 44.16, 19.04, 1.8
PHY_7, 44.16, 19.04, 1.8
FILLER_0_2_77, 44.16, 19.04, 1.8
PHY_1, 44.16, 13.6, 1.8
PHY_3, 44.16, 13.6, 1.8

