digital_cs
----------------------------------------
Metal3 spacing < 0.3um (met3.2)
----------------------------------------
 4.130um 13.440um 4.160um 13.640um
 4.160um 13.460um 4.180um 13.640um
 4.180um 13.460um 4.300um 13.640um
 4.160um 13.440um 4.300um 13.460um
 4.130um 13.435um 4.300um 13.440um
 3.830um 13.765um 4.000um 14.065um
 4.130um 13.760um 4.300um 13.765um
 4.130um 13.440um 4.160um 13.760um
 4.160um 13.740um 4.300um 13.760um
 4.160um 13.460um 4.180um 13.740um
 4.180um 13.460um 4.300um 13.740um
 4.160um 13.440um 4.300um 13.460um
 4.130um 13.435um 4.300um 13.440um
 3.830um 13.760um 4.000um 14.065um
 3.830um 13.640um 4.000um 13.760um
----------------------------------------
[INFO]: COUNT: 15
[INFO]: Should be divided by 3 or 4

