[INFO]: Run Directory: /openlane/designs/digital_desing/runs/RUN_2024.07.05_17.45.44
[INFO]: Saving runtime environment...
[INFO]: Preparing LEF files for the nom corner...
[INFO]: Preparing LEF files for the min corner...
[INFO]: Preparing LEF files for the max corner...
[INFO]: Running linter (Verilator) (log: designs/digital_desing/runs/RUN_2024.07.05_17.45.44/logs/synthesis/linter.log)...
[ERROR]: Timing constructs found in the RTL. Please remove them or wrap them around an ifdef. It heavily unrecommended to rely on timing constructs for synthesis.
[ERROR]: Step 0 (verilator_lint_check) failed with error:
-code 1 -level 0 -errorcode NONE -errorinfo {
    while executing
"throw_error"
    (procedure "run_verilator" line 50)
    invoked from within
"run_verilator"
    (procedure "run_verilator_step" line 3)
    invoked from within
"run_verilator_step"} -errorline 1
[INFO]: Saving current set of views in 'designs/digital_desing/runs/RUN_2024.07.05_17.45.44/results/final'...
[INFO]: Generating final set of reports...
[INFO]: Created manufacturability report at 'designs/digital_desing/runs/RUN_2024.07.05_17.45.44/reports/manufacturability.rpt'.
[INFO]: Created metrics report at 'designs/digital_desing/runs/RUN_2024.07.05_17.45.44/reports/metrics.csv'.
[INFO]: Saving runtime environment...
[ERROR]: Flow failed.
