Tue Jul 09 17:45:24 UTC 2024 - Executing "openroad -exit -no_init -python /openlane/scripts/odbpy/lefutil.py get_metal_layers -o /openlane/designs/digital_desing/runs/RUN_2024.07.09_17.45.21/tmp/layers.list /home/celina/.volare/sky130A/libs.ref/sky130_fd_sc_hd/techlef/sky130_fd_sc_hd__nom.tlef"

Tue Jul 09 17:45:46 UTC 2024 - Executing "/openlane/scripts/mergeLef.py -o /openlane/designs/digital_desing/runs/RUN_2024.07.09_17.45.21/tmp/merged.nom.lef -i /home/celina/.volare/sky130A/libs.ref/sky130_fd_sc_hd/techlef/sky130_fd_sc_hd__nom.tlef {/home/celina/.volare/sky130A/libs.ref/sky130_fd_sc_hd/lef/sky130_ef_sc_hd.lef /home/celina/.volare/sky130A/libs.ref/sky130_fd_sc_hd/lef/sky130_fd_sc_hd.lef} |& tee /dev/null"

Tue Jul 09 17:45:46 UTC 2024 - Executing "/openlane/scripts/mergeLef.py -o /openlane/designs/digital_desing/runs/RUN_2024.07.09_17.45.21/tmp/merged.min.lef -i /home/celina/.volare/sky130A/libs.ref/sky130_fd_sc_hd/techlef/sky130_fd_sc_hd__min.tlef {/home/celina/.volare/sky130A/libs.ref/sky130_fd_sc_hd/lef/sky130_ef_sc_hd.lef /home/celina/.volare/sky130A/libs.ref/sky130_fd_sc_hd/lef/sky130_fd_sc_hd.lef} |& tee /dev/null"

Tue Jul 09 17:45:46 UTC 2024 - Executing "/openlane/scripts/mergeLef.py -o /openlane/designs/digital_desing/runs/RUN_2024.07.09_17.45.21/tmp/merged.max.lef -i /home/celina/.volare/sky130A/libs.ref/sky130_fd_sc_hd/techlef/sky130_fd_sc_hd__max.tlef {/home/celina/.volare/sky130A/libs.ref/sky130_fd_sc_hd/lef/sky130_ef_sc_hd.lef /home/celina/.volare/sky130A/libs.ref/sky130_fd_sc_hd/lef/sky130_fd_sc_hd.lef} |& tee /dev/null"

Tue Jul 09 17:45:47 UTC 2024 - Executing "python3 /openlane/scripts/mergeLib.py --output /openlane/designs/digital_desing/runs/RUN_2024.07.09_17.45.21/tmp/synthesis/merged.lib --name sky130A_merged /home/celina/.volare/sky130A/libs.ref/sky130_fd_sc_hd/lib/sky130_fd_sc_hd__tt_025C_1v80.lib"

Tue Jul 09 17:45:47 UTC 2024 - Executing "python3 /openlane/scripts/libtrim.py --cell-file /openlane/designs/digital_desing/runs/RUN_2024.07.09_17.45.21/tmp/synthesis/trimmed.lib.exclude.list --output /openlane/designs/digital_desing/runs/RUN_2024.07.09_17.45.21/tmp/synthesis/trimmed.lib /openlane/designs/digital_desing/runs/RUN_2024.07.09_17.45.21/tmp/synthesis/merged.lib"

Tue Jul 09 17:45:48 UTC 2024 - Executing "python3 /openlane/scripts/libtrim.py --cell-file /openlane/designs/digital_desing/runs/RUN_2024.07.09_17.45.21/tmp/cts/cts.lib.exclude.list --output /openlane/designs/digital_desing/runs/RUN_2024.07.09_17.45.21/tmp/cts/cts.lib /home/celina/.volare/sky130A/libs.ref/sky130_fd_sc_hd/lib/sky130_fd_sc_hd__tt_025C_1v80.lib"

Tue Jul 09 17:45:48 UTC 2024 - Executing "python3 /openlane/scripts/libtrim.py --cell-file /openlane/designs/digital_desing/runs/RUN_2024.07.09_17.45.21/tmp/cts/cts-fastest.lib.exclude.list --output /openlane/designs/digital_desing/runs/RUN_2024.07.09_17.45.21/tmp/cts/cts-fastest.lib /home/celina/.volare/sky130A/libs.ref/sky130_fd_sc_hd/lib/sky130_fd_sc_hd__ff_n40C_1v95.lib"

Tue Jul 09 17:45:52 UTC 2024 - Executing "python3 /openlane/scripts/libtrim.py --cell-file /openlane/designs/digital_desing/runs/RUN_2024.07.09_17.45.21/tmp/cts/cts-slowest.lib.exclude.list --output /openlane/designs/digital_desing/runs/RUN_2024.07.09_17.45.21/tmp/cts/cts-slowest.lib /home/celina/.volare/sky130A/libs.ref/sky130_fd_sc_hd/lib/sky130_fd_sc_hd__ss_100C_1v60.lib"

Tue Jul 09 17:45:53 UTC 2024 - Executing "python3 /openlane/scripts/new_tracks.py -i /home/celina/.volare/sky130A/libs.tech/openlane/sky130_fd_sc_hd/tracks.info -o /openlane/designs/digital_desing/runs/RUN_2024.07.09_17.45.21/tmp/routing/config.tracks"

Tue Jul 09 17:45:53 UTC 2024 - Executing "echo {OpenLane 30ee1388932eb55a89ad84ee43997bfe3a386421} > /openlane/designs/digital_desing/runs/RUN_2024.07.09_17.45.21/OPENLANE_VERSION"

Tue Jul 09 17:45:54 UTC 2024 - Executing "bash -c {verilator  --lint-only  -Wall  --Wno-DECLFILENAME  --top-module digital_cs  --timing  designs/digital_desing/src/digital_designs.v -Wno-fatal --relative-includes |& tee /openlane/designs/digital_desing/runs/RUN_2024.07.09_17.45.21/logs/synthesis/linter.log /dev/null}"

Tue Jul 09 17:45:56 UTC 2024 - Executing "sed -E {s/^([[:space:]]+)pg_pin(.*)/\1pin\2\n\1    direction : "inout";/g} /home/celina/.volare/sky130A/libs.ref/sky130_fd_sc_hd/lib/sky130_fd_sc_hd__tt_025C_1v80.lib > /openlane/designs/digital_desing/runs/RUN_2024.07.09_17.45.21/tmp/synthesis/1-sky130_fd_sc_hd__tt_025C_1v80.no_pg.lib"

Tue Jul 09 17:45:56 UTC 2024 - Executing "sed -E {s/^([[:space:]]+)pg_pin(.*)/\1pin\2\n\1    direction : "inout";/g} /openlane/designs/digital_desing/runs/RUN_2024.07.09_17.45.21/tmp/synthesis/trimmed.lib > /openlane/designs/digital_desing/runs/RUN_2024.07.09_17.45.21/tmp/synthesis/1-trimmed.no_pg.lib"

Tue Jul 09 17:45:56 UTC 2024 - Executing "yosys -c /openlane/scripts/yosys/synth.tcl |& tee /dev/null /openlane/designs/digital_desing/runs/RUN_2024.07.09_17.45.21/logs/synthesis/1-synthesis.log"

Tue Jul 09 17:46:03 UTC 2024 - Executing "sed -i.bak -e {s/\(set ::env(CURRENT_NETLIST)\).*/\1 \/openlane\/designs\/digital_desing\/runs\/RUN_2024.07.09_17.45.21\/results\/synthesis\/digital_cs.v/} /openlane/designs/digital_desing/runs/RUN_2024.07.09_17.45.21/config.tcl"

Tue Jul 09 17:46:03 UTC 2024 - Executing "sed -i.bak /defparam/d /openlane/designs/digital_desing/runs/RUN_2024.07.09_17.45.21/results/synthesis/digital_cs.v"

Tue Jul 09 17:46:04 UTC 2024 - Executing "sta -exit -no_init /openlane/scripts/openroad/sta/multi_corner.tcl |& tee /dev/null /openlane/designs/digital_desing/runs/RUN_2024.07.09_17.45.21/logs/synthesis/2-sta.log"

Tue Jul 09 17:46:05 UTC 2024 - Executing "openroad -exit /openlane/scripts/openroad/floorplan.tcl |& tee /dev/null /openlane/designs/digital_desing/runs/RUN_2024.07.09_17.45.21/logs/floorplan/3-initial_fp.log"

Tue Jul 09 17:46:06 UTC 2024 - Executing "openroad -exit -no_init -python /openlane/scripts/odbpy/defutil.py extract_core_dims --output-data /openlane/designs/digital_desing/runs/RUN_2024.07.09_17.45.21/tmp/dimensions.txt --input-lef /openlane/designs/digital_desing/runs/RUN_2024.07.09_17.45.21/tmp/merged.nom.lef /openlane/designs/digital_desing/runs/RUN_2024.07.09_17.45.21/tmp/floorplan/3-initial_fp.def"

Tue Jul 09 17:46:07 UTC 2024 - Executing "openroad -exit /openlane/scripts/openroad/ioplacer.tcl |& tee /dev/null /openlane/designs/digital_desing/runs/RUN_2024.07.09_17.45.21/logs/floorplan/4-io.log"

Tue Jul 09 17:46:08 UTC 2024 - Executing "openroad -exit /openlane/scripts/openroad/tapcell.tcl |& tee /dev/null /openlane/designs/digital_desing/runs/RUN_2024.07.09_17.45.21/logs/floorplan/5-tap.log"

Tue Jul 09 17:46:09 UTC 2024 - Executing "openroad -exit /openlane/scripts/openroad/pdn.tcl |& tee /dev/null /openlane/designs/digital_desing/runs/RUN_2024.07.09_17.45.21/logs/floorplan/6-pdn.log"

Tue Jul 09 17:46:10 UTC 2024 - Executing "openroad -exit /openlane/scripts/openroad/gpl.tcl |& tee /dev/null /openlane/designs/digital_desing/runs/RUN_2024.07.09_17.45.21/logs/placement/7-global.log"

Tue Jul 09 17:46:11 UTC 2024 - Executing "sed -i.bak -e {s/\(set ::env(CURRENT_NETLIST)\).*/\1 \/openlane\/designs\/digital_desing\/runs\/RUN_2024.07.09_17.45.21\/tmp\/placement\/7-global.nl.v/} /openlane/designs/digital_desing/runs/RUN_2024.07.09_17.45.21/config.tcl"

Tue Jul 09 17:46:11 UTC 2024 - Executing "openroad -exit /openlane/scripts/openroad/sta/multi_corner.tcl |& tee /dev/null /openlane/designs/digital_desing/runs/RUN_2024.07.09_17.45.21/logs/placement/8-gpl_sta.log"

Tue Jul 09 17:46:12 UTC 2024 - Executing "openroad -exit /openlane/scripts/openroad/resizer.tcl |& tee /dev/null /openlane/designs/digital_desing/runs/RUN_2024.07.09_17.45.21/logs/placement/9-resizer.log"

Tue Jul 09 17:46:15 UTC 2024 - Executing "sed -i.bak -e {s/\(set ::env(CURRENT_NETLIST)\).*/\1 \/openlane\/designs\/digital_desing\/runs\/RUN_2024.07.09_17.45.21\/tmp\/placement\/9-resizer.nl.v/} /openlane/designs/digital_desing/runs/RUN_2024.07.09_17.45.21/config.tcl"

Tue Jul 09 17:46:15 UTC 2024 - Executing "openroad -exit /openlane/scripts/openroad/dpl.tcl |& tee /dev/null /openlane/designs/digital_desing/runs/RUN_2024.07.09_17.45.21/logs/placement/10-detailed.log"

Tue Jul 09 17:46:16 UTC 2024 - Executing "sed -i.bak -e {s/\(set ::env(CURRENT_NETLIST)\).*/\1 \/openlane\/designs\/digital_desing\/runs\/RUN_2024.07.09_17.45.21\/results\/placement\/digital_cs.nl.v/} /openlane/designs/digital_desing/runs/RUN_2024.07.09_17.45.21/config.tcl"

Tue Jul 09 17:46:16 UTC 2024 - Executing "openroad -exit /openlane/scripts/openroad/sta/multi_corner.tcl |& tee /dev/null /openlane/designs/digital_desing/runs/RUN_2024.07.09_17.45.21/logs/placement/11-dpl_sta.log"

Tue Jul 09 17:46:17 UTC 2024 - Executing "openroad -exit /openlane/scripts/openroad/cts.tcl |& tee /dev/null /openlane/designs/digital_desing/runs/RUN_2024.07.09_17.45.21/logs/cts/12-cts.log"

Tue Jul 09 17:47:20 UTC 2024 - Executing "openroad -exit /openlane/scripts/openroad/sta/multi_corner.tcl |& tee /dev/null /openlane/designs/digital_desing/runs/RUN_2024.07.09_17.45.21/logs/cts/13-cts_sta.log"

Tue Jul 09 17:47:20 UTC 2024 - Executing "openroad -exit /openlane/scripts/openroad/resizer_timing.tcl |& tee /dev/null /openlane/designs/digital_desing/runs/RUN_2024.07.09_17.45.21/logs/cts/14-resizer.log"

Tue Jul 09 17:47:23 UTC 2024 - Executing "sed -i.bak -e {s/\(set ::env(CURRENT_NETLIST)\).*/\1 \/openlane\/designs\/digital_desing\/runs\/RUN_2024.07.09_17.45.21\/tmp\/cts\/14-digital_cs.resized.nl.v/} /openlane/designs/digital_desing/runs/RUN_2024.07.09_17.45.21/config.tcl"

Tue Jul 09 17:47:23 UTC 2024 - Executing "openroad -exit /openlane/scripts/openroad/resizer_routing_design.tcl |& tee /dev/null /openlane/designs/digital_desing/runs/RUN_2024.07.09_17.45.21/logs/routing/15-resizer_design.log"

Tue Jul 09 17:47:26 UTC 2024 - Executing "sed -i.bak -e {s/\(set ::env(CURRENT_NETLIST)\).*/\1 \/openlane\/designs\/digital_desing\/runs\/RUN_2024.07.09_17.45.21\/tmp\/15-digital_cs.nl.v/} /openlane/designs/digital_desing/runs/RUN_2024.07.09_17.45.21/config.tcl"

Tue Jul 09 17:47:27 UTC 2024 - Executing "openroad -exit /openlane/scripts/openroad/sta/multi_corner.tcl |& tee /dev/null /openlane/designs/digital_desing/runs/RUN_2024.07.09_17.45.21/logs/routing/16-rsz_design_sta.log"

Tue Jul 09 17:47:27 UTC 2024 - Executing "openroad -exit /openlane/scripts/openroad/resizer_routing_timing.tcl |& tee /dev/null /openlane/designs/digital_desing/runs/RUN_2024.07.09_17.45.21/logs/routing/17-resizer_timing.log"

Tue Jul 09 17:47:30 UTC 2024 - Executing "sed -i.bak -e {s/\(set ::env(CURRENT_NETLIST)\).*/\1 \/openlane\/designs\/digital_desing\/runs\/RUN_2024.07.09_17.45.21\/tmp\/17-digital_cs.nl.v/} /openlane/designs/digital_desing/runs/RUN_2024.07.09_17.45.21/config.tcl"

Tue Jul 09 17:47:30 UTC 2024 - Executing "openroad -exit /openlane/scripts/openroad/sta/multi_corner.tcl |& tee /dev/null /openlane/designs/digital_desing/runs/RUN_2024.07.09_17.45.21/logs/routing/18-rsz_timing_sta.log"

Tue Jul 09 17:47:31 UTC 2024 - Executing "openroad -exit /openlane/scripts/openroad/groute.tcl |& tee /dev/null /openlane/designs/digital_desing/runs/RUN_2024.07.09_17.45.21/logs/routing/19-global.log"

Tue Jul 09 17:47:32 UTC 2024 - Executing "openroad -exit /openlane/scripts/openroad/write_views.tcl |& tee /dev/null /openlane/designs/digital_desing/runs/RUN_2024.07.09_17.45.21/logs/routing/19-global_write_netlist.log"

Tue Jul 09 17:47:33 UTC 2024 - Executing "sed -i.bak -e {s/\(set ::env(CURRENT_NETLIST)\).*/\1 \/openlane\/designs\/digital_desing\/runs\/RUN_2024.07.09_17.45.21\/tmp\/routing\/global.nl.v/} /openlane/designs/digital_desing/runs/RUN_2024.07.09_17.45.21/config.tcl"

Tue Jul 09 17:47:33 UTC 2024 - Executing "openroad -exit /openlane/scripts/openroad/sta/multi_corner.tcl |& tee /dev/null /openlane/designs/digital_desing/runs/RUN_2024.07.09_17.45.21/logs/routing/21-grt_sta.log"

Tue Jul 09 17:47:34 UTC 2024 - Executing "openroad -exit /openlane/scripts/openroad/fill.tcl |& tee /dev/null /openlane/designs/digital_desing/runs/RUN_2024.07.09_17.45.21/logs/routing/22-fill.log"

Tue Jul 09 17:47:35 UTC 2024 - Executing "sed -i.bak -e {s/\(set ::env(CURRENT_NETLIST)\).*/\1 \/openlane\/designs\/digital_desing\/runs\/RUN_2024.07.09_17.45.21\/tmp\/routing\/22-fill.nl.v/} /openlane/designs/digital_desing/runs/RUN_2024.07.09_17.45.21/config.tcl"

Tue Jul 09 17:47:35 UTC 2024 - Executing "openroad -exit /openlane/scripts/openroad/droute.tcl |& tee /dev/null /openlane/designs/digital_desing/runs/RUN_2024.07.09_17.45.21/logs/routing/23-detailed.log"

Tue Jul 09 17:47:36 UTC 2024 - Executing "sed -i.bak -e {s/\(set ::env(CURRENT_NETLIST)\).*/\1 \/openlane\/designs\/digital_desing\/runs\/RUN_2024.07.09_17.45.21\/results\/routing\/digital_cs.nl.v/} /openlane/designs/digital_desing/runs/RUN_2024.07.09_17.45.21/config.tcl"

Tue Jul 09 17:47:36 UTC 2024 - Executing "python3 /openlane/scripts/drc_rosetta.py tr to_klayout -o /openlane/designs/digital_desing/runs/RUN_2024.07.09_17.45.21/reports/routing/drt.klayout.xml --design-name digital_cs /openlane/designs/digital_desing/runs/RUN_2024.07.09_17.45.21/reports/routing/drt.drc"

Tue Jul 09 17:47:37 UTC 2024 - Executing "openroad -exit -no_init -python /openlane/scripts/odbpy/wire_lengths.py --report-out /openlane/designs/digital_desing/runs/RUN_2024.07.09_17.45.21/reports/routing/24-wire_lengths.csv --input-lef /openlane/designs/digital_desing/runs/RUN_2024.07.09_17.45.21/tmp/merged.nom.lef --output-def /dev/null --output /openlane/designs/digital_desing/runs/RUN_2024.07.09_17.45.21/results/routing/digital_cs.odb /openlane/designs/digital_desing/runs/RUN_2024.07.09_17.45.21/results/routing/digital_cs.odb |& tee /dev/null /openlane/designs/digital_desing/runs/RUN_2024.07.09_17.45.21/logs/routing/24-wire_lengths.log"

Tue Jul 09 17:47:37 UTC 2024 - Executing "openroad -exit /openlane/scripts/openroad/rcx.tcl |& tee /dev/null /openlane/designs/digital_desing/runs/RUN_2024.07.09_17.45.21/logs/signoff/25-parasitics_extraction.min.log"

Tue Jul 09 17:47:38 UTC 2024 - Executing "sta -exit -no_init /openlane/scripts/openroad/sta/multi_corner.tcl |& tee /dev/null /openlane/designs/digital_desing/runs/RUN_2024.07.09_17.45.21/logs/signoff/26-rcx_mcsta.min.log"

Tue Jul 09 17:47:41 UTC 2024 - Executing "openroad -exit /openlane/scripts/openroad/rcx.tcl |& tee /dev/null /openlane/designs/digital_desing/runs/RUN_2024.07.09_17.45.21/logs/signoff/27-parasitics_extraction.max.log"

Tue Jul 09 17:47:42 UTC 2024 - Executing "sta -exit -no_init /openlane/scripts/openroad/sta/multi_corner.tcl |& tee /dev/null /openlane/designs/digital_desing/runs/RUN_2024.07.09_17.45.21/logs/signoff/28-rcx_mcsta.max.log"

Tue Jul 09 17:47:45 UTC 2024 - Executing "openroad -exit /openlane/scripts/openroad/rcx.tcl |& tee /dev/null /openlane/designs/digital_desing/runs/RUN_2024.07.09_17.45.21/logs/signoff/29-parasitics_extraction.nom.log"

Tue Jul 09 17:47:46 UTC 2024 - Executing "sta -exit -no_init /openlane/scripts/openroad/sta/multi_corner.tcl |& tee /dev/null /openlane/designs/digital_desing/runs/RUN_2024.07.09_17.45.21/logs/signoff/30-rcx_mcsta.nom.log"

Tue Jul 09 17:47:48 UTC 2024 - Executing "sta -exit -no_init /openlane/scripts/openroad/sta/multi_corner.tcl |& tee /dev/null /openlane/designs/digital_desing/runs/RUN_2024.07.09_17.45.21/logs/signoff/31-rcx_sta.log"

Tue Jul 09 17:47:49 UTC 2024 - Executing "openroad -exit /openlane/scripts/openroad/irdrop.tcl |& tee /dev/null /openlane/designs/digital_desing/runs/RUN_2024.07.09_17.45.21/logs/signoff/32-irdrop.log"

Tue Jul 09 17:47:50 UTC 2024 - Executing "magic -noconsole -dnull -rcfile /home/celina/.volare/sky130A/libs.tech/magic/sky130A.magicrc < /openlane/scripts/magic/wrapper.tcl |& tee /dev/null /openlane/designs/digital_desing/runs/RUN_2024.07.09_17.45.21/logs/signoff/33-gdsii.log"

Tue Jul 09 17:47:52 UTC 2024 - Executing "magic -noconsole -dnull -rcfile /home/celina/.volare/sky130A/libs.tech/magic/sky130A.magicrc < /openlane/scripts/magic/wrapper.tcl |& tee /dev/null /openlane/designs/digital_desing/runs/RUN_2024.07.09_17.45.21/logs/signoff/33-gds_ptrs.log"

Tue Jul 09 17:47:52 UTC 2024 - Executing "sed -i.bak -n {/^<< properties >>/,/^<< end >>/p} /openlane/designs/digital_desing/runs/RUN_2024.07.09_17.45.21/tmp/signoff/gds_ptrs.mag"

Tue Jul 09 17:47:52 UTC 2024 - Executing "magic -noconsole -dnull -rcfile /home/celina/.volare/sky130A/libs.tech/magic/sky130A.magicrc < /openlane/scripts/magic/wrapper.tcl |& tee /dev/null /openlane/designs/digital_desing/runs/RUN_2024.07.09_17.45.21/logs/signoff/33-lef.log"

Tue Jul 09 17:47:53 UTC 2024 - Executing "magic -noconsole -dnull -rcfile /home/celina/.volare/sky130A/libs.tech/magic/sky130A.magicrc < /openlane/scripts/magic/wrapper.tcl |& tee /dev/null /openlane/designs/digital_desing/runs/RUN_2024.07.09_17.45.21/logs/signoff/33-maglef.log"

Tue Jul 09 17:47:54 UTC 2024 - Executing "python3 /openlane/scripts/klayout/stream_out.py --output /openlane/designs/digital_desing/runs/RUN_2024.07.09_17.45.21/results/signoff/digital_cs.klayout.gds --lyt /home/celina/.volare/sky130A/libs.tech/klayout/tech/sky130A.lyt --lym /home/celina/.volare/sky130A/libs.tech/klayout/tech/sky130A.map --lyp /home/celina/.volare/sky130A/libs.tech/klayout/tech/sky130A.lyp --top digital_cs --with-gds-file /home/celina/.volare/sky130A/libs.ref/sky130_fd_sc_hd/gds/sky130_fd_sc_hd.gds --input-lef /openlane/designs/digital_desing/runs/RUN_2024.07.09_17.45.21/tmp/merged.nom.lef /openlane/designs/digital_desing/runs/RUN_2024.07.09_17.45.21/results/routing/digital_cs.def |& tee /dev/null /openlane/designs/digital_desing/runs/RUN_2024.07.09_17.45.21/logs/signoff/34-gdsii-klayout.log"

Tue Jul 09 17:48:01 UTC 2024 - Executing "klayout -b -r /openlane/scripts/klayout/xor.drc -rd a=/openlane/designs/digital_desing/runs/RUN_2024.07.09_17.45.21/results/signoff/digital_cs.gds -rd b=/openlane/designs/digital_desing/runs/RUN_2024.07.09_17.45.21/results/signoff/digital_cs.klayout.gds -rd jobs=1 -rd rdb_out=/openlane/designs/digital_desing/runs/RUN_2024.07.09_17.45.21/reports/signoff/35-xor.xml -rd ignore=81/14 -rd rpt_out=/openlane/designs/digital_desing/runs/RUN_2024.07.09_17.45.21/reports/signoff/35-xor.rpt |& tee /dev/null /openlane/designs/digital_desing/runs/RUN_2024.07.09_17.45.21/logs/signoff/35-xor.log"

Tue Jul 09 17:48:02 UTC 2024 - Executing "magic -noconsole -dnull -rcfile /home/celina/.volare/sky130A/libs.tech/magic/sky130A.magicrc < /openlane/scripts/magic/wrapper.tcl |& tee /dev/null /openlane/designs/digital_desing/runs/RUN_2024.07.09_17.45.21/logs/signoff/36-spice.log"

Tue Jul 09 17:48:03 UTC 2024 - Executing "openroad -exit -no_init -python /openlane/scripts/odbpy/power_utils.py write_powered_def --output /openlane/designs/digital_desing/runs/RUN_2024.07.09_17.45.21/tmp/signoff/36-digital_cs.p.def --input-lef /openlane/designs/digital_desing/runs/RUN_2024.07.09_17.45.21/tmp/merged.nom.lef --power-port VPWR --ground-port VGND --powered-netlist {} /openlane/designs/digital_desing/runs/RUN_2024.07.09_17.45.21/results/routing/digital_cs.def |& tee /dev/null /openlane/designs/digital_desing/runs/RUN_2024.07.09_17.45.21/logs/signoff/37-write_powered_def.log"

Tue Jul 09 17:48:04 UTC 2024 - Executing "openroad -exit /openlane/scripts/openroad/write_views.tcl |& tee /dev/null /openlane/designs/digital_desing/runs/RUN_2024.07.09_17.45.21/logs/signoff/37-write_powered_verilog.log"

Tue Jul 09 17:48:04 UTC 2024 - Executing "sed -i.bak -e {s/\(set ::env(CURRENT_NETLIST)\).*/\1 \/openlane\/designs\/digital_desing\/runs\/RUN_2024.07.09_17.45.21\/tmp\/signoff\/36-digital_cs.nl.v/} /openlane/designs/digital_desing/runs/RUN_2024.07.09_17.45.21/config.tcl"

Tue Jul 09 17:48:05 UTC 2024 - Executing "netgen -batch source /openlane/designs/digital_desing/runs/RUN_2024.07.09_17.45.21/tmp/signoff/39-setup_file.lef.lvs |& tee /dev/null /openlane/designs/digital_desing/runs/RUN_2024.07.09_17.45.21/logs/signoff/39-lvs.lef.log"

Tue Jul 09 17:48:06 UTC 2024 - Executing "magic -noconsole -dnull -rcfile /home/celina/.volare/sky130A/libs.tech/magic/sky130A.magicrc < /openlane/scripts/magic/wrapper.tcl |& tee /dev/null /openlane/designs/digital_desing/runs/RUN_2024.07.09_17.45.21/logs/signoff/40-drc.log"

Tue Jul 09 17:48:07 UTC 2024 - Executing "python3 /openlane/scripts/drc_rosetta.py magic to_tcl -o /openlane/designs/digital_desing/runs/RUN_2024.07.09_17.45.21/reports/signoff/drc.tcl /openlane/designs/digital_desing/runs/RUN_2024.07.09_17.45.21/reports/signoff/drc.rpt"

Tue Jul 09 17:48:07 UTC 2024 - Executing "python3 /openlane/scripts/drc_rosetta.py magic to_tr -o /openlane/designs/digital_desing/runs/RUN_2024.07.09_17.45.21/reports/signoff/drc.tr /openlane/designs/digital_desing/runs/RUN_2024.07.09_17.45.21/reports/signoff/drc.rpt"

Tue Jul 09 17:48:07 UTC 2024 - Executing "python3 /openlane/scripts/drc_rosetta.py tr to_klayout -o /openlane/designs/digital_desing/runs/RUN_2024.07.09_17.45.21/reports/signoff/drc.klayout.xml --design-name digital_cs /openlane/designs/digital_desing/runs/RUN_2024.07.09_17.45.21/reports/signoff/drc.tr"

Tue Jul 09 17:48:07 UTC 2024 - Executing "python3 /openlane/scripts/drc_rosetta.py magic to_rdb -o /openlane/designs/digital_desing/runs/RUN_2024.07.09_17.45.21/reports/signoff/drc.rdb /openlane/designs/digital_desing/runs/RUN_2024.07.09_17.45.21/reports/signoff/drc.rpt"

Tue Jul 09 17:48:08 UTC 2024 - Executing "openroad -exit /openlane/scripts/openroad/antenna_check.tcl |& tee /dev/null /openlane/designs/digital_desing/runs/RUN_2024.07.09_17.45.21/logs/signoff/41-arc.log"

Tue Jul 09 17:48:08 UTC 2024 - Executing "python3 /openlane/scripts/extract_antenna_violators.py --output /openlane/designs/digital_desing/runs/RUN_2024.07.09_17.45.21/reports/signoff/41-antenna_violators.rpt --plain-out /openlane/designs/digital_desing/runs/RUN_2024.07.09_17.45.21/reports/signoff/41-antenna_violators_pins.txt /openlane/designs/digital_desing/runs/RUN_2024.07.09_17.45.21/logs/signoff/41-arc.log"

Tue Jul 09 17:48:09 UTC 2024 - Executing "awk -v vdd=VPWR -v gnd=VGND -f /home/celina/.volare/sky130A/libs.tech/openlane/cvc/power.awk /openlane/designs/digital_desing/runs/RUN_2024.07.09_17.45.21/tmp/signoff/36-digital_cs.nl.v > /openlane/designs/digital_desing/runs/RUN_2024.07.09_17.45.21/tmp/signoff/digital_cs.power"

Tue Jul 09 17:48:09 UTC 2024 - Executing "awk -f /home/celina/.volare/sky130A/libs.tech/openlane/cvc/cdl.awk /home/celina/.volare/sky130A/libs.ref/sky130_fd_sc_hd/cdl/sky130_fd_sc_hd.cdl /openlane/designs/digital_desing/runs/RUN_2024.07.09_17.45.21/results/signoff/digital_cs.lef.spice > /openlane/designs/digital_desing/runs/RUN_2024.07.09_17.45.21/tmp/signoff/digital_cs.cdl"

Tue Jul 09 17:48:09 UTC 2024 - Executing "cvc_rv /home/celina/.volare/sky130A/libs.tech/openlane/cvc/cvcrc |& tee /dev/null /openlane/designs/digital_desing/runs/RUN_2024.07.09_17.45.21/logs/signoff/42-erc_screen.log"

