OpenROAD 41a51eaf4ca2171c92ff38afb91eb37bbd3f36da 
This program is licensed under the BSD-3 license. See the LICENSE file for details.
Components of this program may be licensed under more restrictive licenses which must be honored.
[INFO]: Reading ODB at '/openlane/designs/digital_desing/runs/RUN_2024.06.24_22.56.04/results/floorplan/pulse_generator.odb'…
define_corners Typical
read_liberty -corner Typical /home/celina/open_pdks/sky130A/libs.ref/sky130_fd_sc_hd/lib/sky130_fd_sc_hd__tt_025C_1v80.lib
Using 1e-12 for capacitance...
Using 1e+03 for resistance...
Using 1e-09 for time...
Using 1e+00 for voltage...
Using 1e-03 for current...
Using 1e-09 for power...
Using 1e-06 for distance...
Reading design constraints file at '/openlane/designs/digital_desing/runs/RUN_2024.06.24_22.56.04/tmp/floorplan/3-initial_fp.sdc'…
[INFO]: Setting RC values...
[INFO]: Setting signal min routing layer to: met1 and clock min routing layer to met1. 
[INFO]: Setting signal max routing layer to: met5 and clock max routing layer to met5. 
[INFO GPL-0002] DBU: 1000
[INFO GPL-0003] SiteSize: 460 2720
[INFO GPL-0004] CoreAreaLxLy: 5520 10880
[INFO GPL-0005] CoreAreaUxUy: 45080 48960
[INFO GPL-0006] NumInstances: 119
[INFO GPL-0007] NumPlaceInstances: 75
[INFO GPL-0008] NumFixedInstances: 44
[INFO GPL-0009] NumDummyInstances: 0
[INFO GPL-0010] NumNets: 81
[INFO GPL-0011] NumPins: 288
[INFO GPL-0012] DieAreaLxLy: 0 0
[INFO GPL-0013] DieAreaUxUy: 50680 61400
[INFO GPL-0014] CoreAreaLxLy: 5520 10880
[INFO GPL-0015] CoreAreaUxUy: 45080 48960
[INFO GPL-0016] CoreArea: 1506444800
[INFO GPL-0017] NonPlaceInstsArea: 125120000
[INFO GPL-0018] PlaceInstsArea: 785753600
[INFO GPL-0019] Util(%): 56.88
[INFO GPL-0020] StdInstsArea: 785753600
[INFO GPL-0021] MacroInstsArea: 0
[InitialPlace]  Iter: 1 CG residual: 0.00000009 HPWL: 1044030
[InitialPlace]  Iter: 2 CG residual: 0.00000009 HPWL: 973062
[InitialPlace]  Iter: 3 CG residual: 0.00000007 HPWL: 974020
[InitialPlace]  Iter: 4 CG residual: 0.00000007 HPWL: 977407
[InitialPlace]  Iter: 5 CG residual: 0.00000009 HPWL: 976520
[INFO GPL-0031] FillerInit: NumGCells: 79
[INFO GPL-0032] FillerInit: NumGNets: 81
[INFO GPL-0033] FillerInit: NumGPins: 288
[INFO GPL-0023] TargetDensity: 0.60
[INFO GPL-0024] AveragePlaceInstArea: 10476714
[INFO GPL-0025] IdealBinArea: 17461190
[INFO GPL-0026] IdealBinCnt: 86
[INFO GPL-0027] TotalBinArea: 1506444800
[INFO GPL-0028] BinCnt: 8 8
[INFO GPL-0029] BinSize: 4945 4760
[INFO GPL-0030] NumBins: 64
[NesterovSolve] Iter: 1 overflow: 0.880742 HPWL: 504243
[NesterovSolve] Iter: 10 overflow: 0.87803 HPWL: 536418
[NesterovSolve] Iter: 20 overflow: 0.869686 HPWL: 535315
[NesterovSolve] Iter: 30 overflow: 0.842346 HPWL: 536325
[NesterovSolve] Iter: 40 overflow: 0.836488 HPWL: 537182
[NesterovSolve] Iter: 50 overflow: 0.836137 HPWL: 537654
[NesterovSolve] Iter: 60 overflow: 0.836706 HPWL: 537654
[NesterovSolve] Iter: 70 overflow: 0.837959 HPWL: 537529
[NesterovSolve] Iter: 80 overflow: 0.839244 HPWL: 537510
[NesterovSolve] Iter: 90 overflow: 0.838792 HPWL: 537824
[NesterovSolve] Iter: 100 overflow: 0.837489 HPWL: 538508
[NesterovSolve] Iter: 110 overflow: 0.836586 HPWL: 539685
[NesterovSolve] Iter: 120 overflow: 0.836518 HPWL: 541544
[NesterovSolve] Iter: 130 overflow: 0.83648 HPWL: 544686
[NesterovSolve] Iter: 140 overflow: 0.833143 HPWL: 550667
[NesterovSolve] Iter: 150 overflow: 0.820131 HPWL: 562445
[NesterovSolve] Iter: 160 overflow: 0.795666 HPWL: 582503
[INFO GPL-0100] worst slack 9.58e-10
[INFO GPL-0103] Weighted 7 nets.
[NesterovSolve] Iter: 170 overflow: 0.772804 HPWL: 629203
[NesterovSolve] Iter: 180 overflow: 0.743967 HPWL: 672622
[NesterovSolve] Iter: 190 overflow: 0.697162 HPWL: 689141
[NesterovSolve] Iter: 200 overflow: 0.664055 HPWL: 733240
[INFO GPL-0100] worst slack 9.59e-10
[INFO GPL-0103] Weighted 7 nets.
[NesterovSolve] Iter: 210 overflow: 0.621855 HPWL: 772318
[NesterovSolve] Snapshot saved at iter = 215
[NesterovSolve] Iter: 220 overflow: 0.5783 HPWL: 805681
[NesterovSolve] Iter: 230 overflow: 0.525064 HPWL: 836717
[NesterovSolve] Iter: 240 overflow: 0.482553 HPWL: 873169
[INFO GPL-0100] worst slack 9.58e-10
[INFO GPL-0103] Weighted 7 nets.
[NesterovSolve] Iter: 250 overflow: 0.429992 HPWL: 908581
[NesterovSolve] Iter: 260 overflow: 0.381107 HPWL: 945584
[NesterovSolve] Iter: 270 overflow: 0.329759 HPWL: 968021
[NesterovSolve] Iter: 280 overflow: 0.299131 HPWL: 972375
[INFO GPL-0100] worst slack 9.65e-10
[INFO GPL-0103] Weighted 7 nets.
[NesterovSolve] Iter: 290 overflow: 0.251544 HPWL: 975080
[NesterovSolve] Iter: 300 overflow: 0.224258 HPWL: 979251
[INFO GPL-0100] worst slack 9.62e-10
[INFO GPL-0103] Weighted 7 nets.
[INFO GPL-0075] Routability numCall: 1 inflationIterCnt: 1 bloatIterCnt: 0
[INFO GPL-0036] TileLxLy: 0 0
[INFO GPL-0037] TileSize: 6900 6900
[INFO GPL-0038] TileCnt: 7 8
[INFO GPL-0039] numRoutingLayers: 6
[INFO GPL-0040] NumTiles: 56
[INFO GPL-0063] TotalRouteOverflowH2: 0.0
[INFO GPL-0064] TotalRouteOverflowV2: 0.0
[INFO GPL-0065] OverflowTileCnt2: 0
[INFO GPL-0066] 0.5%RC: 1.0
[INFO GPL-0067] 1.0%RC: 1.0
[INFO GPL-0068] 2.0%RC: 1.0
[INFO GPL-0069] 5.0%RC: 0.9399999856948853
[INFO GPL-0070] 0.5rcK: 1.0
[INFO GPL-0071] 1.0rcK: 1.0
[INFO GPL-0072] 2.0rcK: 0.0
[INFO GPL-0073] 5.0rcK: 0.0
[INFO GPL-0074] FinalRC: 1.0
[NesterovSolve] Iter: 310 overflow: 0.188994 HPWL: 996083
[NesterovSolve] Iter: 320 overflow: 0.151505 HPWL: 993020
[INFO GPL-0100] worst slack 9.63e-10
[INFO GPL-0103] Weighted 7 nets.
[NesterovSolve] Iter: 330 overflow: 0.130625 HPWL: 1011857
[NesterovSolve] Iter: 340 overflow: 0.0993056 HPWL: 1021425
[NesterovSolve] Finished with Overflow: 0.099306
Setting global connections for newly added cells…
Writing OpenROAD database to '/openlane/designs/digital_desing/runs/RUN_2024.06.24_22.56.04/tmp/placement/7-global.odb'…
Writing netlist to '/openlane/designs/digital_desing/runs/RUN_2024.06.24_22.56.04/tmp/placement/7-global.nl.v'…
Writing powered netlist to '/openlane/designs/digital_desing/runs/RUN_2024.06.24_22.56.04/tmp/placement/7-global.pnl.v'…
Writing layout to '/openlane/designs/digital_desing/runs/RUN_2024.06.24_22.56.04/tmp/placement/7-global.def'…
