
61. Printing statistics.

=== pulse_generator ===

   Number of wires:                 78
   Number of wire bits:             81
   Number of public wires:          16
   Number of public wire bits:      19
   Number of memories:               0
   Number of memory bits:            0
   Number of processes:              0
   Number of cells:                 75
     sky130_fd_sc_hd__a21oi_2        4
     sky130_fd_sc_hd__a2bb2o_2       1
     sky130_fd_sc_hd__a31o_2         1
     sky130_fd_sc_hd__and2b_2        1
     sky130_fd_sc_hd__and3_2         4
     sky130_fd_sc_hd__and4_2         3
     sky130_fd_sc_hd__and4b_2        1
     sky130_fd_sc_hd__buf_1          4
     sky130_fd_sc_hd__dfxtp_2       12
     sky130_fd_sc_hd__inv_2          2
     sky130_fd_sc_hd__nand2_2        5
     sky130_fd_sc_hd__nor2_2        10
     sky130_fd_sc_hd__o2111a_2       3
     sky130_fd_sc_hd__o211a_2        9
     sky130_fd_sc_hd__o21a_2         1
     sky130_fd_sc_hd__o21ai_2        1
     sky130_fd_sc_hd__o21bai_2       1
     sky130_fd_sc_hd__o31ai_2        1
     sky130_fd_sc_hd__or2_2          3
     sky130_fd_sc_hd__or3_2          1
     sky130_fd_sc_hd__or4_2          4
     sky130_fd_sc_hd__xnor2_2        1
     sky130_fd_sc_hd__xor2_2         2

   Chip area for module '\pulse_generator': 785.753600

