
===========================================================================
 report_power
============================================================================
======================= Fastest Corner ===================================

Group                  Internal  Switching    Leakage      Total
                          Power      Power      Power      Power (Watts)
----------------------------------------------------------------
Sequential             1.38e-04   3.02e-05   1.77e-10   1.69e-04  33.5%
Combinational          2.07e-04   1.28e-04   9.36e-10   3.35e-04  66.5%
Macro                  0.00e+00   0.00e+00   0.00e+00   0.00e+00   0.0%
Pad                    0.00e+00   0.00e+00   0.00e+00   0.00e+00   0.0%
----------------------------------------------------------------
Total                  3.46e-04   1.58e-04   1.11e-09   5.04e-04 100.0%
                          68.7%      31.3%       0.0%

======================= Slowest Corner ===================================

Group                  Internal  Switching    Leakage      Total
                          Power      Power      Power      Power (Watts)
----------------------------------------------------------------
Sequential             9.42e-05   1.95e-05   1.77e-07   1.14e-04  32.9%
Combinational          1.48e-04   8.34e-05   4.04e-07   2.32e-04  67.1%
Macro                  0.00e+00   0.00e+00   0.00e+00   0.00e+00   0.0%
Pad                    0.00e+00   0.00e+00   0.00e+00   0.00e+00   0.0%
----------------------------------------------------------------
Total                  2.42e-04   1.03e-04   5.81e-07   3.46e-04 100.0%
                          70.1%      29.8%       0.2%

======================= Typical Corner ===================================

Group                  Internal  Switching    Leakage      Total
                          Power      Power      Power      Power (Watts)
----------------------------------------------------------------
Sequential             1.20e-04   2.51e-05   1.01e-10   1.45e-04  33.3%
Combinational          1.83e-04   1.07e-04   5.41e-10   2.90e-04  66.7%
Macro                  0.00e+00   0.00e+00   0.00e+00   0.00e+00   0.0%
Pad                    0.00e+00   0.00e+00   0.00e+00   0.00e+00   0.0%
----------------------------------------------------------------
Total                  3.02e-04   1.33e-04   6.43e-10   4.35e-04 100.0%
                          69.5%      30.5%       0.0%

