
===========================================================================
report_checks -path_delay min (Hold)
============================================================================
======================= Typical Corner ===================================

Startpoint: _126_ (rising edge-triggered flip-flop clocked by clk)
Endpoint: _126_ (rising edge-triggered flip-flop clocked by clk)
Path Group: clk
Path Type: min

Fanout     Cap    Slew   Delay    Time   Description
-----------------------------------------------------------------------------
                          0.00    0.00   clock clk (rise edge)
                          0.00    0.00   clock source latency
                  0.04    0.03    0.03 ^ clk (in)
     1    0.01                           clk (net)
                  0.04    0.00    0.03 ^ clkbuf_0_clk/A (sky130_fd_sc_hd__clkbuf_16)
                  0.04    0.11    0.14 ^ clkbuf_0_clk/X (sky130_fd_sc_hd__clkbuf_16)
     2    0.02                           clknet_0_clk (net)
                  0.04    0.00    0.14 ^ clkbuf_1_0__f_clk/A (sky130_fd_sc_hd__clkbuf_16)
                  0.04    0.11    0.25 ^ clkbuf_1_0__f_clk/X (sky130_fd_sc_hd__clkbuf_16)
     7    0.01                           clknet_1_0__leaf_clk (net)
                  0.04    0.00    0.25 ^ _126_/CLK (sky130_fd_sc_hd__dfxtp_2)
                  0.09    0.33    0.58 ^ _126_/Q (sky130_fd_sc_hd__dfxtp_2)
     8    0.02                           count[1] (net)
                  0.09    0.00    0.58 ^ _088_/B (sky130_fd_sc_hd__nand2_1)
                  0.03    0.05    0.64 v _088_/Y (sky130_fd_sc_hd__nand2_1)
     1    0.00                           _039_ (net)
                  0.03    0.00    0.64 v _090_/B1 (sky130_fd_sc_hd__o2111a_1)
                  0.03    0.11    0.75 v _090_/X (sky130_fd_sc_hd__o2111a_1)
     1    0.00                           _001_ (net)
                  0.03    0.00    0.75 v _126_/D (sky130_fd_sc_hd__dfxtp_2)
                                  0.75   data arrival time

                          0.00    0.00   clock clk (rise edge)
                          0.00    0.00   clock source latency
                  0.04    0.03    0.03 ^ clk (in)
     1    0.01                           clk (net)
                  0.04    0.00    0.03 ^ clkbuf_0_clk/A (sky130_fd_sc_hd__clkbuf_16)
                  0.04    0.13    0.16 ^ clkbuf_0_clk/X (sky130_fd_sc_hd__clkbuf_16)
     2    0.02                           clknet_0_clk (net)
                  0.04    0.00    0.16 ^ clkbuf_1_0__f_clk/A (sky130_fd_sc_hd__clkbuf_16)
                  0.04    0.12    0.28 ^ clkbuf_1_0__f_clk/X (sky130_fd_sc_hd__clkbuf_16)
     7    0.01                           clknet_1_0__leaf_clk (net)
                  0.04    0.00    0.28 ^ _126_/CLK (sky130_fd_sc_hd__dfxtp_2)
                          0.25    0.53   clock uncertainty
                         -0.03    0.50   clock reconvergence pessimism
                         -0.04    0.46   library hold time
                                  0.46   data required time
-----------------------------------------------------------------------------
                                  0.46   data required time
                                 -0.75   data arrival time
-----------------------------------------------------------------------------
                                  0.29   slack (MET)


Startpoint: _133_ (rising edge-triggered flip-flop clocked by clk)
Endpoint: _133_ (rising edge-triggered flip-flop clocked by clk)
Path Group: clk
Path Type: min

Fanout     Cap    Slew   Delay    Time   Description
-----------------------------------------------------------------------------
                          0.00    0.00   clock clk (rise edge)
                          0.00    0.00   clock source latency
                  0.04    0.03    0.03 ^ clk (in)
     1    0.01                           clk (net)
                  0.04    0.00    0.03 ^ clkbuf_0_clk/A (sky130_fd_sc_hd__clkbuf_16)
                  0.04    0.11    0.14 ^ clkbuf_0_clk/X (sky130_fd_sc_hd__clkbuf_16)
     2    0.02                           clknet_0_clk (net)
                  0.04    0.00    0.14 ^ clkbuf_1_1__f_clk/A (sky130_fd_sc_hd__clkbuf_16)
                  0.03    0.11    0.25 ^ clkbuf_1_1__f_clk/X (sky130_fd_sc_hd__clkbuf_16)
     5    0.01                           clknet_1_1__leaf_clk (net)
                  0.03    0.00    0.25 ^ _133_/CLK (sky130_fd_sc_hd__dfxtp_1)
                  0.11    0.33    0.58 ^ _133_/Q (sky130_fd_sc_hd__dfxtp_1)
     4    0.01                           count[8] (net)
                  0.11    0.00    0.58 ^ _113_/A (sky130_fd_sc_hd__xnor2_1)
                  0.03    0.07    0.65 v _113_/Y (sky130_fd_sc_hd__xnor2_1)
     1    0.00                           _057_ (net)
                  0.03    0.00    0.65 v _114_/B1 (sky130_fd_sc_hd__o211a_1)
                  0.02    0.10    0.75 v _114_/X (sky130_fd_sc_hd__o211a_1)
     1    0.00                           _008_ (net)
                  0.02    0.00    0.75 v _133_/D (sky130_fd_sc_hd__dfxtp_1)
                                  0.75   data arrival time

                          0.00    0.00   clock clk (rise edge)
                          0.00    0.00   clock source latency
                  0.04    0.03    0.03 ^ clk (in)
     1    0.01                           clk (net)
                  0.04    0.00    0.03 ^ clkbuf_0_clk/A (sky130_fd_sc_hd__clkbuf_16)
                  0.04    0.13    0.16 ^ clkbuf_0_clk/X (sky130_fd_sc_hd__clkbuf_16)
     2    0.02                           clknet_0_clk (net)
                  0.04    0.00    0.16 ^ clkbuf_1_1__f_clk/A (sky130_fd_sc_hd__clkbuf_16)
                  0.03    0.12    0.27 ^ clkbuf_1_1__f_clk/X (sky130_fd_sc_hd__clkbuf_16)
     5    0.01                           clknet_1_1__leaf_clk (net)
                  0.03    0.00    0.27 ^ _133_/CLK (sky130_fd_sc_hd__dfxtp_1)
                          0.25    0.52   clock uncertainty
                         -0.03    0.50   clock reconvergence pessimism
                         -0.05    0.45   library hold time
                                  0.45   data required time
-----------------------------------------------------------------------------
                                  0.45   data required time
                                 -0.75   data arrival time
-----------------------------------------------------------------------------
                                  0.30   slack (MET)


Startpoint: _128_ (rising edge-triggered flip-flop clocked by clk)
Endpoint: _128_ (rising edge-triggered flip-flop clocked by clk)
Path Group: clk
Path Type: min

Fanout     Cap    Slew   Delay    Time   Description
-----------------------------------------------------------------------------
                          0.00    0.00   clock clk (rise edge)
                          0.00    0.00   clock source latency
                  0.04    0.03    0.03 ^ clk (in)
     1    0.01                           clk (net)
                  0.04    0.00    0.03 ^ clkbuf_0_clk/A (sky130_fd_sc_hd__clkbuf_16)
                  0.04    0.11    0.14 ^ clkbuf_0_clk/X (sky130_fd_sc_hd__clkbuf_16)
     2    0.02                           clknet_0_clk (net)
                  0.04    0.00    0.14 ^ clkbuf_1_0__f_clk/A (sky130_fd_sc_hd__clkbuf_16)
                  0.04    0.11    0.25 ^ clkbuf_1_0__f_clk/X (sky130_fd_sc_hd__clkbuf_16)
     7    0.01                           clknet_1_0__leaf_clk (net)
                  0.04    0.00    0.25 ^ _128_/CLK (sky130_fd_sc_hd__dfxtp_1)
                  0.05    0.29    0.54 v _128_/Q (sky130_fd_sc_hd__dfxtp_1)
     4    0.01                           count[3] (net)
                  0.05    0.00    0.54 v _096_/A (sky130_fd_sc_hd__nor2_1)
                  0.07    0.09    0.63 ^ _096_/Y (sky130_fd_sc_hd__nor2_1)
     1    0.00                           _045_ (net)
                  0.07    0.00    0.63 ^ _097_/B (sky130_fd_sc_hd__nor2_1)
                  0.03    0.04    0.67 v _097_/Y (sky130_fd_sc_hd__nor2_1)
     1    0.00                           _046_ (net)
                  0.03    0.00    0.67 v _098_/B1 (sky130_fd_sc_hd__o211a_1)
                  0.02    0.10    0.77 v _098_/X (sky130_fd_sc_hd__o211a_1)
     1    0.00                           _003_ (net)
                  0.02    0.00    0.77 v _128_/D (sky130_fd_sc_hd__dfxtp_1)
                                  0.77   data arrival time

                          0.00    0.00   clock clk (rise edge)
                          0.00    0.00   clock source latency
                  0.04    0.03    0.03 ^ clk (in)
     1    0.01                           clk (net)
                  0.04    0.00    0.03 ^ clkbuf_0_clk/A (sky130_fd_sc_hd__clkbuf_16)
                  0.04    0.13    0.16 ^ clkbuf_0_clk/X (sky130_fd_sc_hd__clkbuf_16)
     2    0.02                           clknet_0_clk (net)
                  0.04    0.00    0.16 ^ clkbuf_1_0__f_clk/A (sky130_fd_sc_hd__clkbuf_16)
                  0.04    0.12    0.28 ^ clkbuf_1_0__f_clk/X (sky130_fd_sc_hd__clkbuf_16)
     7    0.01                           clknet_1_0__leaf_clk (net)
                  0.04    0.00    0.28 ^ _128_/CLK (sky130_fd_sc_hd__dfxtp_1)
                          0.25    0.53   clock uncertainty
                         -0.03    0.50   clock reconvergence pessimism
                         -0.05    0.45   library hold time
                                  0.45   data required time
-----------------------------------------------------------------------------
                                  0.45   data required time
                                 -0.77   data arrival time
-----------------------------------------------------------------------------
                                  0.31   slack (MET)


Startpoint: _132_ (rising edge-triggered flip-flop clocked by clk)
Endpoint: _132_ (rising edge-triggered flip-flop clocked by clk)
Path Group: clk
Path Type: min

Fanout     Cap    Slew   Delay    Time   Description
-----------------------------------------------------------------------------
                          0.00    0.00   clock clk (rise edge)
                          0.00    0.00   clock source latency
                  0.04    0.03    0.03 ^ clk (in)
     1    0.01                           clk (net)
                  0.04    0.00    0.03 ^ clkbuf_0_clk/A (sky130_fd_sc_hd__clkbuf_16)
                  0.04    0.11    0.14 ^ clkbuf_0_clk/X (sky130_fd_sc_hd__clkbuf_16)
     2    0.02                           clknet_0_clk (net)
                  0.04    0.00    0.14 ^ clkbuf_1_1__f_clk/A (sky130_fd_sc_hd__clkbuf_16)
                  0.03    0.11    0.25 ^ clkbuf_1_1__f_clk/X (sky130_fd_sc_hd__clkbuf_16)
     5    0.01                           clknet_1_1__leaf_clk (net)
                  0.03    0.00    0.25 ^ _132_/CLK (sky130_fd_sc_hd__dfxtp_1)
                  0.05    0.30    0.54 v _132_/Q (sky130_fd_sc_hd__dfxtp_1)
     5    0.01                           count[7] (net)
                  0.05    0.00    0.54 v _110_/A (sky130_fd_sc_hd__nand2_1)
                  0.08    0.08    0.62 ^ _110_/Y (sky130_fd_sc_hd__nand2_1)
     2    0.01                           _055_ (net)
                  0.08    0.00    0.62 ^ _112_/B1 (sky130_fd_sc_hd__o2111a_1)
                  0.04    0.16    0.79 ^ _112_/X (sky130_fd_sc_hd__o2111a_1)
     1    0.00                           _007_ (net)
                  0.04    0.00    0.79 ^ _132_/D (sky130_fd_sc_hd__dfxtp_1)
                                  0.79   data arrival time

                          0.00    0.00   clock clk (rise edge)
                          0.00    0.00   clock source latency
                  0.04    0.03    0.03 ^ clk (in)
     1    0.01                           clk (net)
                  0.04    0.00    0.03 ^ clkbuf_0_clk/A (sky130_fd_sc_hd__clkbuf_16)
                  0.04    0.13    0.16 ^ clkbuf_0_clk/X (sky130_fd_sc_hd__clkbuf_16)
     2    0.02                           clknet_0_clk (net)
                  0.04    0.00    0.16 ^ clkbuf_1_1__f_clk/A (sky130_fd_sc_hd__clkbuf_16)
                  0.03    0.12    0.27 ^ clkbuf_1_1__f_clk/X (sky130_fd_sc_hd__clkbuf_16)
     5    0.01                           clknet_1_1__leaf_clk (net)
                  0.03    0.00    0.27 ^ _132_/CLK (sky130_fd_sc_hd__dfxtp_1)
                          0.25    0.52   clock uncertainty
                         -0.03    0.50   clock reconvergence pessimism
                         -0.03    0.47   library hold time
                                  0.47   data required time
-----------------------------------------------------------------------------
                                  0.47   data required time
                                 -0.79   data arrival time
-----------------------------------------------------------------------------
                                  0.32   slack (MET)


Startpoint: _130_ (rising edge-triggered flip-flop clocked by clk)
Endpoint: _130_ (rising edge-triggered flip-flop clocked by clk)
Path Group: clk
Path Type: min

Fanout     Cap    Slew   Delay    Time   Description
-----------------------------------------------------------------------------
                          0.00    0.00   clock clk (rise edge)
                          0.00    0.00   clock source latency
                  0.04    0.03    0.03 ^ clk (in)
     1    0.01                           clk (net)
                  0.04    0.00    0.03 ^ clkbuf_0_clk/A (sky130_fd_sc_hd__clkbuf_16)
                  0.04    0.11    0.14 ^ clkbuf_0_clk/X (sky130_fd_sc_hd__clkbuf_16)
     2    0.02                           clknet_0_clk (net)
                  0.04    0.00    0.14 ^ clkbuf_1_0__f_clk/A (sky130_fd_sc_hd__clkbuf_16)
                  0.04    0.11    0.25 ^ clkbuf_1_0__f_clk/X (sky130_fd_sc_hd__clkbuf_16)
     7    0.01                           clknet_1_0__leaf_clk (net)
                  0.04    0.00    0.25 ^ _130_/CLK (sky130_fd_sc_hd__dfxtp_1)
                  0.04    0.29    0.54 v _130_/Q (sky130_fd_sc_hd__dfxtp_1)
     4    0.01                           count[5] (net)
                  0.04    0.00    0.54 v _103_/B1 (sky130_fd_sc_hd__a21oi_1)
                  0.08    0.10    0.64 ^ _103_/Y (sky130_fd_sc_hd__a21oi_1)
     1    0.00                           _050_ (net)
                  0.08    0.00    0.64 ^ _104_/B (sky130_fd_sc_hd__nor2_1)
                  0.03    0.04    0.68 v _104_/Y (sky130_fd_sc_hd__nor2_1)
     1    0.00                           _051_ (net)
                  0.03    0.00    0.68 v _105_/B1 (sky130_fd_sc_hd__o211a_1)
                  0.02    0.10    0.78 v _105_/X (sky130_fd_sc_hd__o211a_1)
     1    0.00                           _005_ (net)
                  0.02    0.00    0.78 v _130_/D (sky130_fd_sc_hd__dfxtp_1)
                                  0.78   data arrival time

                          0.00    0.00   clock clk (rise edge)
                          0.00    0.00   clock source latency
                  0.04    0.03    0.03 ^ clk (in)
     1    0.01                           clk (net)
                  0.04    0.00    0.03 ^ clkbuf_0_clk/A (sky130_fd_sc_hd__clkbuf_16)
                  0.04    0.13    0.16 ^ clkbuf_0_clk/X (sky130_fd_sc_hd__clkbuf_16)
     2    0.02                           clknet_0_clk (net)
                  0.04    0.00    0.16 ^ clkbuf_1_0__f_clk/A (sky130_fd_sc_hd__clkbuf_16)
                  0.04    0.12    0.28 ^ clkbuf_1_0__f_clk/X (sky130_fd_sc_hd__clkbuf_16)
     7    0.01                           clknet_1_0__leaf_clk (net)
                  0.04    0.00    0.28 ^ _130_/CLK (sky130_fd_sc_hd__dfxtp_1)
                          0.25    0.53   clock uncertainty
                         -0.03    0.50   clock reconvergence pessimism
                         -0.05    0.45   library hold time
                                  0.45   data required time
-----------------------------------------------------------------------------
                                  0.45   data required time
                                 -0.78   data arrival time
-----------------------------------------------------------------------------
                                  0.32   slack (MET)


Startpoint: _127_ (rising edge-triggered flip-flop clocked by clk)
Endpoint: _127_ (rising edge-triggered flip-flop clocked by clk)
Path Group: clk
Path Type: min

Fanout     Cap    Slew   Delay    Time   Description
-----------------------------------------------------------------------------
                          0.00    0.00   clock clk (rise edge)
                          0.00    0.00   clock source latency
                  0.04    0.03    0.03 ^ clk (in)
     1    0.01                           clk (net)
                  0.04    0.00    0.03 ^ clkbuf_0_clk/A (sky130_fd_sc_hd__clkbuf_16)
                  0.04    0.11    0.14 ^ clkbuf_0_clk/X (sky130_fd_sc_hd__clkbuf_16)
     2    0.02                           clknet_0_clk (net)
                  0.04    0.00    0.14 ^ clkbuf_1_0__f_clk/A (sky130_fd_sc_hd__clkbuf_16)
                  0.04    0.11    0.25 ^ clkbuf_1_0__f_clk/X (sky130_fd_sc_hd__clkbuf_16)
     7    0.01                           clknet_1_0__leaf_clk (net)
                  0.04    0.00    0.25 ^ _127_/CLK (sky130_fd_sc_hd__dfxtp_1)
                  0.05    0.30    0.55 v _127_/Q (sky130_fd_sc_hd__dfxtp_1)
     5    0.01                           count[2] (net)
                  0.05    0.00    0.55 v _092_/B1 (sky130_fd_sc_hd__a21oi_1)
                  0.08    0.10    0.65 ^ _092_/Y (sky130_fd_sc_hd__a21oi_1)
     1    0.00                           _042_ (net)
                  0.08    0.00    0.65 ^ _093_/B (sky130_fd_sc_hd__nor2_1)
                  0.03    0.04    0.69 v _093_/Y (sky130_fd_sc_hd__nor2_1)
     1    0.00                           _043_ (net)
                  0.03    0.00    0.69 v _094_/B1 (sky130_fd_sc_hd__o211a_1)
                  0.02    0.10    0.79 v _094_/X (sky130_fd_sc_hd__o211a_1)
     1    0.00                           _002_ (net)
                  0.02    0.00    0.79 v _127_/D (sky130_fd_sc_hd__dfxtp_1)
                                  0.79   data arrival time

                          0.00    0.00   clock clk (rise edge)
                          0.00    0.00   clock source latency
                  0.04    0.03    0.03 ^ clk (in)
     1    0.01                           clk (net)
                  0.04    0.00    0.03 ^ clkbuf_0_clk/A (sky130_fd_sc_hd__clkbuf_16)
                  0.04    0.13    0.16 ^ clkbuf_0_clk/X (sky130_fd_sc_hd__clkbuf_16)
     2    0.02                           clknet_0_clk (net)
                  0.04    0.00    0.16 ^ clkbuf_1_0__f_clk/A (sky130_fd_sc_hd__clkbuf_16)
                  0.04    0.12    0.28 ^ clkbuf_1_0__f_clk/X (sky130_fd_sc_hd__clkbuf_16)
     7    0.01                           clknet_1_0__leaf_clk (net)
                  0.04    0.00    0.28 ^ _127_/CLK (sky130_fd_sc_hd__dfxtp_1)
                          0.25    0.53   clock uncertainty
                         -0.03    0.50   clock reconvergence pessimism
                         -0.05    0.45   library hold time
                                  0.45   data required time
-----------------------------------------------------------------------------
                                  0.45   data required time
                                 -0.79   data arrival time
-----------------------------------------------------------------------------
                                  0.34   slack (MET)


Startpoint: _129_ (rising edge-triggered flip-flop clocked by clk)
Endpoint: _129_ (rising edge-triggered flip-flop clocked by clk)
Path Group: clk
Path Type: min

Fanout     Cap    Slew   Delay    Time   Description
-----------------------------------------------------------------------------
                          0.00    0.00   clock clk (rise edge)
                          0.00    0.00   clock source latency
                  0.04    0.03    0.03 ^ clk (in)
     1    0.01                           clk (net)
                  0.04    0.00    0.03 ^ clkbuf_0_clk/A (sky130_fd_sc_hd__clkbuf_16)
                  0.04    0.11    0.14 ^ clkbuf_0_clk/X (sky130_fd_sc_hd__clkbuf_16)
     2    0.02                           clknet_0_clk (net)
                  0.04    0.00    0.14 ^ clkbuf_1_0__f_clk/A (sky130_fd_sc_hd__clkbuf_16)
                  0.04    0.11    0.25 ^ clkbuf_1_0__f_clk/X (sky130_fd_sc_hd__clkbuf_16)
     7    0.01                           clknet_1_0__leaf_clk (net)
                  0.04    0.00    0.25 ^ _129_/CLK (sky130_fd_sc_hd__dfxtp_1)
                  0.11    0.33    0.58 ^ _129_/Q (sky130_fd_sc_hd__dfxtp_1)
     6    0.01                           count[4] (net)
                  0.11    0.00    0.58 ^ _100_/A (sky130_fd_sc_hd__or2_1)
                  0.04    0.10    0.68 ^ _100_/X (sky130_fd_sc_hd__or2_1)
     1    0.00                           _048_ (net)
                  0.04    0.00    0.68 ^ _101_/C1 (sky130_fd_sc_hd__o2111a_1)
                  0.04    0.15    0.83 ^ _101_/X (sky130_fd_sc_hd__o2111a_1)
     1    0.00                           _004_ (net)
                  0.04    0.00    0.83 ^ _129_/D (sky130_fd_sc_hd__dfxtp_1)
                                  0.83   data arrival time

                          0.00    0.00   clock clk (rise edge)
                          0.00    0.00   clock source latency
                  0.04    0.03    0.03 ^ clk (in)
     1    0.01                           clk (net)
                  0.04    0.00    0.03 ^ clkbuf_0_clk/A (sky130_fd_sc_hd__clkbuf_16)
                  0.04    0.13    0.16 ^ clkbuf_0_clk/X (sky130_fd_sc_hd__clkbuf_16)
     2    0.02                           clknet_0_clk (net)
                  0.04    0.00    0.16 ^ clkbuf_1_0__f_clk/A (sky130_fd_sc_hd__clkbuf_16)
                  0.04    0.12    0.28 ^ clkbuf_1_0__f_clk/X (sky130_fd_sc_hd__clkbuf_16)
     7    0.01                           clknet_1_0__leaf_clk (net)
                  0.04    0.00    0.28 ^ _129_/CLK (sky130_fd_sc_hd__dfxtp_1)
                          0.25    0.53   clock uncertainty
                         -0.03    0.50   clock reconvergence pessimism
                         -0.03    0.47   library hold time
                                  0.47   data required time
-----------------------------------------------------------------------------
                                  0.47   data required time
                                 -0.83   data arrival time
-----------------------------------------------------------------------------
                                  0.36   slack (MET)


Startpoint: _134_ (rising edge-triggered flip-flop clocked by clk)
Endpoint: _134_ (rising edge-triggered flip-flop clocked by clk)
Path Group: clk
Path Type: min

Fanout     Cap    Slew   Delay    Time   Description
-----------------------------------------------------------------------------
                          0.00    0.00   clock clk (rise edge)
                          0.00    0.00   clock source latency
                  0.04    0.03    0.03 ^ clk (in)
     1    0.01                           clk (net)
                  0.04    0.00    0.03 ^ clkbuf_0_clk/A (sky130_fd_sc_hd__clkbuf_16)
                  0.04    0.11    0.14 ^ clkbuf_0_clk/X (sky130_fd_sc_hd__clkbuf_16)
     2    0.02                           clknet_0_clk (net)
                  0.04    0.00    0.14 ^ clkbuf_1_1__f_clk/A (sky130_fd_sc_hd__clkbuf_16)
                  0.03    0.11    0.25 ^ clkbuf_1_1__f_clk/X (sky130_fd_sc_hd__clkbuf_16)
     5    0.01                           clknet_1_1__leaf_clk (net)
                  0.03    0.00    0.25 ^ _134_/CLK (sky130_fd_sc_hd__dfxtp_1)
                  0.07    0.30    0.55 ^ _134_/Q (sky130_fd_sc_hd__dfxtp_1)
     3    0.01                           count[9] (net)
                  0.07    0.00    0.55 ^ _116_/B1 (sky130_fd_sc_hd__a31o_1)
                  0.03    0.08    0.63 ^ _116_/X (sky130_fd_sc_hd__a31o_1)
     1    0.00                           _059_ (net)
                  0.03    0.00    0.63 ^ _117_/B (sky130_fd_sc_hd__and2b_1)
                  0.04    0.10    0.73 ^ _117_/X (sky130_fd_sc_hd__and2b_1)
     1    0.00                           _060_ (net)
                  0.04    0.00    0.73 ^ _118_/B1 (sky130_fd_sc_hd__o211a_1)
                  0.03    0.12    0.85 ^ _118_/X (sky130_fd_sc_hd__o211a_1)
     1    0.00                           _009_ (net)
                  0.03    0.00    0.85 ^ _134_/D (sky130_fd_sc_hd__dfxtp_1)
                                  0.85   data arrival time

                          0.00    0.00   clock clk (rise edge)
                          0.00    0.00   clock source latency
                  0.04    0.03    0.03 ^ clk (in)
     1    0.01                           clk (net)
                  0.04    0.00    0.03 ^ clkbuf_0_clk/A (sky130_fd_sc_hd__clkbuf_16)
                  0.04    0.13    0.16 ^ clkbuf_0_clk/X (sky130_fd_sc_hd__clkbuf_16)
     2    0.02                           clknet_0_clk (net)
                  0.04    0.00    0.16 ^ clkbuf_1_1__f_clk/A (sky130_fd_sc_hd__clkbuf_16)
                  0.03    0.12    0.27 ^ clkbuf_1_1__f_clk/X (sky130_fd_sc_hd__clkbuf_16)
     5    0.01                           clknet_1_1__leaf_clk (net)
                  0.03    0.00    0.27 ^ _134_/CLK (sky130_fd_sc_hd__dfxtp_1)
                          0.25    0.52   clock uncertainty
                         -0.03    0.50   clock reconvergence pessimism
                         -0.03    0.47   library hold time
                                  0.47   data required time
-----------------------------------------------------------------------------
                                  0.47   data required time
                                 -0.85   data arrival time
-----------------------------------------------------------------------------
                                  0.38   slack (MET)


Startpoint: _125_ (rising edge-triggered flip-flop clocked by clk)
Endpoint: _136_ (rising edge-triggered flip-flop clocked by clk)
Path Group: clk
Path Type: min

Fanout     Cap    Slew   Delay    Time   Description
-----------------------------------------------------------------------------
                          0.00    0.00   clock clk (rise edge)
                          0.00    0.00   clock source latency
                  0.04    0.03    0.03 ^ clk (in)
     1    0.01                           clk (net)
                  0.04    0.00    0.03 ^ clkbuf_0_clk/A (sky130_fd_sc_hd__clkbuf_16)
                  0.04    0.11    0.14 ^ clkbuf_0_clk/X (sky130_fd_sc_hd__clkbuf_16)
     2    0.02                           clknet_0_clk (net)
                  0.04    0.00    0.14 ^ clkbuf_1_0__f_clk/A (sky130_fd_sc_hd__clkbuf_16)
                  0.04    0.11    0.25 ^ clkbuf_1_0__f_clk/X (sky130_fd_sc_hd__clkbuf_16)
     7    0.01                           clknet_1_0__leaf_clk (net)
                  0.04    0.00    0.25 ^ _125_/CLK (sky130_fd_sc_hd__dfxtp_1)
                  0.07    0.31    0.57 v _125_/Q (sky130_fd_sc_hd__dfxtp_1)
     8    0.01                           count[0] (net)
                  0.07    0.00    0.57 v _075_/B (sky130_fd_sc_hd__nand2_1)
                  0.03    0.06    0.63 ^ _075_/Y (sky130_fd_sc_hd__nand2_1)
     1    0.00                           _028_ (net)
                  0.03    0.00    0.63 ^ _076_/D (sky130_fd_sc_hd__and4b_1)
                  0.05    0.17    0.80 ^ _076_/X (sky130_fd_sc_hd__and4b_1)
     1    0.00                           _029_ (net)
                  0.05    0.00    0.80 ^ _077_/A (sky130_fd_sc_hd__clkbuf_2)
                  0.05    0.10    0.90 ^ _077_/X (sky130_fd_sc_hd__clkbuf_2)
     2    0.01                           net6 (net)
                  0.05    0.00    0.90 ^ _136_/D (sky130_fd_sc_hd__dfxtp_1)
                                  0.90   data arrival time

                          0.00    0.00   clock clk (rise edge)
                          0.00    0.00   clock source latency
                  0.04    0.03    0.03 ^ clk (in)
     1    0.01                           clk (net)
                  0.04    0.00    0.03 ^ clkbuf_0_clk/A (sky130_fd_sc_hd__clkbuf_16)
                  0.04    0.13    0.16 ^ clkbuf_0_clk/X (sky130_fd_sc_hd__clkbuf_16)
     2    0.02                           clknet_0_clk (net)
                  0.04    0.00    0.16 ^ clkbuf_1_1__f_clk/A (sky130_fd_sc_hd__clkbuf_16)
                  0.03    0.12    0.27 ^ clkbuf_1_1__f_clk/X (sky130_fd_sc_hd__clkbuf_16)
     5    0.01                           clknet_1_1__leaf_clk (net)
                  0.03    0.00    0.27 ^ _136_/CLK (sky130_fd_sc_hd__dfxtp_1)
                          0.25    0.52   clock uncertainty
                         -0.01    0.51   clock reconvergence pessimism
                         -0.03    0.48   library hold time
                                  0.48   data required time
-----------------------------------------------------------------------------
                                  0.48   data required time
                                 -0.90   data arrival time
-----------------------------------------------------------------------------
                                  0.42   slack (MET)


Startpoint: _130_ (rising edge-triggered flip-flop clocked by clk)
Endpoint: _131_ (rising edge-triggered flip-flop clocked by clk)
Path Group: clk
Path Type: min

Fanout     Cap    Slew   Delay    Time   Description
-----------------------------------------------------------------------------
                          0.00    0.00   clock clk (rise edge)
                          0.00    0.00   clock source latency
                  0.04    0.03    0.03 ^ clk (in)
     1    0.01                           clk (net)
                  0.04    0.00    0.03 ^ clkbuf_0_clk/A (sky130_fd_sc_hd__clkbuf_16)
                  0.04    0.11    0.14 ^ clkbuf_0_clk/X (sky130_fd_sc_hd__clkbuf_16)
     2    0.02                           clknet_0_clk (net)
                  0.04    0.00    0.14 ^ clkbuf_1_0__f_clk/A (sky130_fd_sc_hd__clkbuf_16)
                  0.04    0.11    0.25 ^ clkbuf_1_0__f_clk/X (sky130_fd_sc_hd__clkbuf_16)
     7    0.01                           clknet_1_0__leaf_clk (net)
                  0.04    0.00    0.25 ^ _130_/CLK (sky130_fd_sc_hd__dfxtp_1)
                  0.04    0.29    0.54 v _130_/Q (sky130_fd_sc_hd__dfxtp_1)
     4    0.01                           count[5] (net)
                  0.04    0.00    0.54 v _102_/A (sky130_fd_sc_hd__and3_1)
                  0.04    0.14    0.68 v _102_/X (sky130_fd_sc_hd__and3_1)
     2    0.00                           _049_ (net)
                  0.04    0.00    0.68 v _107_/B (sky130_fd_sc_hd__nor2_1)
                  0.07    0.07    0.75 ^ _107_/Y (sky130_fd_sc_hd__nor2_1)
     1    0.00                           _053_ (net)
                  0.07    0.00    0.75 ^ _108_/B (sky130_fd_sc_hd__nor2_1)
                  0.03    0.04    0.79 v _108_/Y (sky130_fd_sc_hd__nor2_1)
     1    0.00                           _054_ (net)
                  0.03    0.00    0.79 v _109_/B1 (sky130_fd_sc_hd__o211a_1)
                  0.02    0.10    0.89 v _109_/X (sky130_fd_sc_hd__o211a_1)
     1    0.00                           _006_ (net)
                  0.02    0.00    0.89 v _131_/D (sky130_fd_sc_hd__dfxtp_1)
                                  0.89   data arrival time

                          0.00    0.00   clock clk (rise edge)
                          0.00    0.00   clock source latency
                  0.04    0.03    0.03 ^ clk (in)
     1    0.01                           clk (net)
                  0.04    0.00    0.03 ^ clkbuf_0_clk/A (sky130_fd_sc_hd__clkbuf_16)
                  0.04    0.13    0.16 ^ clkbuf_0_clk/X (sky130_fd_sc_hd__clkbuf_16)
     2    0.02                           clknet_0_clk (net)
                  0.04    0.00    0.16 ^ clkbuf_1_0__f_clk/A (sky130_fd_sc_hd__clkbuf_16)
                  0.04    0.12    0.28 ^ clkbuf_1_0__f_clk/X (sky130_fd_sc_hd__clkbuf_16)
     7    0.01                           clknet_1_0__leaf_clk (net)
                  0.04    0.00    0.28 ^ _131_/CLK (sky130_fd_sc_hd__dfxtp_1)
                          0.25    0.53   clock uncertainty
                         -0.03    0.50   clock reconvergence pessimism
                         -0.05    0.45   library hold time
                                  0.45   data required time
-----------------------------------------------------------------------------
                                  0.45   data required time
                                 -0.89   data arrival time
-----------------------------------------------------------------------------
                                  0.43   slack (MET)


Startpoint: _134_ (rising edge-triggered flip-flop clocked by clk)
Endpoint: _135_ (rising edge-triggered flip-flop clocked by clk)
Path Group: clk
Path Type: min

Fanout     Cap    Slew   Delay    Time   Description
-----------------------------------------------------------------------------
                          0.00    0.00   clock clk (rise edge)
                          0.00    0.00   clock source latency
                  0.04    0.03    0.03 ^ clk (in)
     1    0.01                           clk (net)
                  0.04    0.00    0.03 ^ clkbuf_0_clk/A (sky130_fd_sc_hd__clkbuf_16)
                  0.04    0.11    0.14 ^ clkbuf_0_clk/X (sky130_fd_sc_hd__clkbuf_16)
     2    0.02                           clknet_0_clk (net)
                  0.04    0.00    0.14 ^ clkbuf_1_1__f_clk/A (sky130_fd_sc_hd__clkbuf_16)
                  0.03    0.11    0.25 ^ clkbuf_1_1__f_clk/X (sky130_fd_sc_hd__clkbuf_16)
     5    0.01                           clknet_1_1__leaf_clk (net)
                  0.03    0.00    0.25 ^ _134_/CLK (sky130_fd_sc_hd__dfxtp_1)
                  0.07    0.30    0.55 ^ _134_/Q (sky130_fd_sc_hd__dfxtp_1)
     3    0.01                           count[9] (net)
                  0.07    0.00    0.55 ^ _115_/B (sky130_fd_sc_hd__and4_1)
                  0.08    0.19    0.74 ^ _115_/X (sky130_fd_sc_hd__and4_1)
     2    0.01                           _058_ (net)
                  0.08    0.00    0.74 ^ _119_/B (sky130_fd_sc_hd__xor2_1)
                  0.03    0.06    0.80 v _119_/X (sky130_fd_sc_hd__xor2_1)
     1    0.00                           _061_ (net)
                  0.03    0.00    0.80 v _120_/B1 (sky130_fd_sc_hd__o211a_1)
                  0.02    0.10    0.90 v _120_/X (sky130_fd_sc_hd__o211a_1)
     1    0.00                           _010_ (net)
                  0.02    0.00    0.90 v _135_/D (sky130_fd_sc_hd__dfxtp_1)
                                  0.90   data arrival time

                          0.00    0.00   clock clk (rise edge)
                          0.00    0.00   clock source latency
                  0.04    0.03    0.03 ^ clk (in)
     1    0.01                           clk (net)
                  0.04    0.00    0.03 ^ clkbuf_0_clk/A (sky130_fd_sc_hd__clkbuf_16)
                  0.04    0.13    0.16 ^ clkbuf_0_clk/X (sky130_fd_sc_hd__clkbuf_16)
     2    0.02                           clknet_0_clk (net)
                  0.04    0.00    0.16 ^ clkbuf_1_1__f_clk/A (sky130_fd_sc_hd__clkbuf_16)
                  0.03    0.12    0.27 ^ clkbuf_1_1__f_clk/X (sky130_fd_sc_hd__clkbuf_16)
     5    0.01                           clknet_1_1__leaf_clk (net)
                  0.03    0.00    0.27 ^ _135_/CLK (sky130_fd_sc_hd__dfxtp_1)
                          0.25    0.52   clock uncertainty
                         -0.03    0.50   clock reconvergence pessimism
                         -0.05    0.45   library hold time
                                  0.45   data required time
-----------------------------------------------------------------------------
                                  0.45   data required time
                                 -0.90   data arrival time
-----------------------------------------------------------------------------
                                  0.45   slack (MET)


Startpoint: _135_ (rising edge-triggered flip-flop clocked by clk)
Endpoint: _125_ (rising edge-triggered flip-flop clocked by clk)
Path Group: clk
Path Type: min

Fanout     Cap    Slew   Delay    Time   Description
-----------------------------------------------------------------------------
                          0.00    0.00   clock clk (rise edge)
                          0.00    0.00   clock source latency
                  0.04    0.03    0.03 ^ clk (in)
     1    0.01                           clk (net)
                  0.04    0.00    0.03 ^ clkbuf_0_clk/A (sky130_fd_sc_hd__clkbuf_16)
                  0.04    0.11    0.14 ^ clkbuf_0_clk/X (sky130_fd_sc_hd__clkbuf_16)
     2    0.02                           clknet_0_clk (net)
                  0.04    0.00    0.14 ^ clkbuf_1_1__f_clk/A (sky130_fd_sc_hd__clkbuf_16)
                  0.03    0.11    0.25 ^ clkbuf_1_1__f_clk/X (sky130_fd_sc_hd__clkbuf_16)
     5    0.01                           clknet_1_1__leaf_clk (net)
                  0.03    0.00    0.25 ^ _135_/CLK (sky130_fd_sc_hd__dfxtp_1)
                  0.05    0.28    0.53 ^ _135_/Q (sky130_fd_sc_hd__dfxtp_1)
     2    0.00                           count[10] (net)
                  0.05    0.00    0.53 ^ _073_/A (sky130_fd_sc_hd__or4_1)
                  0.04    0.09    0.62 ^ _073_/X (sky130_fd_sc_hd__or4_1)
     1    0.00                           _026_ (net)
                  0.04    0.00    0.62 ^ _074_/B (sky130_fd_sc_hd__nor2_1)
                  0.02    0.03    0.66 v _074_/Y (sky130_fd_sc_hd__nor2_1)
     2    0.00                           _027_ (net)
                  0.02    0.00    0.66 v _082_/C1 (sky130_fd_sc_hd__o211a_1)
                  0.04    0.10    0.75 v _082_/X (sky130_fd_sc_hd__o211a_1)
     2    0.00                           _034_ (net)
                  0.04    0.00    0.75 v _083_/A (sky130_fd_sc_hd__clkbuf_4)
                  0.06    0.15    0.91 v _083_/X (sky130_fd_sc_hd__clkbuf_4)
    10    0.02                           _035_ (net)
                  0.06    0.00    0.91 v _087_/A2 (sky130_fd_sc_hd__o211a_1)
                  0.02    0.19    1.09 v _087_/X (sky130_fd_sc_hd__o211a_1)
     1    0.00                           _000_ (net)
                  0.02    0.00    1.09 v _125_/D (sky130_fd_sc_hd__dfxtp_1)
                                  1.09   data arrival time

                          0.00    0.00   clock clk (rise edge)
                          0.00    0.00   clock source latency
                  0.04    0.03    0.03 ^ clk (in)
     1    0.01                           clk (net)
                  0.04    0.00    0.03 ^ clkbuf_0_clk/A (sky130_fd_sc_hd__clkbuf_16)
                  0.04    0.13    0.16 ^ clkbuf_0_clk/X (sky130_fd_sc_hd__clkbuf_16)
     2    0.02                           clknet_0_clk (net)
                  0.04    0.00    0.16 ^ clkbuf_1_0__f_clk/A (sky130_fd_sc_hd__clkbuf_16)
                  0.04    0.12    0.28 ^ clkbuf_1_0__f_clk/X (sky130_fd_sc_hd__clkbuf_16)
     7    0.01                           clknet_1_0__leaf_clk (net)
                  0.04    0.00    0.28 ^ _125_/CLK (sky130_fd_sc_hd__dfxtp_1)
                          0.25    0.53   clock uncertainty
                         -0.01    0.51   clock reconvergence pessimism
                         -0.05    0.47   library hold time
                                  0.47   data required time
-----------------------------------------------------------------------------
                                  0.47   data required time
                                 -1.09   data arrival time
-----------------------------------------------------------------------------
                                  0.63   slack (MET)


Startpoint: _136_ (rising edge-triggered flip-flop clocked by clk)
Endpoint: sync_out (output port clocked by clk)
Path Group: clk
Path Type: min

Fanout     Cap    Slew   Delay    Time   Description
-----------------------------------------------------------------------------
                          0.00    0.00   clock clk (rise edge)
                          0.00    0.00   clock source latency
                  0.04    0.03    0.03 ^ clk (in)
     1    0.01                           clk (net)
                  0.04    0.00    0.03 ^ clkbuf_0_clk/A (sky130_fd_sc_hd__clkbuf_16)
                  0.04    0.11    0.14 ^ clkbuf_0_clk/X (sky130_fd_sc_hd__clkbuf_16)
     2    0.02                           clknet_0_clk (net)
                  0.04    0.00    0.14 ^ clkbuf_1_1__f_clk/A (sky130_fd_sc_hd__clkbuf_16)
                  0.03    0.11    0.25 ^ clkbuf_1_1__f_clk/X (sky130_fd_sc_hd__clkbuf_16)
     5    0.01                           clknet_1_1__leaf_clk (net)
                  0.03    0.00    0.25 ^ _136_/CLK (sky130_fd_sc_hd__dfxtp_1)
                  0.02    0.27    0.52 v _136_/Q (sky130_fd_sc_hd__dfxtp_1)
     1    0.00                           net7 (net)
                  0.02    0.00    0.52 v output7/A (sky130_fd_sc_hd__clkbuf_4)
                  0.08    0.16    0.68 v output7/X (sky130_fd_sc_hd__clkbuf_4)
     1    0.03                           sync_out (net)
                  0.08    0.00    0.68 v sync_out (out)
                                  0.68   data arrival time

                          0.00    0.00   clock clk (rise edge)
                          0.00    0.00   clock network delay (propagated)
                          0.25    0.25   clock uncertainty
                          0.00    0.25   clock reconvergence pessimism
                         -1.00   -0.75   output external delay
                                 -0.75   data required time
-----------------------------------------------------------------------------
                                 -0.75   data required time
                                 -0.68   data arrival time
-----------------------------------------------------------------------------
                                  1.43   slack (MET)


Startpoint: _125_ (rising edge-triggered flip-flop clocked by clk)
Endpoint: comb_out (output port clocked by clk)
Path Group: clk
Path Type: min

Fanout     Cap    Slew   Delay    Time   Description
-----------------------------------------------------------------------------
                          0.00    0.00   clock clk (rise edge)
                          0.00    0.00   clock source latency
                  0.04    0.03    0.03 ^ clk (in)
     1    0.01                           clk (net)
                  0.04    0.00    0.03 ^ clkbuf_0_clk/A (sky130_fd_sc_hd__clkbuf_16)
                  0.04    0.11    0.14 ^ clkbuf_0_clk/X (sky130_fd_sc_hd__clkbuf_16)
     2    0.02                           clknet_0_clk (net)
                  0.04    0.00    0.14 ^ clkbuf_1_0__f_clk/A (sky130_fd_sc_hd__clkbuf_16)
                  0.04    0.11    0.25 ^ clkbuf_1_0__f_clk/X (sky130_fd_sc_hd__clkbuf_16)
     7    0.01                           clknet_1_0__leaf_clk (net)
                  0.04    0.00    0.25 ^ _125_/CLK (sky130_fd_sc_hd__dfxtp_1)
                  0.07    0.31    0.57 v _125_/Q (sky130_fd_sc_hd__dfxtp_1)
     8    0.01                           count[0] (net)
                  0.07    0.00    0.57 v _075_/B (sky130_fd_sc_hd__nand2_1)
                  0.03    0.06    0.63 ^ _075_/Y (sky130_fd_sc_hd__nand2_1)
     1    0.00                           _028_ (net)
                  0.03    0.00    0.63 ^ _076_/D (sky130_fd_sc_hd__and4b_1)
                  0.05    0.17    0.80 ^ _076_/X (sky130_fd_sc_hd__and4b_1)
     1    0.00                           _029_ (net)
                  0.05    0.00    0.80 ^ _077_/A (sky130_fd_sc_hd__clkbuf_2)
                  0.05    0.10    0.90 ^ _077_/X (sky130_fd_sc_hd__clkbuf_2)
     2    0.01                           net6 (net)
                  0.05    0.00    0.90 ^ output6/A (sky130_fd_sc_hd__buf_6)
                  0.08    0.12    1.02 ^ output6/X (sky130_fd_sc_hd__buf_6)
     1    0.03                           comb_out (net)
                  0.08    0.00    1.02 ^ comb_out (out)
                                  1.02   data arrival time

                          0.00    0.00   clock clk (rise edge)
                          0.00    0.00   clock network delay (propagated)
                          0.25    0.25   clock uncertainty
                          0.00    0.25   clock reconvergence pessimism
                         -1.00   -0.75   output external delay
                                 -0.75   data required time
-----------------------------------------------------------------------------
                                 -0.75   data required time
                                 -1.02   data arrival time
-----------------------------------------------------------------------------
                                  1.77   slack (MET)



