
 /----------------------------------------------------------------------------\
 |                                                                            |
 |  yosys -- Yosys Open SYnthesis Suite                                       |
 |                                                                            |
 |  Copyright (C) 2012 - 2020  Claire Xenia Wolf <claire@yosyshq.com>         |
 |                                                                            |
 |  Permission to use, copy, modify, and/or distribute this software for any  |
 |  purpose with or without fee is hereby granted, provided that the above    |
 |  copyright notice and this permission notice appear in all copies.         |
 |                                                                            |
 |  THE SOFTWARE IS PROVIDED "AS IS" AND THE AUTHOR DISCLAIMS ALL WARRANTIES  |
 |  WITH REGARD TO THIS SOFTWARE INCLUDING ALL IMPLIED WARRANTIES OF          |
 |  MERCHANTABILITY AND FITNESS. IN NO EVENT SHALL THE AUTHOR BE LIABLE FOR   |
 |  ANY SPECIAL, DIRECT, INDIRECT, OR CONSEQUENTIAL DAMAGES OR ANY DAMAGES    |
 |  WHATSOEVER RESULTING FROM LOSS OF USE, DATA OR PROFITS, WHETHER IN AN     |
 |  ACTION OF CONTRACT, NEGLIGENCE OR OTHER TORTIOUS ACTION, ARISING OUT OF   |
 |  OR IN CONNECTION WITH THE USE OR PERFORMANCE OF THIS SOFTWARE.            |
 |                                                                            |
 \----------------------------------------------------------------------------/

 Yosys 0.30+48 (git sha1 14d50a176d5, gcc 8.3.1 -fPIC -Os)

[TCL: yosys -import] Command name collision: found pre-existing command `cd' -> skip.
[TCL: yosys -import] Command name collision: found pre-existing command `eval' -> skip.
[TCL: yosys -import] Command name collision: found pre-existing command `exec' -> skip.
[TCL: yosys -import] Command name collision: found pre-existing command `read' -> skip.
[TCL: yosys -import] Command name collision: found pre-existing command `trace' -> skip.

1. Executing Verilog-2005 frontend: designs/digital_desing/src/digital_designs.v
Parsing SystemVerilog input from `designs/digital_desing/src/digital_designs.v' to AST representation.
Generating RTLIL representation for module `\digital_cs'.
Successfully finished Verilog frontend.

2. Generating Graphviz representation of design.
Writing dot description to `/openlane/designs/digital_desing/runs/RUN_2024.07.08_18.52.55/tmp/synthesis/hierarchy.dot'.
Dumping module digital_cs to page 1.

3. Executing HIERARCHY pass (managing design hierarchy).

3.1. Analyzing design hierarchy..
Top module:  \digital_cs

3.2. Analyzing design hierarchy..
Top module:  \digital_cs
Removed 0 unused modules.

4. Executing TRIBUF pass.

5. Executing HIERARCHY pass (managing design hierarchy).

5.1. Analyzing design hierarchy..
Top module:  \digital_cs

5.2. Analyzing design hierarchy..
Top module:  \digital_cs
Removed 0 unused modules.

6. Executing PROC_CLEAN pass (remove empty switches from decision trees).
Found and cleaned up 2052 empty switches in `\digital_cs.$proc$designs/digital_desing/src/digital_designs.v:45$2'.
Cleaned up 2052 empty switches.

7. Executing PROC_RMDEAD pass (remove dead branches from decision trees).
Marked 2 switch rules as full_case in process $proc$designs/digital_desing/src/digital_designs.v:45$2 in module digital_cs.
Removed a total of 0 dead cases.

8. Executing PROC_PRUNE pass (remove redundant assignments in processes).
Removed 3 redundant assignments.
Promoted 7 assignments to connections.

9. Executing PROC_INIT pass (extract init attributes).
Found init rule in `\digital_cs.$proc$designs/digital_desing/src/digital_designs.v:0$4109'.
  Set init value: \phi_p = 1'0
  Set init value: \phi_l2 = 1'0
  Set init value: \phi_l1 = 1'0
  Set init value: \phi_r = 1'0
Found init rule in `\digital_cs.$proc$designs/digital_desing/src/digital_designs.v:33$4107'.
  Set init value: \count = 13'0100000000100

10. Executing PROC_ARST pass (detect async resets in processes).

11. Executing PROC_ROM pass (convert switches to ROMs).
Converted 0 switches.
<suppressed ~2 debug messages>

12. Executing PROC_MUX pass (convert decision trees to multiplexers).
Creating decoders for process `\digital_cs.$proc$designs/digital_desing/src/digital_designs.v:0$4109'.
Creating decoders for process `\digital_cs.$proc$designs/digital_desing/src/digital_designs.v:34$4108'.
Creating decoders for process `\digital_cs.$proc$designs/digital_desing/src/digital_designs.v:33$4107'.
Creating decoders for process `\digital_cs.$proc$designs/digital_desing/src/digital_designs.v:45$2'.
     1/7: $2\delay[31:0]
     2/7: $1\delay[31:0]
     3/7: $0\phi_l1[0:0]
     4/7: $0\phi_l2[0:0]
     5/7: $0\phi_r[0:0]
     6/7: $0\count[12:0]
     7/7: $0\phi_p[0:0]

13. Executing PROC_DLATCH pass (convert process syncs to latches).
No latch inferred for signal `\digital_cs.\gral_enable' from process `\digital_cs.$proc$designs/digital_desing/src/digital_designs.v:34$4108'.

14. Executing PROC_DFF pass (convert process syncs to FFs).
Creating register for signal `\digital_cs.\phi_p' using process `\digital_cs.$proc$designs/digital_desing/src/digital_designs.v:45$2'.
  created $dff cell `$procdff$4144' with positive edge clock.
Creating register for signal `\digital_cs.\phi_l2' using process `\digital_cs.$proc$designs/digital_desing/src/digital_designs.v:45$2'.
  created $dff cell `$procdff$4145' with positive edge clock.
Creating register for signal `\digital_cs.\phi_l1' using process `\digital_cs.$proc$designs/digital_desing/src/digital_designs.v:45$2'.
  created $dff cell `$procdff$4146' with positive edge clock.
Creating register for signal `\digital_cs.\phi_r' using process `\digital_cs.$proc$designs/digital_desing/src/digital_designs.v:45$2'.
  created $dff cell `$procdff$4147' with positive edge clock.
Creating register for signal `\digital_cs.\delay' using process `\digital_cs.$proc$designs/digital_desing/src/digital_designs.v:45$2'.
  created $dff cell `$procdff$4148' with positive edge clock.
Creating register for signal `\digital_cs.\count' using process `\digital_cs.$proc$designs/digital_desing/src/digital_designs.v:45$2'.
  created $dff cell `$procdff$4149' with positive edge clock.

15. Executing PROC_MEMWR pass (convert process memory writes to cells).

16. Executing PROC_CLEAN pass (remove empty switches from decision trees).
Removing empty process `digital_cs.$proc$designs/digital_desing/src/digital_designs.v:0$4109'.
Removing empty process `digital_cs.$proc$designs/digital_desing/src/digital_designs.v:34$4108'.
Removing empty process `digital_cs.$proc$designs/digital_desing/src/digital_designs.v:33$4107'.
Found and cleaned up 2 empty switches in `\digital_cs.$proc$designs/digital_desing/src/digital_designs.v:45$2'.
Removing empty process `digital_cs.$proc$designs/digital_desing/src/digital_designs.v:45$2'.
Cleaned up 2 empty switches.

17. Executing CHECK pass (checking for obvious problems).
Checking module digital_cs...
Found and reported 0 problems.

18. Executing OPT_EXPR pass (perform const folding).
Optimizing module digital_cs.

19. Executing FLATTEN pass (flatten design).

20. Executing OPT_EXPR pass (perform const folding).
Optimizing module digital_cs.

21. Executing OPT_CLEAN pass (remove unused cells and wires).
Finding unused cells or wires in module \digital_cs..
Removed 4111 unused cells and 4135 unused wires.
<suppressed ~4114 debug messages>

22. Executing OPT pass (performing simple optimizations).

22.1. Executing OPT_EXPR pass (perform const folding).
Optimizing module digital_cs.

22.2. Executing OPT_MERGE pass (detect identical cells).
Finding identical cells in module `\digital_cs'.
Removed a total of 0 cells.

22.3. Executing OPT_MUXTREE pass (detect dead branches in mux trees).
Running muxtree optimizer on module \digital_cs..
  Creating internal representation of mux trees.
  Evaluating internal representation of mux trees.
  Analyzing evaluation results.
    dead port 2/2 on $mux $procmux$4125.
    dead port 2/2 on $mux $procmux$4131.
Removed 2 multiplexer ports.
<suppressed ~3 debug messages>

22.4. Executing OPT_REDUCE pass (consolidate $*mux and $reduce_* inputs).
  Optimizing cells in module \digital_cs.
  Optimizing cells in module \digital_cs.
Performed a total of 2 changes.

22.5. Executing OPT_MERGE pass (detect identical cells).
Finding identical cells in module `\digital_cs'.
<suppressed ~6 debug messages>
Removed a total of 2 cells.

22.6. Executing OPT_DFF pass (perform DFF optimizations).
Setting constant 0-bit at position 0 on $procdff$4146 ($dff) from module digital_cs.

22.7. Executing OPT_CLEAN pass (remove unused cells and wires).
Finding unused cells or wires in module \digital_cs..
Removed 0 unused cells and 4 unused wires.
<suppressed ~1 debug messages>

22.8. Executing OPT_EXPR pass (perform const folding).
Optimizing module digital_cs.

22.9. Rerunning OPT passes. (Maybe there is more to do..)

22.10. Executing OPT_MUXTREE pass (detect dead branches in mux trees).
Running muxtree optimizer on module \digital_cs..
  Creating internal representation of mux trees.
  Evaluating internal representation of mux trees.
  Analyzing evaluation results.
Removed 0 multiplexer ports.
<suppressed ~1 debug messages>

22.11. Executing OPT_REDUCE pass (consolidate $*mux and $reduce_* inputs).
  Optimizing cells in module \digital_cs.
Performed a total of 0 changes.

22.12. Executing OPT_MERGE pass (detect identical cells).
Finding identical cells in module `\digital_cs'.
Removed a total of 0 cells.

22.13. Executing OPT_DFF pass (perform DFF optimizations).

22.14. Executing OPT_CLEAN pass (remove unused cells and wires).
Finding unused cells or wires in module \digital_cs..

22.15. Executing OPT_EXPR pass (perform const folding).
Optimizing module digital_cs.

22.16. Finished OPT passes. (There is nothing left to do.)

23. Executing FSM pass (extract and optimize FSM).

23.1. Executing FSM_DETECT pass (finding FSMs in design).

23.2. Executing FSM_EXTRACT pass (extracting FSM from design).

23.3. Executing FSM_OPT pass (simple optimizations of FSMs).

23.4. Executing OPT_CLEAN pass (remove unused cells and wires).
Finding unused cells or wires in module \digital_cs..

23.5. Executing FSM_OPT pass (simple optimizations of FSMs).

23.6. Executing FSM_RECODE pass (re-assigning FSM state encoding).

23.7. Executing FSM_INFO pass (dumping all available information on FSM cells).

23.8. Executing FSM_MAP pass (mapping FSMs to basic logic).

24. Executing OPT pass (performing simple optimizations).

24.1. Executing OPT_EXPR pass (perform const folding).
Optimizing module digital_cs.

24.2. Executing OPT_MERGE pass (detect identical cells).
Finding identical cells in module `\digital_cs'.
Removed a total of 0 cells.

24.3. Executing OPT_MUXTREE pass (detect dead branches in mux trees).
Running muxtree optimizer on module \digital_cs..
  Creating internal representation of mux trees.
  Evaluating internal representation of mux trees.
  Analyzing evaluation results.
Removed 0 multiplexer ports.
<suppressed ~1 debug messages>

24.4. Executing OPT_REDUCE pass (consolidate $*mux and $reduce_* inputs).
  Optimizing cells in module \digital_cs.
Performed a total of 0 changes.

24.5. Executing OPT_MERGE pass (detect identical cells).
Finding identical cells in module `\digital_cs'.
Removed a total of 0 cells.

24.6. Executing OPT_DFF pass (perform DFF optimizations).
Adding EN signal on $procdff$4144 ($dff) from module digital_cs (D = 1'0, Q = \phi_p).
Setting constant 0-bit at position 0 on $auto$ff.cc:266:slice$4150 ($dffe) from module digital_cs.

24.7. Executing OPT_CLEAN pass (remove unused cells and wires).
Finding unused cells or wires in module \digital_cs..
Removed 1 unused cells and 1 unused wires.
<suppressed ~2 debug messages>

24.8. Executing OPT_EXPR pass (perform const folding).
Optimizing module digital_cs.

24.9. Rerunning OPT passes. (Maybe there is more to do..)

24.10. Executing OPT_MUXTREE pass (detect dead branches in mux trees).
Running muxtree optimizer on module \digital_cs..
  Creating internal representation of mux trees.
  No muxes found in this module.
Removed 0 multiplexer ports.

24.11. Executing OPT_REDUCE pass (consolidate $*mux and $reduce_* inputs).
  Optimizing cells in module \digital_cs.
Performed a total of 0 changes.

24.12. Executing OPT_MERGE pass (detect identical cells).
Finding identical cells in module `\digital_cs'.
Removed a total of 0 cells.

24.13. Executing OPT_DFF pass (perform DFF optimizations).

24.14. Executing OPT_CLEAN pass (remove unused cells and wires).
Finding unused cells or wires in module \digital_cs..

24.15. Executing OPT_EXPR pass (perform const folding).
Optimizing module digital_cs.

24.16. Finished OPT passes. (There is nothing left to do.)

25. Executing WREDUCE pass (reducing word size of cells).

26. Executing PEEPOPT pass (run peephole optimizers).

27. Executing OPT_CLEAN pass (remove unused cells and wires).
Finding unused cells or wires in module \digital_cs..

28. Executing ALUMACC pass (create $alu and $macc cells).
Extracting $alu and $macc cells in module digital_cs:
  created 0 $alu and 0 $macc cells.

29. Executing SHARE pass (SAT-based resource sharing).

30. Executing OPT pass (performing simple optimizations).

30.1. Executing OPT_EXPR pass (perform const folding).
Optimizing module digital_cs.

30.2. Executing OPT_MERGE pass (detect identical cells).
Finding identical cells in module `\digital_cs'.
Removed a total of 0 cells.

30.3. Executing OPT_MUXTREE pass (detect dead branches in mux trees).
Running muxtree optimizer on module \digital_cs..
  Creating internal representation of mux trees.
  No muxes found in this module.
Removed 0 multiplexer ports.

30.4. Executing OPT_REDUCE pass (consolidate $*mux and $reduce_* inputs).
  Optimizing cells in module \digital_cs.
Performed a total of 0 changes.

30.5. Executing OPT_MERGE pass (detect identical cells).
Finding identical cells in module `\digital_cs'.
Removed a total of 0 cells.

30.6. Executing OPT_DFF pass (perform DFF optimizations).

30.7. Executing OPT_CLEAN pass (remove unused cells and wires).
Finding unused cells or wires in module \digital_cs..

30.8. Executing OPT_EXPR pass (perform const folding).
Optimizing module digital_cs.

30.9. Finished OPT passes. (There is nothing left to do.)

31. Executing MEMORY pass.

31.1. Executing OPT_MEM pass (optimize memories).
Performed a total of 0 transformations.

31.2. Executing OPT_MEM_PRIORITY pass (removing unnecessary memory write priority relations).
Performed a total of 0 transformations.

31.3. Executing OPT_MEM_FEEDBACK pass (finding memory read-to-write feedback paths).

31.4. Executing MEMORY_BMUX2ROM pass (converting muxes to ROMs).

31.5. Executing MEMORY_DFF pass (merging $dff cells to $memrd).

31.6. Executing OPT_CLEAN pass (remove unused cells and wires).
Finding unused cells or wires in module \digital_cs..

31.7. Executing MEMORY_SHARE pass (consolidating $memrd/$memwr cells).

31.8. Executing OPT_MEM_WIDEN pass (optimize memories where all ports are wide).
Performed a total of 0 transformations.

31.9. Executing OPT_CLEAN pass (remove unused cells and wires).
Finding unused cells or wires in module \digital_cs..

31.10. Executing MEMORY_COLLECT pass (generating $mem cells).

32. Executing OPT_CLEAN pass (remove unused cells and wires).
Finding unused cells or wires in module \digital_cs..

33. Executing OPT pass (performing simple optimizations).

33.1. Executing OPT_EXPR pass (perform const folding).
Optimizing module digital_cs.

33.2. Executing OPT_MERGE pass (detect identical cells).
Finding identical cells in module `\digital_cs'.
Removed a total of 0 cells.

33.3. Executing OPT_DFF pass (perform DFF optimizations).

33.4. Executing OPT_CLEAN pass (remove unused cells and wires).
Finding unused cells or wires in module \digital_cs..

33.5. Finished fast OPT passes.

34. Executing MEMORY_MAP pass (converting memories to logic and flip-flops).

35. Executing OPT pass (performing simple optimizations).

35.1. Executing OPT_EXPR pass (perform const folding).
Optimizing module digital_cs.

35.2. Executing OPT_MERGE pass (detect identical cells).
Finding identical cells in module `\digital_cs'.
Removed a total of 0 cells.

35.3. Executing OPT_MUXTREE pass (detect dead branches in mux trees).
Running muxtree optimizer on module \digital_cs..
  Creating internal representation of mux trees.
  No muxes found in this module.
Removed 0 multiplexer ports.

35.4. Executing OPT_REDUCE pass (consolidate $*mux and $reduce_* inputs).
  Optimizing cells in module \digital_cs.
Performed a total of 0 changes.

35.5. Executing OPT_MERGE pass (detect identical cells).
Finding identical cells in module `\digital_cs'.
Removed a total of 0 cells.

35.6. Executing OPT_SHARE pass.

35.7. Executing OPT_DFF pass (perform DFF optimizations).

35.8. Executing OPT_CLEAN pass (remove unused cells and wires).
Finding unused cells or wires in module \digital_cs..

35.9. Executing OPT_EXPR pass (perform const folding).
Optimizing module digital_cs.

35.10. Finished OPT passes. (There is nothing left to do.)

36. Executing TECHMAP pass (map to technology primitives).

36.1. Executing Verilog-2005 frontend: /build/bin/../share/yosys/techmap.v
Parsing Verilog input from `/build/bin/../share/yosys/techmap.v' to AST representation.
Generating RTLIL representation for module `\_90_simplemap_bool_ops'.
Generating RTLIL representation for module `\_90_simplemap_reduce_ops'.
Generating RTLIL representation for module `\_90_simplemap_logic_ops'.
Generating RTLIL representation for module `\_90_simplemap_compare_ops'.
Generating RTLIL representation for module `\_90_simplemap_various'.
Generating RTLIL representation for module `\_90_simplemap_registers'.
Generating RTLIL representation for module `\_90_shift_ops_shr_shl_sshl_sshr'.
Generating RTLIL representation for module `\_90_shift_shiftx'.
Generating RTLIL representation for module `\_90_fa'.
Generating RTLIL representation for module `\_90_lcu'.
Generating RTLIL representation for module `\_90_alu'.
Generating RTLIL representation for module `\_90_macc'.
Generating RTLIL representation for module `\_90_alumacc'.
Generating RTLIL representation for module `\$__div_mod_u'.
Generating RTLIL representation for module `\$__div_mod_trunc'.
Generating RTLIL representation for module `\_90_div'.
Generating RTLIL representation for module `\_90_mod'.
Generating RTLIL representation for module `\$__div_mod_floor'.
Generating RTLIL representation for module `\_90_divfloor'.
Generating RTLIL representation for module `\_90_modfloor'.
Generating RTLIL representation for module `\_90_pow'.
Generating RTLIL representation for module `\_90_pmux'.
Generating RTLIL representation for module `\_90_demux'.
Generating RTLIL representation for module `\_90_lut'.
Successfully finished Verilog frontend.

36.2. Continuing TECHMAP pass.
No more expansions possible.
<suppressed ~73 debug messages>

37. Executing OPT pass (performing simple optimizations).

37.1. Executing OPT_EXPR pass (perform const folding).
Optimizing module digital_cs.

37.2. Executing OPT_MERGE pass (detect identical cells).
Finding identical cells in module `\digital_cs'.
Removed a total of 0 cells.

37.3. Executing OPT_DFF pass (perform DFF optimizations).

37.4. Executing OPT_CLEAN pass (remove unused cells and wires).
Finding unused cells or wires in module \digital_cs..

37.5. Finished fast OPT passes.

38. Executing ABC pass (technology mapping using ABC).

38.1. Extracting gate netlist of module `\digital_cs' to `<abc-temp-dir>/input.blif'..
Extracted 0 gates and 0 wires to a netlist network with 0 inputs and 0 outputs.
Don't call ABC as there is nothing to map.
Removing temp directory.

39. Executing OPT pass (performing simple optimizations).

39.1. Executing OPT_EXPR pass (perform const folding).
Optimizing module digital_cs.

39.2. Executing OPT_MERGE pass (detect identical cells).
Finding identical cells in module `\digital_cs'.
Removed a total of 0 cells.

39.3. Executing OPT_DFF pass (perform DFF optimizations).

39.4. Executing OPT_CLEAN pass (remove unused cells and wires).
Finding unused cells or wires in module \digital_cs..

39.5. Finished fast OPT passes.

40. Executing HIERARCHY pass (managing design hierarchy).

40.1. Analyzing design hierarchy..
Top module:  \digital_cs

40.2. Analyzing design hierarchy..
Top module:  \digital_cs
Removed 0 unused modules.

41. Printing statistics.

=== digital_cs ===

   Number of wires:                  8
   Number of wire bits:             15
   Number of public wires:           8
   Number of public wire bits:      15
   Number of memories:               0
   Number of memory bits:            0
   Number of processes:              0
   Number of cells:                  0

42. Executing CHECK pass (checking for obvious problems).
Checking module digital_cs...
Found and reported 0 problems.

43. Generating Graphviz representation of design.
Writing dot description to `/openlane/designs/digital_desing/runs/RUN_2024.07.08_18.52.55/tmp/synthesis/post_techmap.dot'.
Dumping module digital_cs to page 1.

44. Executing SHARE pass (SAT-based resource sharing).

45. Executing OPT pass (performing simple optimizations).

45.1. Executing OPT_EXPR pass (perform const folding).
Optimizing module digital_cs.

45.2. Executing OPT_MERGE pass (detect identical cells).
Finding identical cells in module `\digital_cs'.
Removed a total of 0 cells.

45.3. Executing OPT_MUXTREE pass (detect dead branches in mux trees).
Running muxtree optimizer on module \digital_cs..
  Creating internal representation of mux trees.
  No muxes found in this module.
Removed 0 multiplexer ports.

45.4. Executing OPT_REDUCE pass (consolidate $*mux and $reduce_* inputs).
  Optimizing cells in module \digital_cs.
Performed a total of 0 changes.

45.5. Executing OPT_MERGE pass (detect identical cells).
Finding identical cells in module `\digital_cs'.
Removed a total of 0 cells.

45.6. Executing OPT_DFF pass (perform DFF optimizations).

45.7. Executing OPT_CLEAN pass (remove unused cells and wires).
Finding unused cells or wires in module \digital_cs..

45.8. Executing OPT_EXPR pass (perform const folding).
Optimizing module digital_cs.

45.9. Finished OPT passes. (There is nothing left to do.)

46. Executing OPT_CLEAN pass (remove unused cells and wires).
Finding unused cells or wires in module \digital_cs..
Removed 0 unused cells and 1 unused wires.
<suppressed ~1 debug messages>

47. Printing statistics.

=== digital_cs ===

   Number of wires:                  7
   Number of wire bits:             14
   Number of public wires:           7
   Number of public wire bits:      14
   Number of memories:               0
   Number of memory bits:            0
   Number of processes:              0
   Number of cells:                  0

mapping tbuf

48. Executing TECHMAP pass (map to technology primitives).

48.1. Executing Verilog-2005 frontend: /home/celina/.volare/sky130A/libs.tech/openlane/sky130_fd_sc_hd/tribuff_map.v
Parsing Verilog input from `/home/celina/.volare/sky130A/libs.tech/openlane/sky130_fd_sc_hd/tribuff_map.v' to AST representation.
Generating RTLIL representation for module `\$_TBUF_'.
Successfully finished Verilog frontend.

48.2. Continuing TECHMAP pass.
No more expansions possible.
<suppressed ~3 debug messages>

49. Executing SIMPLEMAP pass (map simple cells to gate primitives).

50. Executing TECHMAP pass (map to technology primitives).

50.1. Executing Verilog-2005 frontend: /home/celina/.volare/sky130A/libs.tech/openlane/sky130_fd_sc_hd/latch_map.v
Parsing Verilog input from `/home/celina/.volare/sky130A/libs.tech/openlane/sky130_fd_sc_hd/latch_map.v' to AST representation.
Generating RTLIL representation for module `\$_DLATCH_P_'.
Generating RTLIL representation for module `\$_DLATCH_N_'.
Successfully finished Verilog frontend.

50.2. Continuing TECHMAP pass.
No more expansions possible.
<suppressed ~4 debug messages>

51. Executing SIMPLEMAP pass (map simple cells to gate primitives).

52. Executing DFFLIBMAP pass (mapping DFF cells to sequential cells from liberty file).
  cell sky130_fd_sc_hd__dfxtp_2 (noninv, pins=3, area=21.27) is a direct match for cell type $_DFF_P_.
  cell sky130_fd_sc_hd__dfrtp_2 (noninv, pins=4, area=26.28) is a direct match for cell type $_DFF_PN0_.
  cell sky130_fd_sc_hd__dfstp_2 (noninv, pins=4, area=26.28) is a direct match for cell type $_DFF_PN1_.
  cell sky130_fd_sc_hd__dfbbn_2 (noninv, pins=6, area=35.03) is a direct match for cell type $_DFFSR_NNN_.
  final dff cell mappings:
    unmapped dff cell: $_DFF_N_
    \sky130_fd_sc_hd__dfxtp_2 _DFF_P_ (.CLK( C), .D( D), .Q( Q));
    unmapped dff cell: $_DFF_NN0_
    unmapped dff cell: $_DFF_NN1_
    unmapped dff cell: $_DFF_NP0_
    unmapped dff cell: $_DFF_NP1_
    \sky130_fd_sc_hd__dfrtp_2 _DFF_PN0_ (.CLK( C), .D( D), .Q( Q), .RESET_B( R));
    \sky130_fd_sc_hd__dfstp_2 _DFF_PN1_ (.CLK( C), .D( D), .Q( Q), .SET_B( R));
    unmapped dff cell: $_DFF_PP0_
    unmapped dff cell: $_DFF_PP1_
    \sky130_fd_sc_hd__dfbbn_2 _DFFSR_NNN_ (.CLK_N( C), .D( D), .Q( Q), .Q_N(~Q), .RESET_B( R), .SET_B( S));
    unmapped dff cell: $_DFFSR_NNP_
    unmapped dff cell: $_DFFSR_NPN_
    unmapped dff cell: $_DFFSR_NPP_
    unmapped dff cell: $_DFFSR_PNN_
    unmapped dff cell: $_DFFSR_PNP_
    unmapped dff cell: $_DFFSR_PPN_
    unmapped dff cell: $_DFFSR_PPP_

52.1. Executing DFFLEGALIZE pass (convert FFs to types supported by the target).
Mapping DFF cells in module `\digital_cs':

53. Printing statistics.

=== digital_cs ===

   Number of wires:                  7
   Number of wire bits:             14
   Number of public wires:           7
   Number of public wire bits:      14
   Number of memories:               0
   Number of memory bits:            0
   Number of processes:              0
   Number of cells:                  0

[INFO]: USING STRATEGY AREA 0

54. Executing ABC pass (technology mapping using ABC).

54.1. Extracting gate netlist of module `\digital_cs' to `/tmp/yosys-abc-uyHJSx/input.blif'..
Extracted 0 gates and 0 wires to a netlist network with 0 inputs and 0 outputs.
Don't call ABC as there is nothing to map.
Removing temp directory.

55. Executing SETUNDEF pass (replace undef values with defined constants).

56. Executing HILOMAP pass (mapping to constant drivers).

57. Executing SPLITNETS pass (splitting up multi-bit signals).

58. Executing OPT_CLEAN pass (remove unused cells and wires).
Finding unused cells or wires in module \digital_cs..
Removed 0 unused cells and 4 unused wires.
<suppressed ~1 debug messages>

59. Executing INSBUF pass (insert buffer cells for connected wires).

60. Executing CHECK pass (checking for obvious problems).
Checking module digital_cs...
Warning: Wire digital_cs.\phi_r is used but has no driver.
Warning: Wire digital_cs.\phi_p is used but has no driver.
Warning: Wire digital_cs.\phi_l2 is used but has no driver.
Warning: Wire digital_cs.\phi_l1 is used but has no driver.
Found and reported 4 problems.

61. Printing statistics.

=== digital_cs ===

   Number of wires:                  7
   Number of wire bits:             14
   Number of public wires:           7
   Number of public wire bits:      14
   Number of memories:               0
   Number of memory bits:            0
   Number of processes:              0
   Number of cells:                  4
     sky130_fd_sc_hd__conb_1         4

   Chip area for module '\digital_cs': 15.014400

62. Executing Verilog backend.
Dumping module `\digital_cs'.

Warnings: 4 unique messages, 4 total
End of script. Logfile hash: 4861c48539, CPU: user 5.12s system 0.08s, MEM: 106.51 MB peak
Yosys 0.30+48 (git sha1 14d50a176d5, gcc 8.3.1 -fPIC -Os)
Time spent: 47% 5x read_verilog (2 sec), 18% 3x check (0 sec), ...
