
===========================================================================
 report_power
============================================================================
======================= Fastest Corner ===================================

Group                  Internal  Switching    Leakage      Total
                          Power      Power      Power      Power (Watts)
----------------------------------------------------------------
Sequential             1.38e-04   3.24e-05   1.77e-10   1.71e-04  33.2%
Combinational          2.08e-04   1.36e-04   9.36e-10   3.44e-04  66.8%
Macro                  0.00e+00   0.00e+00   0.00e+00   0.00e+00   0.0%
Pad                    0.00e+00   0.00e+00   0.00e+00   0.00e+00   0.0%
----------------------------------------------------------------
Total                  3.46e-04   1.68e-04   1.11e-09   5.14e-04 100.0%
                          67.3%      32.7%       0.0%

======================= Slowest Corner ===================================

Group                  Internal  Switching    Leakage      Total
                          Power      Power      Power      Power (Watts)
----------------------------------------------------------------
Sequential             9.41e-05   2.10e-05   1.77e-07   1.15e-04  32.7%
Combinational          1.48e-04   8.90e-05   4.04e-07   2.38e-04  67.3%
Macro                  0.00e+00   0.00e+00   0.00e+00   0.00e+00   0.0%
Pad                    0.00e+00   0.00e+00   0.00e+00   0.00e+00   0.0%
----------------------------------------------------------------
Total                  2.42e-04   1.10e-04   5.81e-07   3.53e-04 100.0%
                          68.7%      31.2%       0.2%

======================= Typical Corner ===================================

Group                  Internal  Switching    Leakage      Total
                          Power      Power      Power      Power (Watts)
----------------------------------------------------------------
Sequential             1.20e-04   2.70e-05   1.01e-10   1.47e-04  33.0%
Combinational          1.83e-04   1.15e-04   5.41e-10   2.97e-04  67.0%
Macro                  0.00e+00   0.00e+00   0.00e+00   0.00e+00   0.0%
Pad                    0.00e+00   0.00e+00   0.00e+00   0.00e+00   0.0%
----------------------------------------------------------------
Total                  3.03e-04   1.42e-04   6.43e-10   4.44e-04 100.0%
                          68.1%      31.9%       0.0%

