Instance name,  X location,  Y location,  Voltage 
input1, 43.435, 48.96, 8.18427e-05
PHY_25, 43.435, 43.52, 9.51856e-05
PHY_27, 43.435, 43.52, 9.51856e-05
FILLER_0_12_77, 43.435, 43.52, 9.51856e-05
PHY_21, 43.435, 38.08, 0.000118634
PHY_23, 43.435, 38.08, 0.000118634
FILLER_0_9_73, 43.435, 38.08, 0.000118634
FILLER_0_10_79, 43.435, 38.08, 0.000118634
_068_, 43.435, 32.64, 9.83997e-05
_070_, 43.435, 32.64, 9.83997e-05
_079_, 43.435, 32.64, 9.83997e-05
PHY_17, 43.435, 32.64, 9.83997e-05
PHY_19, 43.435, 32.64, 9.83997e-05
FILLER_0_8_77, 43.435, 32.64, 9.83997e-05
PHY_13, 43.435, 27.2, 7.396e-05
PHY_15, 43.435, 27.2, 7.396e-05
input3, 43.435, 27.2, 7.396e-05
FILLER_0_5_77, 43.435, 27.2, 7.396e-05
FILLER_0_6_72, 43.435, 27.2, 7.396e-05
PHY_9, 43.435, 21.76, 8.03365e-05
PHY_11, 43.435, 21.76, 8.03365e-05
FILLER_0_3_77, 43.435, 21.76, 8.03365e-05
PHY_5, 43.435, 16.32, 9.78107e-05
PHY_7, 43.435, 16.32, 9.78107e-05
FILLER_0_2_78, 43.435, 16.32, 9.78107e-05
PHY_1, 43.435, 10.88, 0.000103661
PHY_3, 43.435, 10.88, 0.000103661
output7, 43.435, 10.88, 0.000103661
_113_, 33.545, 43.52, 0.000111919
_114_, 33.545, 43.52, 0.000111919
_133_, 33.545, 43.52, 0.000111919
FILLER_0_11_53, 33.545, 43.52, 0.000111919
FILLER_0_12_58, 33.545, 43.52, 0.000111919
FILLER_0_13_69, 33.545, 43.52, 0.000111919
_077_, 33.545, 38.08, 0.000160219
_082_, 33.545, 38.08, 0.000160219
_083_, 33.545, 38.08, 0.000160219
_136_, 33.545, 38.08, 0.000160219
FILLER_0_9_51, 33.545, 38.08, 0.000160219
_066_, 33.545, 32.64, 0.000115835
_075_, 33.545, 32.64, 0.000115835
_076_, 33.545, 32.64, 0.000115835
_080_, 33.545, 32.64, 0.000115835
rebuffer2, 33.545, 32.64, 0.000115835
FILLER_0_7_60, 33.545, 32.64, 0.000115835
FILLER_0_8_60, 33.545, 32.64, 0.000115835
_064_, 33.545, 27.2, 7.80929e-05
_065_, 33.545, 27.2, 7.80929e-05
_067_, 33.545, 27.2, 7.80929e-05
_069_, 33.545, 27.2, 7.80929e-05
_124_, 33.545, 27.2, 7.80929e-05
rebuffer1, 33.545, 27.2, 7.80929e-05
FILLER_0_6_62, 33.545, 27.2, 7.80929e-05
_091_, 33.545, 21.76, 8.84714e-05
_092_, 33.545, 21.76, 8.84714e-05
_094_, 33.545, 21.76, 8.84714e-05
_096_, 33.545, 21.76, 8.84714e-05
_127_, 33.545, 21.76, 8.84714e-05
FILLER_0_4_53, 33.545, 21.76, 8.84714e-05
_088_, 33.545, 16.32, 0.000119933
_089_, 33.545, 16.32, 0.000119933
_093_, 33.545, 16.32, 0.000119933
FILLER_0_2_54, 33.545, 16.32, 0.000119933
_090_, 33.545, 10.88, 0.000118513
_126_, 33.545, 10.88, 0.000118513
FILLER_0_0_67, 33.545, 10.88, 0.000118513
input5, 23.655, 48.96, 8.13695e-05
FILLER_0_13_29, 23.655, 48.96, 8.13695e-05
_085_, 23.655, 43.52, 0.00012202
_086_, 23.655, 43.52, 0.00012202
_110_, 23.655, 43.52, 0.00012202
_112_, 23.655, 43.52, 0.00012202
_132_, 23.655, 43.52, 0.00012202
FILLER_0_11_31, 23.655, 43.52, 0.00012202
FILLER_0_13_47, 23.655, 43.52, 0.00012202
_073_, 23.655, 38.08, 0.000142175
_078_, 23.655, 38.08, 0.000142175
_111_, 23.655, 38.08, 0.000142175
_115_, 23.655, 38.08, 0.000142175
FILLER_0_10_36, 23.655, 38.08, 0.000142175
FILLER_0_10_50, 23.655, 38.08, 0.000142175
_074_, 23.655, 32.64, 0.000156029
_081_, 23.655, 32.64, 0.000156029
_107_, 23.655, 32.64, 0.000156029
clkbuf_0_clk, 23.655, 32.64, 0.000156029
rebuffer3, 23.655, 32.64, 0.000156029
FILLER_0_8_48, 23.655, 32.64, 0.000156029
_071_, 23.655, 27.2, 7.58073e-05
_108_, 23.655, 27.2, 7.58073e-05
_121_, 23.655, 27.2, 7.58073e-05
_122_, 23.655, 27.2, 7.58073e-05
FILLER_0_6_47, 23.655, 27.2, 7.58073e-05
_062_, 23.655, 21.76, 8.42071e-05
_063_, 23.655, 21.76, 8.42071e-05
_097_, 23.655, 21.76, 8.42071e-05
_098_, 23.655, 21.76, 8.42071e-05
_123_, 23.655, 21.76, 8.42071e-05
_084_, 23.655, 16.32, 0.000170179
_095_, 23.655, 16.32, 0.000170179
_125_, 23.655, 16.32, 0.000170179
_128_, 23.655, 16.32, 0.000170179
hold4, 23.655, 16.32, 0.000170179
FILLER_0_3_40, 23.655, 16.32, 0.000170179
_087_, 23.655, 10.88, 0.000116572
input2, 23.655, 10.88, 0.000116572
hold5, 23.655, 10.88, 0.000116572
FILLER_0_0_49, 23.655, 10.88, 0.000116572
_118_, 13.765, 43.52, 0.000120263
_134_, 13.765, 43.52, 0.000120263
FILLER_0_13_24, 13.765, 43.52, 0.000120263
_116_, 13.765, 38.08, 0.000170503
_117_, 13.765, 38.08, 0.000170503
clkbuf_1_1__f_clk, 13.765, 38.08, 0.000170503
FILLER_0_10_22, 13.765, 38.08, 0.000170503
_072_, 13.765, 32.64, 0.000146106
_120_, 13.765, 32.64, 0.000146106
hold6, 13.765, 32.64, 0.000146106
_109_, 13.765, 27.2, 8.59521e-05
_119_, 13.765, 27.2, 8.59521e-05
hold7, 13.765, 27.2, 8.59521e-05
_102_, 13.765, 21.76, 8.68287e-05
_103_, 13.765, 21.76, 8.68287e-05
_104_, 13.765, 21.76, 8.68287e-05
_106_, 13.765, 21.76, 8.68287e-05
FILLER_0_4_11, 13.765, 21.76, 8.68287e-05
_099_, 13.765, 16.32, 0.000209117
_100_, 13.765, 16.32, 0.000209117
_105_, 13.765, 16.32, 0.000209117
clkbuf_1_0__f_clk, 13.765, 16.32, 0.000209117
FILLER_0_2_15, 13.765, 16.32, 0.000209117
_101_, 13.765, 10.88, 0.000126553
PHY_26, 5.52, 48.96, 8.21761e-05
PHY_22, 5.52, 43.52, 0.00013155
PHY_24, 5.52, 43.52, 0.00013155
output6, 5.52, 43.52, 0.00013155
FILLER_0_12_3, 5.52, 43.52, 0.00013155
PHY_18, 5.52, 38.08, 0.000170503
PHY_20, 5.52, 38.08, 0.000170503
_135_, 5.52, 32.64, 0.00017238
PHY_14, 5.52, 32.64, 0.00017238
PHY_16, 5.52, 32.64, 0.00017238
_131_, 5.52, 27.2, 0.000103253
PHY_10, 5.52, 27.2, 0.000103253
PHY_12, 5.52, 27.2, 0.000103253
FILLER_0_7_3, 5.52, 27.2, 0.000103253
PHY_6, 5.52, 21.76, 8.91944e-05
PHY_8, 5.52, 21.76, 8.91944e-05
input4, 5.52, 21.76, 8.91944e-05
FILLER_0_4_3, 5.52, 21.76, 8.91944e-05
_130_, 5.52, 16.32, 0.00023061
PHY_2, 5.52, 16.32, 0.00023061
PHY_4, 5.52, 16.32, 0.00023061
_129_, 5.52, 10.88, 0.000158769
PHY_0, 5.52, 10.88, 0.000158769

