Instance name,  X location,  Y location,  Voltage 
input1, 40.135, 46.24, 1.79993
FILLER_0_13_69, 40.135, 46.24, 1.79993
_136_, 40.135, 40.8, 1.7999
FILLER_0_12_77, 40.135, 40.8, 1.7999
_070_, 40.135, 35.36, 1.79989
_076_, 40.135, 35.36, 1.79989
_080_, 40.135, 35.36, 1.79989
FILLER_0_9_73, 40.135, 35.36, 1.79989
FILLER_0_10_79, 40.135, 35.36, 1.79989
_067_, 40.135, 29.92, 1.7999
_068_, 40.135, 29.92, 1.7999
_069_, 40.135, 29.92, 1.7999
_079_, 40.135, 29.92, 1.7999
FILLER_0_6_72, 40.135, 29.92, 1.7999
FILLER_0_8_77, 40.135, 29.92, 1.7999
_127_, 40.135, 24.48, 1.7999
input3, 40.135, 24.48, 1.7999
FILLER_0_5_77, 40.135, 24.48, 1.7999
FILLER_0_3_77, 40.135, 19.04, 1.79991
output7, 40.135, 13.6, 1.79987
FILLER_0_0_67, 40.135, 13.6, 1.79987
FILLER_0_2_78, 40.135, 13.6, 1.79987
_113_, 30.245, 46.24, 1.79993
FILLER_0_13_47, 30.245, 46.24, 1.79993
_078_, 30.245, 40.8, 1.7999
_111_, 30.245, 40.8, 1.7999
_114_, 30.245, 40.8, 1.7999
_133_, 30.245, 40.8, 1.7999
FILLER_0_10_50, 30.245, 40.8, 1.7999
FILLER_0_11_53, 30.245, 40.8, 1.7999
FILLER_0_12_58, 30.245, 40.8, 1.7999
_066_, 30.245, 35.36, 1.79986
_077_, 30.245, 35.36, 1.79986
_081_, 30.245, 35.36, 1.79986
_082_, 30.245, 35.36, 1.79986
_083_, 30.245, 35.36, 1.79986
FILLER_0_8_48, 30.245, 35.36, 1.79986
FILLER_0_9_51, 30.245, 35.36, 1.79986
_064_, 30.245, 29.92, 1.79989
_075_, 30.245, 29.92, 1.79989
rebuffer2, 30.245, 29.92, 1.79989
FILLER_0_6_47, 30.245, 29.92, 1.79989
FILLER_0_7_60, 30.245, 29.92, 1.79989
FILLER_0_8_60, 30.245, 29.92, 1.79989
_063_, 30.245, 24.48, 1.79991
_065_, 30.245, 24.48, 1.79991
_092_, 30.245, 24.48, 1.79991
_123_, 30.245, 24.48, 1.79991
_124_, 30.245, 24.48, 1.79991
rebuffer1, 30.245, 24.48, 1.79991
FILLER_0_4_53, 30.245, 24.48, 1.79991
FILLER_0_6_62, 30.245, 24.48, 1.79991
_091_, 30.245, 19.04, 1.79989
_093_, 30.245, 19.04, 1.79989
_094_, 30.245, 19.04, 1.79989
_095_, 30.245, 19.04, 1.79989
_096_, 30.245, 19.04, 1.79989
hold4, 30.245, 19.04, 1.79989
_088_, 30.245, 13.6, 1.79984
_089_, 30.245, 13.6, 1.79984
_090_, 30.245, 13.6, 1.79984
_126_, 30.245, 13.6, 1.79984
input2, 30.245, 13.6, 1.79984
FILLER_0_0_49, 30.245, 13.6, 1.79984
FILLER_0_2_54, 30.245, 13.6, 1.79984
_085_, 20.355, 46.24, 1.79992
_086_, 20.355, 46.24, 1.79992
input5, 20.355, 46.24, 1.79992
FILLER_0_13_24, 20.355, 46.24, 1.79992
FILLER_0_13_29, 20.355, 46.24, 1.79992
_110_, 20.355, 40.8, 1.79989
_112_, 20.355, 40.8, 1.79989
_115_, 20.355, 40.8, 1.79989
_116_, 20.355, 40.8, 1.79989
_132_, 20.355, 40.8, 1.79989
FILLER_0_10_22, 20.355, 40.8, 1.79989
FILLER_0_11_31, 20.355, 40.8, 1.79989
_073_, 20.355, 35.36, 1.79987
_074_, 20.355, 35.36, 1.79987
FILLER_0_10_36, 20.355, 35.36, 1.79987
_107_, 20.355, 29.92, 1.79984
_108_, 20.355, 29.92, 1.79984
_122_, 20.355, 29.92, 1.79984
clkbuf_0_clk, 20.355, 29.92, 1.79984
hold7, 20.355, 29.92, 1.79984
rebuffer3, 20.355, 29.92, 1.79984
_062_, 20.355, 24.48, 1.7999
_071_, 20.355, 24.48, 1.7999
_103_, 20.355, 24.48, 1.7999
_121_, 20.355, 24.48, 1.7999
_097_, 20.355, 19.04, 1.79988
_098_, 20.355, 19.04, 1.79988
_099_, 20.355, 19.04, 1.79988
_128_, 20.355, 19.04, 1.79988
FILLER_0_3_40, 20.355, 19.04, 1.79988
_084_, 20.355, 13.6, 1.79981
_087_, 20.355, 13.6, 1.79981
_125_, 20.355, 13.6, 1.79981
hold5, 20.355, 13.6, 1.79981
_118_, 10.465, 40.8, 1.79989
_134_, 10.465, 40.8, 1.79989
_117_, 10.465, 35.36, 1.79983
clkbuf_1_1__f_clk, 10.465, 35.36, 1.79983
_072_, 10.465, 29.92, 1.79985
_120_, 10.465, 29.92, 1.79985
hold6, 10.465, 29.92, 1.79985
_106_, 10.465, 24.48, 1.79989
_109_, 10.465, 24.48, 1.79989
_119_, 10.465, 24.48, 1.79989
_102_, 10.465, 19.04, 1.79987
_104_, 10.465, 19.04, 1.79987
_105_, 10.465, 19.04, 1.79987
FILLER_0_4_11, 10.465, 19.04, 1.79987
_100_, 10.465, 13.6, 1.79976
_101_, 10.465, 13.6, 1.79976
clkbuf_1_0__f_clk, 10.465, 13.6, 1.79976
FILLER_0_2_15, 10.465, 13.6, 1.79976
PHY_24, 5.52, 46.24, 1.79991
PHY_26, 5.52, 46.24, 1.79991
output6, 5.52, 46.24, 1.79991
PHY_25, 45.08, 46.24, 1.79993
PHY_27, 45.08, 46.24, 1.79993
PHY_20, 5.52, 40.8, 1.79989
PHY_22, 5.52, 40.8, 1.79989
FILLER_0_12_3, 5.52, 40.8, 1.79989
PHY_21, 45.08, 40.8, 1.7999
PHY_23, 45.08, 40.8, 1.7999
PHY_16, 5.52, 35.36, 1.79983
PHY_18, 5.52, 35.36, 1.79983
PHY_17, 45.08, 35.36, 1.79989
PHY_19, 45.08, 35.36, 1.79989
_135_, 5.52, 29.92, 1.79983
PHY_12, 5.52, 29.92, 1.79983
PHY_14, 5.52, 29.92, 1.79983
FILLER_0_7_3, 5.52, 29.92, 1.79983
PHY_13, 45.08, 29.92, 1.7999
PHY_15, 45.08, 29.92, 1.7999
_131_, 5.52, 24.48, 1.79988
PHY_8, 5.52, 24.48, 1.79988
PHY_10, 5.52, 24.48, 1.79988
input4, 5.52, 24.48, 1.79988
PHY_9, 45.08, 24.48, 1.7999
PHY_11, 45.08, 24.48, 1.7999
_130_, 5.52, 19.04, 1.79986
PHY_4, 5.52, 19.04, 1.79986
PHY_6, 5.52, 19.04, 1.79986
FILLER_0_4_3, 5.52, 19.04, 1.79986
PHY_5, 45.08, 19.04, 1.79991
PHY_7, 45.08, 19.04, 1.79991
_129_, 5.52, 13.6, 1.79974
PHY_0, 5.52, 13.6, 1.79974
PHY_2, 5.52, 13.6, 1.79974
PHY_1, 45.08, 13.6, 1.79987
PHY_3, 45.08, 13.6, 1.79987

