OpenROAD 41a51eaf4ca2171c92ff38afb91eb37bbd3f36da 
This program is licensed under the BSD-3 license. See the LICENSE file for details.
Components of this program may be licensed under more restrictive licenses which must be honored.
[INFO ODB-0222] Reading LEF file: /openlane/designs/digital_desing/runs/RUN_2024.06.25_00.47.56/tmp/merged.nom.lef
[WARNING ODB-0220] WARNING (LEFPARS-2036): SOURCE statement is obsolete in version 5.6 and later.
The LEF parser will ignore this statement.
To avoid this warning in the future, remove this statement from the LEF file with version 5.6 or later. See file /openlane/designs/digital_desing/runs/RUN_2024.06.25_00.47.56/tmp/merged.nom.lef at line 930.

[INFO ODB-0223]     Created 13 technology layers
[INFO ODB-0224]     Created 25 technology vias
[INFO ODB-0225]     Created 441 library cells
[INFO ODB-0226] Finished LEF file:  /openlane/designs/digital_desing/runs/RUN_2024.06.25_00.47.56/tmp/merged.nom.lef
[INFO ODB-0127] Reading DEF file: /openlane/designs/digital_desing/runs/RUN_2024.06.25_00.47.56/results/routing/pulse_generator.def
[INFO ODB-0128] Design: pulse_generator
[INFO ODB-0130]     Created 10 pins.
[INFO ODB-0131]     Created 220 components and 1162 component-terminals.
[INFO ODB-0132]     Created 2 special nets and 848 connections.
[INFO ODB-0133]     Created 98 nets and 314 connections.
[INFO ODB-0134] Finished DEF file: /openlane/designs/digital_desing/runs/RUN_2024.06.25_00.47.56/results/routing/pulse_generator.def
define_corners Typical
read_liberty -corner Typical /home/celina/open_pdks/sky130A/libs.ref/sky130_fd_sc_hd/lib/sky130_fd_sc_hd__tt_025C_1v80.lib
Using 1e-12 for capacitance...
Using 1e+03 for resistance...
Using 1e-09 for time...
Using 1e+00 for voltage...
Using 1e-03 for current...
Using 1e-09 for power...
Using 1e-06 for distance...
Using RCX ruleset '/home/celina/open_pdks/sky130A/libs.tech/openlane/rules.openrcx.sky130A.nom.calibre'...
[INFO RCX-0431] Defined process_corner X with ext_model_index 0
[INFO RCX-0029] Defined extraction corner X
[INFO RCX-0008] extracting parasitics of pulse_generator ...
[INFO RCX-0435] Reading extraction model file /home/celina/open_pdks/sky130A/libs.tech/openlane/rules.openrcx.sky130A.nom.calibre ...
[INFO RCX-0436] RC segment generation pulse_generator (max_merge_res 50.0) ...
[INFO RCX-0040] Final 352 rc segments
[INFO RCX-0439] Coupling Cap extraction pulse_generator ...
[INFO RCX-0440] Coupling threshhold is 0.1000 fF, coupling capacitance less than 0.1000 fF will be grounded.
[INFO RCX-0043] 790 wires to be extracted
[INFO RCX-0442] 57% completion -- 454 wires have been extracted
[INFO RCX-0442] 100% completion -- 790 wires have been extracted
[INFO RCX-0045] Extract 98 nets, 450 rsegs, 450 caps, 531 ccs
[INFO RCX-0015] Finished extracting pulse_generator.
Writing result to /openlane/designs/digital_desing/runs/RUN_2024.06.25_00.47.56/results/routing/mca/process_corner_nom/pulse_generator.spef...
Setting global connections for newly added cells…
[WARNING] Did not save OpenROAD database!
Writing extracted parasitics to '/openlane/designs/digital_desing/runs/RUN_2024.06.25_00.47.56/results/routing/mca/process_corner_nom/pulse_generator.spef'…
[INFO RCX-0016] Writing SPEF ...
[INFO RCX-0443] 98 nets finished
[INFO RCX-0017] Finished writing SPEF ...
