
===========================================================================
report_checks -path_delay min (Hold)
============================================================================
======================= Typical Corner ===================================

Startpoint: _135_ (rising edge-triggered flip-flop clocked by clk)
Endpoint: _135_ (rising edge-triggered flip-flop clocked by clk)
Path Group: clk
Path Type: min

Fanout     Cap    Slew   Delay    Time   Description
-----------------------------------------------------------------------------
                  0.15    0.00    0.00   clock clk (rise edge)
                          0.00    0.00   clock network delay (ideal)
                  0.15    0.00    0.00 ^ _135_/CLK (sky130_fd_sc_hd__dfxtp_1)
                  0.08    0.35    0.35 ^ _135_/Q (sky130_fd_sc_hd__dfxtp_1)
     2    0.01                           count[10] (net)
                  0.08    0.00    0.35 ^ _119_/A (sky130_fd_sc_hd__xor2_1)
                  0.04    0.06    0.41 v _119_/X (sky130_fd_sc_hd__xor2_1)
     1    0.00                           _061_ (net)
                  0.04    0.00    0.41 v _120_/B1 (sky130_fd_sc_hd__o211a_1)
                  0.03    0.11    0.52 v _120_/X (sky130_fd_sc_hd__o211a_1)
     1    0.00                           _010_ (net)
                  0.03    0.00    0.52 v _135_/D (sky130_fd_sc_hd__dfxtp_1)
                                  0.52   data arrival time

                  0.15    0.00    0.00   clock clk (rise edge)
                          0.00    0.00   clock network delay (ideal)
                          0.25    0.25   clock uncertainty
                          0.00    0.25   clock reconvergence pessimism
                                  0.25 ^ _135_/CLK (sky130_fd_sc_hd__dfxtp_1)
                         -0.02    0.23   library hold time
                                  0.23   data required time
-----------------------------------------------------------------------------
                                  0.23   data required time
                                 -0.52   data arrival time
-----------------------------------------------------------------------------
                                  0.29   slack (MET)


Startpoint: _125_ (rising edge-triggered flip-flop clocked by clk)
Endpoint: _125_ (rising edge-triggered flip-flop clocked by clk)
Path Group: clk
Path Type: min

Fanout     Cap    Slew   Delay    Time   Description
-----------------------------------------------------------------------------
                  0.15    0.00    0.00   clock clk (rise edge)
                          0.00    0.00   clock network delay (ideal)
                  0.15    0.00    0.00 ^ _125_/CLK (sky130_fd_sc_hd__dfxtp_1)
                  0.10    0.37    0.37 v _125_/Q (sky130_fd_sc_hd__dfxtp_1)
     8    0.02                           count[0] (net)
                  0.10    0.00    0.37 v _084_/A (sky130_fd_sc_hd__inv_2)
                  0.03    0.06    0.43 ^ _084_/Y (sky130_fd_sc_hd__inv_2)
     1    0.00                           _036_ (net)
                  0.03    0.00    0.43 ^ _087_/B1 (sky130_fd_sc_hd__o211a_1)
                  0.04    0.12    0.55 ^ _087_/X (sky130_fd_sc_hd__o211a_1)
     1    0.00                           _000_ (net)
                  0.04    0.00    0.55 ^ _125_/D (sky130_fd_sc_hd__dfxtp_1)
                                  0.55   data arrival time

                  0.15    0.00    0.00   clock clk (rise edge)
                          0.00    0.00   clock network delay (ideal)
                          0.25    0.25   clock uncertainty
                          0.00    0.25   clock reconvergence pessimism
                                  0.25 ^ _125_/CLK (sky130_fd_sc_hd__dfxtp_1)
                         -0.02    0.23   library hold time
                                  0.23   data required time
-----------------------------------------------------------------------------
                                  0.23   data required time
                                 -0.55   data arrival time
-----------------------------------------------------------------------------
                                  0.31   slack (MET)


Startpoint: _129_ (rising edge-triggered flip-flop clocked by clk)
Endpoint: _129_ (rising edge-triggered flip-flop clocked by clk)
Path Group: clk
Path Type: min

Fanout     Cap    Slew   Delay    Time   Description
-----------------------------------------------------------------------------
                  0.15    0.00    0.00   clock clk (rise edge)
                          0.00    0.00   clock network delay (ideal)
                  0.15    0.00    0.00 ^ _129_/CLK (sky130_fd_sc_hd__dfxtp_1)
                  0.07    0.35    0.35 v _129_/Q (sky130_fd_sc_hd__dfxtp_1)
     6    0.01                           count[4] (net)
                  0.07    0.00    0.35 v _099_/A (sky130_fd_sc_hd__nand2_1)
                  0.04    0.06    0.41 ^ _099_/Y (sky130_fd_sc_hd__nand2_1)
     1    0.00                           _047_ (net)
                  0.04    0.00    0.41 ^ _101_/B1 (sky130_fd_sc_hd__o2111a_1)
                  0.05    0.16    0.57 ^ _101_/X (sky130_fd_sc_hd__o2111a_1)
     1    0.00                           _004_ (net)
                  0.05    0.00    0.57 ^ _129_/D (sky130_fd_sc_hd__dfxtp_1)
                                  0.57   data arrival time

                  0.15    0.00    0.00   clock clk (rise edge)
                          0.00    0.00   clock network delay (ideal)
                          0.25    0.25   clock uncertainty
                          0.00    0.25   clock reconvergence pessimism
                                  0.25 ^ _129_/CLK (sky130_fd_sc_hd__dfxtp_1)
                         -0.02    0.23   library hold time
                                  0.23   data required time
-----------------------------------------------------------------------------
                                  0.23   data required time
                                 -0.57   data arrival time
-----------------------------------------------------------------------------
                                  0.33   slack (MET)


Startpoint: _131_ (rising edge-triggered flip-flop clocked by clk)
Endpoint: _131_ (rising edge-triggered flip-flop clocked by clk)
Path Group: clk
Path Type: min

Fanout     Cap    Slew   Delay    Time   Description
-----------------------------------------------------------------------------
                  0.15    0.00    0.00   clock clk (rise edge)
                          0.00    0.00   clock network delay (ideal)
                  0.15    0.00    0.00 ^ _131_/CLK (sky130_fd_sc_hd__dfxtp_1)
                  0.04    0.32    0.32 v _131_/Q (sky130_fd_sc_hd__dfxtp_1)
     3    0.01                           count[6] (net)
                  0.04    0.00    0.32 v _107_/A (sky130_fd_sc_hd__nor2_1)
                  0.08    0.09    0.42 ^ _107_/Y (sky130_fd_sc_hd__nor2_1)
     1    0.00                           _053_ (net)
                  0.08    0.00    0.42 ^ _108_/B (sky130_fd_sc_hd__nor2_1)
                  0.03    0.04    0.46 v _108_/Y (sky130_fd_sc_hd__nor2_1)
     1    0.00                           _054_ (net)
                  0.03    0.00    0.46 v _109_/B1 (sky130_fd_sc_hd__o211a_1)
                  0.03    0.10    0.56 v _109_/X (sky130_fd_sc_hd__o211a_1)
     1    0.00                           _006_ (net)
                  0.03    0.00    0.56 v _131_/D (sky130_fd_sc_hd__dfxtp_1)
                                  0.56   data arrival time

                  0.15    0.00    0.00   clock clk (rise edge)
                          0.00    0.00   clock network delay (ideal)
                          0.25    0.25   clock uncertainty
                          0.00    0.25   clock reconvergence pessimism
                                  0.25 ^ _131_/CLK (sky130_fd_sc_hd__dfxtp_1)
                         -0.02    0.23   library hold time
                                  0.23   data required time
-----------------------------------------------------------------------------
                                  0.23   data required time
                                 -0.56   data arrival time
-----------------------------------------------------------------------------
                                  0.34   slack (MET)


Startpoint: _133_ (rising edge-triggered flip-flop clocked by clk)
Endpoint: _133_ (rising edge-triggered flip-flop clocked by clk)
Path Group: clk
Path Type: min

Fanout     Cap    Slew   Delay    Time   Description
-----------------------------------------------------------------------------
                  0.15    0.00    0.00   clock clk (rise edge)
                          0.00    0.00   clock network delay (ideal)
                  0.15    0.00    0.00 ^ _133_/CLK (sky130_fd_sc_hd__dfxtp_1)
                  0.13    0.38    0.38 ^ _133_/Q (sky130_fd_sc_hd__dfxtp_1)
     4    0.01                           count[8] (net)
                  0.13    0.00    0.38 ^ _113_/A (sky130_fd_sc_hd__xnor2_1)
                  0.03    0.08    0.46 v _113_/Y (sky130_fd_sc_hd__xnor2_1)
     1    0.00                           _057_ (net)
                  0.03    0.00    0.46 v _114_/B1 (sky130_fd_sc_hd__o211a_1)
                  0.03    0.10    0.57 v _114_/X (sky130_fd_sc_hd__o211a_1)
     1    0.00                           _008_ (net)
                  0.03    0.00    0.57 v _133_/D (sky130_fd_sc_hd__dfxtp_1)
                                  0.57   data arrival time

                  0.15    0.00    0.00   clock clk (rise edge)
                          0.00    0.00   clock network delay (ideal)
                          0.25    0.25   clock uncertainty
                          0.00    0.25   clock reconvergence pessimism
                                  0.25 ^ _133_/CLK (sky130_fd_sc_hd__dfxtp_1)
                         -0.02    0.23   library hold time
                                  0.23   data required time
-----------------------------------------------------------------------------
                                  0.23   data required time
                                 -0.57   data arrival time
-----------------------------------------------------------------------------
                                  0.34   slack (MET)


Startpoint: _128_ (rising edge-triggered flip-flop clocked by clk)
Endpoint: _128_ (rising edge-triggered flip-flop clocked by clk)
Path Group: clk
Path Type: min

Fanout     Cap    Slew   Delay    Time   Description
-----------------------------------------------------------------------------
                  0.15    0.00    0.00   clock clk (rise edge)
                          0.00    0.00   clock network delay (ideal)
                  0.15    0.00    0.00 ^ _128_/CLK (sky130_fd_sc_hd__dfxtp_1)
                  0.05    0.34    0.34 v _128_/Q (sky130_fd_sc_hd__dfxtp_1)
     4    0.01                           count[3] (net)
                  0.05    0.00    0.34 v _096_/A (sky130_fd_sc_hd__nor2_1)
                  0.09    0.10    0.44 ^ _096_/Y (sky130_fd_sc_hd__nor2_1)
     1    0.00                           _045_ (net)
                  0.09    0.00    0.44 ^ _097_/B (sky130_fd_sc_hd__nor2_1)
                  0.03    0.04    0.48 v _097_/Y (sky130_fd_sc_hd__nor2_1)
     1    0.00                           _046_ (net)
                  0.03    0.00    0.48 v _098_/B1 (sky130_fd_sc_hd__o211a_1)
                  0.03    0.10    0.58 v _098_/X (sky130_fd_sc_hd__o211a_1)
     1    0.00                           _003_ (net)
                  0.03    0.00    0.58 v _128_/D (sky130_fd_sc_hd__dfxtp_1)
                                  0.58   data arrival time

                  0.15    0.00    0.00   clock clk (rise edge)
                          0.00    0.00   clock network delay (ideal)
                          0.25    0.25   clock uncertainty
                          0.00    0.25   clock reconvergence pessimism
                                  0.25 ^ _128_/CLK (sky130_fd_sc_hd__dfxtp_1)
                         -0.02    0.23   library hold time
                                  0.23   data required time
-----------------------------------------------------------------------------
                                  0.23   data required time
                                 -0.58   data arrival time
-----------------------------------------------------------------------------
                                  0.35   slack (MET)


Startpoint: _130_ (rising edge-triggered flip-flop clocked by clk)
Endpoint: _130_ (rising edge-triggered flip-flop clocked by clk)
Path Group: clk
Path Type: min

Fanout     Cap    Slew   Delay    Time   Description
-----------------------------------------------------------------------------
                  0.15    0.00    0.00   clock clk (rise edge)
                          0.00    0.00   clock network delay (ideal)
                  0.15    0.00    0.00 ^ _130_/CLK (sky130_fd_sc_hd__dfxtp_1)
                  0.05    0.33    0.33 v _130_/Q (sky130_fd_sc_hd__dfxtp_1)
     4    0.01                           count[5] (net)
                  0.05    0.00    0.33 v _103_/B1 (sky130_fd_sc_hd__a21oi_1)
                  0.09    0.10    0.44 ^ _103_/Y (sky130_fd_sc_hd__a21oi_1)
     1    0.00                           _050_ (net)
                  0.09    0.00    0.44 ^ _104_/B (sky130_fd_sc_hd__nor2_1)
                  0.03    0.04    0.48 v _104_/Y (sky130_fd_sc_hd__nor2_1)
     1    0.00                           _051_ (net)
                  0.03    0.00    0.48 v _105_/B1 (sky130_fd_sc_hd__o211a_1)
                  0.03    0.10    0.58 v _105_/X (sky130_fd_sc_hd__o211a_1)
     1    0.00                           _005_ (net)
                  0.03    0.00    0.58 v _130_/D (sky130_fd_sc_hd__dfxtp_1)
                                  0.58   data arrival time

                  0.15    0.00    0.00   clock clk (rise edge)
                          0.00    0.00   clock network delay (ideal)
                          0.25    0.25   clock uncertainty
                          0.00    0.25   clock reconvergence pessimism
                                  0.25 ^ _130_/CLK (sky130_fd_sc_hd__dfxtp_1)
                         -0.02    0.23   library hold time
                                  0.23   data required time
-----------------------------------------------------------------------------
                                  0.23   data required time
                                 -0.58   data arrival time
-----------------------------------------------------------------------------
                                  0.35   slack (MET)


Startpoint: _132_ (rising edge-triggered flip-flop clocked by clk)
Endpoint: _132_ (rising edge-triggered flip-flop clocked by clk)
Path Group: clk
Path Type: min

Fanout     Cap    Slew   Delay    Time   Description
-----------------------------------------------------------------------------
                  0.15    0.00    0.00   clock clk (rise edge)
                          0.00    0.00   clock network delay (ideal)
                  0.15    0.00    0.00 ^ _132_/CLK (sky130_fd_sc_hd__dfxtp_1)
                  0.06    0.34    0.34 v _132_/Q (sky130_fd_sc_hd__dfxtp_1)
     5    0.01                           count[7] (net)
                  0.06    0.00    0.34 v _110_/A (sky130_fd_sc_hd__nand2_1)
                  0.08    0.09    0.43 ^ _110_/Y (sky130_fd_sc_hd__nand2_1)
     2    0.01                           _055_ (net)
                  0.08    0.00    0.43 ^ _112_/B1 (sky130_fd_sc_hd__o2111a_1)
                  0.04    0.17    0.60 ^ _112_/X (sky130_fd_sc_hd__o2111a_1)
     1    0.00                           _007_ (net)
                  0.04    0.00    0.60 ^ _132_/D (sky130_fd_sc_hd__dfxtp_1)
                                  0.60   data arrival time

                  0.15    0.00    0.00   clock clk (rise edge)
                          0.00    0.00   clock network delay (ideal)
                          0.25    0.25   clock uncertainty
                          0.00    0.25   clock reconvergence pessimism
                                  0.25 ^ _132_/CLK (sky130_fd_sc_hd__dfxtp_1)
                         -0.02    0.23   library hold time
                                  0.23   data required time
-----------------------------------------------------------------------------
                                  0.23   data required time
                                 -0.60   data arrival time
-----------------------------------------------------------------------------
                                  0.37   slack (MET)


Startpoint: _127_ (rising edge-triggered flip-flop clocked by clk)
Endpoint: _127_ (rising edge-triggered flip-flop clocked by clk)
Path Group: clk
Path Type: min

Fanout     Cap    Slew   Delay    Time   Description
-----------------------------------------------------------------------------
                  0.15    0.00    0.00   clock clk (rise edge)
                          0.00    0.00   clock network delay (ideal)
                  0.15    0.00    0.00 ^ _127_/CLK (sky130_fd_sc_hd__dfxtp_1)
                  0.06    0.34    0.34 v _127_/Q (sky130_fd_sc_hd__dfxtp_1)
     5    0.01                           count[2] (net)
                  0.06    0.00    0.34 v _092_/B1 (sky130_fd_sc_hd__a21oi_1)
                  0.09    0.11    0.45 ^ _092_/Y (sky130_fd_sc_hd__a21oi_1)
     1    0.00                           _042_ (net)
                  0.09    0.00    0.45 ^ _093_/B (sky130_fd_sc_hd__nor2_1)
                  0.03    0.04    0.50 v _093_/Y (sky130_fd_sc_hd__nor2_1)
     1    0.00                           _043_ (net)
                  0.03    0.00    0.50 v _094_/B1 (sky130_fd_sc_hd__o211a_1)
                  0.03    0.10    0.60 v _094_/X (sky130_fd_sc_hd__o211a_1)
     1    0.00                           _002_ (net)
                  0.03    0.00    0.60 v _127_/D (sky130_fd_sc_hd__dfxtp_1)
                                  0.60   data arrival time

                  0.15    0.00    0.00   clock clk (rise edge)
                          0.00    0.00   clock network delay (ideal)
                          0.25    0.25   clock uncertainty
                          0.00    0.25   clock reconvergence pessimism
                                  0.25 ^ _127_/CLK (sky130_fd_sc_hd__dfxtp_1)
                         -0.02    0.23   library hold time
                                  0.23   data required time
-----------------------------------------------------------------------------
                                  0.23   data required time
                                 -0.60   data arrival time
-----------------------------------------------------------------------------
                                  0.37   slack (MET)


Startpoint: _126_ (rising edge-triggered flip-flop clocked by clk)
Endpoint: _126_ (rising edge-triggered flip-flop clocked by clk)
Path Group: clk
Path Type: min

Fanout     Cap    Slew   Delay    Time   Description
-----------------------------------------------------------------------------
                  0.15    0.00    0.00   clock clk (rise edge)
                          0.00    0.00   clock network delay (ideal)
                  0.15    0.00    0.00 ^ _126_/CLK (sky130_fd_sc_hd__dfxtp_1)
                  0.09    0.37    0.37 v _126_/Q (sky130_fd_sc_hd__dfxtp_1)
     8    0.02                           count[1] (net)
                  0.09    0.00    0.37 v _088_/B (sky130_fd_sc_hd__nand2_1)
                  0.05    0.08    0.45 ^ _088_/Y (sky130_fd_sc_hd__nand2_1)
     1    0.00                           _039_ (net)
                  0.05    0.00    0.45 ^ _090_/B1 (sky130_fd_sc_hd__o2111a_1)
                  0.04    0.16    0.61 ^ _090_/X (sky130_fd_sc_hd__o2111a_1)
     1    0.00                           _001_ (net)
                  0.04    0.00    0.61 ^ _126_/D (sky130_fd_sc_hd__dfxtp_1)
                                  0.61   data arrival time

                  0.15    0.00    0.00   clock clk (rise edge)
                          0.00    0.00   clock network delay (ideal)
                          0.25    0.25   clock uncertainty
                          0.00    0.25   clock reconvergence pessimism
                                  0.25 ^ _126_/CLK (sky130_fd_sc_hd__dfxtp_1)
                         -0.02    0.23   library hold time
                                  0.23   data required time
-----------------------------------------------------------------------------
                                  0.23   data required time
                                 -0.61   data arrival time
-----------------------------------------------------------------------------
                                  0.37   slack (MET)


Startpoint: _134_ (rising edge-triggered flip-flop clocked by clk)
Endpoint: _134_ (rising edge-triggered flip-flop clocked by clk)
Path Group: clk
Path Type: min

Fanout     Cap    Slew   Delay    Time   Description
-----------------------------------------------------------------------------
                  0.15    0.00    0.00   clock clk (rise edge)
                          0.00    0.00   clock network delay (ideal)
                  0.15    0.00    0.00 ^ _134_/CLK (sky130_fd_sc_hd__dfxtp_1)
                  0.08    0.35    0.35 ^ _134_/Q (sky130_fd_sc_hd__dfxtp_1)
     3    0.01                           count[9] (net)
                  0.08    0.00    0.35 ^ _116_/B1 (sky130_fd_sc_hd__a31o_1)
                  0.04    0.09    0.43 ^ _116_/X (sky130_fd_sc_hd__a31o_1)
     1    0.00                           _059_ (net)
                  0.04    0.00    0.43 ^ _117_/B (sky130_fd_sc_hd__and2b_1)
                  0.04    0.10    0.54 ^ _117_/X (sky130_fd_sc_hd__and2b_1)
     1    0.00                           _060_ (net)
                  0.04    0.00    0.54 ^ _118_/B1 (sky130_fd_sc_hd__o211a_1)
                  0.04    0.12    0.66 ^ _118_/X (sky130_fd_sc_hd__o211a_1)
     1    0.00                           _009_ (net)
                  0.04    0.00    0.66 ^ _134_/D (sky130_fd_sc_hd__dfxtp_1)
                                  0.66   data arrival time

                  0.15    0.00    0.00   clock clk (rise edge)
                          0.00    0.00   clock network delay (ideal)
                          0.25    0.25   clock uncertainty
                          0.00    0.25   clock reconvergence pessimism
                                  0.25 ^ _134_/CLK (sky130_fd_sc_hd__dfxtp_1)
                         -0.02    0.23   library hold time
                                  0.23   data required time
-----------------------------------------------------------------------------
                                  0.23   data required time
                                 -0.66   data arrival time
-----------------------------------------------------------------------------
                                  0.42   slack (MET)


Startpoint: _125_ (rising edge-triggered flip-flop clocked by clk)
Endpoint: _136_ (rising edge-triggered flip-flop clocked by clk)
Path Group: clk
Path Type: min

Fanout     Cap    Slew   Delay    Time   Description
-----------------------------------------------------------------------------
                  0.15    0.00    0.00   clock clk (rise edge)
                          0.00    0.00   clock network delay (ideal)
                  0.15    0.00    0.00 ^ _125_/CLK (sky130_fd_sc_hd__dfxtp_1)
                  0.10    0.37    0.37 v _125_/Q (sky130_fd_sc_hd__dfxtp_1)
     8    0.02                           count[0] (net)
                  0.10    0.00    0.37 v _075_/B (sky130_fd_sc_hd__nand2_1)
                  0.04    0.08    0.45 ^ _075_/Y (sky130_fd_sc_hd__nand2_1)
     1    0.00                           _028_ (net)
                  0.04    0.00    0.45 ^ _076_/D (sky130_fd_sc_hd__and4b_1)
                  0.05    0.17    0.62 ^ _076_/X (sky130_fd_sc_hd__and4b_1)
     1    0.00                           _029_ (net)
                  0.05    0.00    0.62 ^ _077_/A (sky130_fd_sc_hd__buf_1)
                  0.09    0.11    0.73 ^ _077_/X (sky130_fd_sc_hd__buf_1)
     2    0.01                           net6 (net)
                  0.09    0.00    0.73 ^ _136_/D (sky130_fd_sc_hd__dfxtp_1)
                                  0.73   data arrival time

                  0.15    0.00    0.00   clock clk (rise edge)
                          0.00    0.00   clock network delay (ideal)
                          0.25    0.25   clock uncertainty
                          0.00    0.25   clock reconvergence pessimism
                                  0.25 ^ _136_/CLK (sky130_fd_sc_hd__dfxtp_1)
                         -0.03    0.22   library hold time
                                  0.22   data required time
-----------------------------------------------------------------------------
                                  0.22   data required time
                                 -0.73   data arrival time
-----------------------------------------------------------------------------
                                  0.51   slack (MET)


Startpoint: _136_ (rising edge-triggered flip-flop clocked by clk)
Endpoint: sync_out (output port clocked by clk)
Path Group: clk
Path Type: min

Fanout     Cap    Slew   Delay    Time   Description
-----------------------------------------------------------------------------
                  0.15    0.00    0.00   clock clk (rise edge)
                          0.00    0.00   clock network delay (ideal)
                  0.15    0.00    0.00 ^ _136_/CLK (sky130_fd_sc_hd__dfxtp_1)
                  0.03    0.32    0.32 v _136_/Q (sky130_fd_sc_hd__dfxtp_1)
     1    0.00                           net7 (net)
                  0.03    0.00    0.32 v output7/A (sky130_fd_sc_hd__clkbuf_4)
                  0.08    0.17    0.49 v output7/X (sky130_fd_sc_hd__clkbuf_4)
     1    0.03                           sync_out (net)
                  0.08    0.00    0.49 v sync_out (out)
                                  0.49   data arrival time

                  0.15    0.00    0.00   clock clk (rise edge)
                          0.00    0.00   clock network delay (ideal)
                          0.25    0.25   clock uncertainty
                          0.00    0.25   clock reconvergence pessimism
                         -1.00   -0.75   output external delay
                                 -0.75   data required time
-----------------------------------------------------------------------------
                                 -0.75   data required time
                                 -0.49   data arrival time
-----------------------------------------------------------------------------
                                  1.24   slack (MET)


Startpoint: _134_ (rising edge-triggered flip-flop clocked by clk)
Endpoint: comb_out (output port clocked by clk)
Path Group: clk
Path Type: min

Fanout     Cap    Slew   Delay    Time   Description
-----------------------------------------------------------------------------
                  0.15    0.00    0.00   clock clk (rise edge)
                          0.00    0.00   clock network delay (ideal)
                  0.15    0.00    0.00 ^ _134_/CLK (sky130_fd_sc_hd__dfxtp_1)
                  0.08    0.35    0.35 ^ _134_/Q (sky130_fd_sc_hd__dfxtp_1)
     3    0.01                           count[9] (net)
                  0.08    0.00    0.35 ^ _073_/B (sky130_fd_sc_hd__or4_1)
                  0.04    0.10    0.45 ^ _073_/X (sky130_fd_sc_hd__or4_1)
     1    0.00                           _026_ (net)
                  0.04    0.00    0.45 ^ _074_/B (sky130_fd_sc_hd__nor2_1)
                  0.03    0.04    0.49 v _074_/Y (sky130_fd_sc_hd__nor2_1)
     2    0.00                           _027_ (net)
                  0.03    0.00    0.49 v _076_/C (sky130_fd_sc_hd__and4b_1)
                  0.03    0.16    0.65 v _076_/X (sky130_fd_sc_hd__and4b_1)
     1    0.00                           _029_ (net)
                  0.03    0.00    0.65 v _077_/A (sky130_fd_sc_hd__buf_1)
                  0.05    0.10    0.74 v _077_/X (sky130_fd_sc_hd__buf_1)
     2    0.01                           net6 (net)
                  0.05    0.00    0.74 v output6/A (sky130_fd_sc_hd__clkbuf_4)
                  0.08    0.18    0.92 v output6/X (sky130_fd_sc_hd__clkbuf_4)
     1    0.03                           comb_out (net)
                  0.08    0.00    0.92 v comb_out (out)
                                  0.92   data arrival time

                  0.15    0.00    0.00   clock clk (rise edge)
                          0.00    0.00   clock network delay (ideal)
                          0.25    0.25   clock uncertainty
                          0.00    0.25   clock reconvergence pessimism
                         -1.00   -0.75   output external delay
                                 -0.75   data required time
-----------------------------------------------------------------------------
                                 -0.75   data required time
                                 -0.92   data arrival time
-----------------------------------------------------------------------------
                                  1.67   slack (MET)



