
===========================================================================
report_checks -path_delay min (Hold)
============================================================================
======================= Typical Corner ===================================

Startpoint: _135_ (rising edge-triggered flip-flop clocked by clk)
Endpoint: _135_ (rising edge-triggered flip-flop clocked by clk)
Path Group: clk
Path Type: min

Fanout     Cap    Slew   Delay    Time   Description
-----------------------------------------------------------------------------
                          0.00    0.00   clock clk (rise edge)
                          0.00    0.00   clock source latency
                  0.06    0.04    0.04 ^ clk (in)
     1    0.01                           clk (net)
                  0.06    0.00    0.04 ^ clkbuf_0_clk/A (sky130_fd_sc_hd__clkbuf_16)
                  0.04    0.12    0.16 ^ clkbuf_0_clk/X (sky130_fd_sc_hd__clkbuf_16)
     2    0.02                           clknet_0_clk (net)
                  0.04    0.00    0.16 ^ clkbuf_1_1__f_clk/A (sky130_fd_sc_hd__clkbuf_16)
                  0.04    0.11    0.27 ^ clkbuf_1_1__f_clk/X (sky130_fd_sc_hd__clkbuf_16)
     5    0.01                           clknet_1_1__leaf_clk (net)
                  0.04    0.00    0.27 ^ _135_/CLK (sky130_fd_sc_hd__dfxtp_1)
                  0.08    0.31    0.59 ^ _135_/Q (sky130_fd_sc_hd__dfxtp_1)
     2    0.01                           count[10] (net)
                  0.08    0.00    0.59 ^ _119_/A (sky130_fd_sc_hd__xor2_1)
                  0.04    0.07    0.65 v _119_/X (sky130_fd_sc_hd__xor2_1)
     1    0.00                           _061_ (net)
                  0.04    0.00    0.65 v _120_/B1 (sky130_fd_sc_hd__o211a_1)
                  0.03    0.10    0.76 v _120_/X (sky130_fd_sc_hd__o211a_1)
     1    0.00                           _010_ (net)
                  0.03    0.00    0.76 v _135_/D (sky130_fd_sc_hd__dfxtp_1)
                                  0.76   data arrival time

                          0.00    0.00   clock clk (rise edge)
                          0.00    0.00   clock source latency
                  0.06    0.04    0.04 ^ clk (in)
     1    0.01                           clk (net)
                  0.06    0.00    0.04 ^ clkbuf_0_clk/A (sky130_fd_sc_hd__clkbuf_16)
                  0.04    0.14    0.18 ^ clkbuf_0_clk/X (sky130_fd_sc_hd__clkbuf_16)
     2    0.02                           clknet_0_clk (net)
                  0.04    0.00    0.18 ^ clkbuf_1_1__f_clk/A (sky130_fd_sc_hd__clkbuf_16)
                  0.04    0.12    0.30 ^ clkbuf_1_1__f_clk/X (sky130_fd_sc_hd__clkbuf_16)
     5    0.01                           clknet_1_1__leaf_clk (net)
                  0.04    0.00    0.30 ^ _135_/CLK (sky130_fd_sc_hd__dfxtp_1)
                          0.25    0.55   clock uncertainty
                         -0.03    0.52   clock reconvergence pessimism
                         -0.05    0.48   library hold time
                                  0.48   data required time
-----------------------------------------------------------------------------
                                  0.48   data required time
                                 -0.76   data arrival time
-----------------------------------------------------------------------------
                                  0.28   slack (MET)


Startpoint: _125_ (rising edge-triggered flip-flop clocked by clk)
Endpoint: _125_ (rising edge-triggered flip-flop clocked by clk)
Path Group: clk
Path Type: min

Fanout     Cap    Slew   Delay    Time   Description
-----------------------------------------------------------------------------
                          0.00    0.00   clock clk (rise edge)
                          0.00    0.00   clock source latency
                  0.06    0.04    0.04 ^ clk (in)
     1    0.01                           clk (net)
                  0.06    0.00    0.04 ^ clkbuf_0_clk/A (sky130_fd_sc_hd__clkbuf_16)
                  0.04    0.12    0.16 ^ clkbuf_0_clk/X (sky130_fd_sc_hd__clkbuf_16)
     2    0.02                           clknet_0_clk (net)
                  0.04    0.00    0.16 ^ clkbuf_1_0__f_clk/A (sky130_fd_sc_hd__clkbuf_16)
                  0.04    0.12    0.28 ^ clkbuf_1_0__f_clk/X (sky130_fd_sc_hd__clkbuf_16)
     7    0.02                           clknet_1_0__leaf_clk (net)
                  0.04    0.00    0.28 ^ _125_/CLK (sky130_fd_sc_hd__dfxtp_1)
                  0.10    0.34    0.62 v _125_/Q (sky130_fd_sc_hd__dfxtp_1)
     8    0.02                           count[0] (net)
                  0.10    0.00    0.62 v _084_/A (sky130_fd_sc_hd__inv_2)
                  0.03    0.06    0.67 ^ _084_/Y (sky130_fd_sc_hd__inv_2)
     1    0.00                           _036_ (net)
                  0.03    0.00    0.67 ^ _087_/B1 (sky130_fd_sc_hd__o211a_1)
                  0.04    0.12    0.79 ^ _087_/X (sky130_fd_sc_hd__o211a_1)
     1    0.00                           _000_ (net)
                  0.04    0.00    0.79 ^ _125_/D (sky130_fd_sc_hd__dfxtp_1)
                                  0.79   data arrival time

                          0.00    0.00   clock clk (rise edge)
                          0.00    0.00   clock source latency
                  0.06    0.04    0.04 ^ clk (in)
     1    0.01                           clk (net)
                  0.06    0.00    0.04 ^ clkbuf_0_clk/A (sky130_fd_sc_hd__clkbuf_16)
                  0.04    0.14    0.18 ^ clkbuf_0_clk/X (sky130_fd_sc_hd__clkbuf_16)
     2    0.02                           clknet_0_clk (net)
                  0.04    0.00    0.18 ^ clkbuf_1_0__f_clk/A (sky130_fd_sc_hd__clkbuf_16)
                  0.04    0.13    0.31 ^ clkbuf_1_0__f_clk/X (sky130_fd_sc_hd__clkbuf_16)
     7    0.02                           clknet_1_0__leaf_clk (net)
                  0.04    0.00    0.31 ^ _125_/CLK (sky130_fd_sc_hd__dfxtp_1)
                          0.25    0.56   clock uncertainty
                         -0.03    0.53   clock reconvergence pessimism
                         -0.03    0.50   library hold time
                                  0.50   data required time
-----------------------------------------------------------------------------
                                  0.50   data required time
                                 -0.79   data arrival time
-----------------------------------------------------------------------------
                                  0.29   slack (MET)


Startpoint: _129_ (rising edge-triggered flip-flop clocked by clk)
Endpoint: _129_ (rising edge-triggered flip-flop clocked by clk)
Path Group: clk
Path Type: min

Fanout     Cap    Slew   Delay    Time   Description
-----------------------------------------------------------------------------
                          0.00    0.00   clock clk (rise edge)
                          0.00    0.00   clock source latency
                  0.06    0.04    0.04 ^ clk (in)
     1    0.01                           clk (net)
                  0.06    0.00    0.04 ^ clkbuf_0_clk/A (sky130_fd_sc_hd__clkbuf_16)
                  0.04    0.12    0.16 ^ clkbuf_0_clk/X (sky130_fd_sc_hd__clkbuf_16)
     2    0.02                           clknet_0_clk (net)
                  0.04    0.00    0.16 ^ clkbuf_1_0__f_clk/A (sky130_fd_sc_hd__clkbuf_16)
                  0.04    0.12    0.28 ^ clkbuf_1_0__f_clk/X (sky130_fd_sc_hd__clkbuf_16)
     7    0.02                           clknet_1_0__leaf_clk (net)
                  0.04    0.00    0.28 ^ _129_/CLK (sky130_fd_sc_hd__dfxtp_1)
                  0.07    0.31    0.59 v _129_/Q (sky130_fd_sc_hd__dfxtp_1)
     6    0.01                           count[4] (net)
                  0.07    0.00    0.59 v _099_/A (sky130_fd_sc_hd__nand2_1)
                  0.04    0.06    0.65 ^ _099_/Y (sky130_fd_sc_hd__nand2_1)
     1    0.00                           _047_ (net)
                  0.04    0.00    0.65 ^ _101_/B1 (sky130_fd_sc_hd__o2111a_1)
                  0.05    0.16    0.81 ^ _101_/X (sky130_fd_sc_hd__o2111a_1)
     1    0.00                           _004_ (net)
                  0.05    0.00    0.81 ^ _129_/D (sky130_fd_sc_hd__dfxtp_1)
                                  0.81   data arrival time

                          0.00    0.00   clock clk (rise edge)
                          0.00    0.00   clock source latency
                  0.06    0.04    0.04 ^ clk (in)
     1    0.01                           clk (net)
                  0.06    0.00    0.04 ^ clkbuf_0_clk/A (sky130_fd_sc_hd__clkbuf_16)
                  0.04    0.14    0.18 ^ clkbuf_0_clk/X (sky130_fd_sc_hd__clkbuf_16)
     2    0.02                           clknet_0_clk (net)
                  0.04    0.00    0.18 ^ clkbuf_1_0__f_clk/A (sky130_fd_sc_hd__clkbuf_16)
                  0.04    0.13    0.31 ^ clkbuf_1_0__f_clk/X (sky130_fd_sc_hd__clkbuf_16)
     7    0.02                           clknet_1_0__leaf_clk (net)
                  0.04    0.00    0.31 ^ _129_/CLK (sky130_fd_sc_hd__dfxtp_1)
                          0.25    0.56   clock uncertainty
                         -0.03    0.53   clock reconvergence pessimism
                         -0.03    0.50   library hold time
                                  0.50   data required time
-----------------------------------------------------------------------------
                                  0.50   data required time
                                 -0.81   data arrival time
-----------------------------------------------------------------------------
                                  0.31   slack (MET)


Startpoint: _131_ (rising edge-triggered flip-flop clocked by clk)
Endpoint: _131_ (rising edge-triggered flip-flop clocked by clk)
Path Group: clk
Path Type: min

Fanout     Cap    Slew   Delay    Time   Description
-----------------------------------------------------------------------------
                          0.00    0.00   clock clk (rise edge)
                          0.00    0.00   clock source latency
                  0.06    0.04    0.04 ^ clk (in)
     1    0.01                           clk (net)
                  0.06    0.00    0.04 ^ clkbuf_0_clk/A (sky130_fd_sc_hd__clkbuf_16)
                  0.04    0.12    0.16 ^ clkbuf_0_clk/X (sky130_fd_sc_hd__clkbuf_16)
     2    0.02                           clknet_0_clk (net)
                  0.04    0.00    0.16 ^ clkbuf_1_0__f_clk/A (sky130_fd_sc_hd__clkbuf_16)
                  0.04    0.12    0.28 ^ clkbuf_1_0__f_clk/X (sky130_fd_sc_hd__clkbuf_16)
     7    0.02                           clknet_1_0__leaf_clk (net)
                  0.04    0.00    0.28 ^ _131_/CLK (sky130_fd_sc_hd__dfxtp_1)
                  0.04    0.29    0.57 v _131_/Q (sky130_fd_sc_hd__dfxtp_1)
     3    0.01                           count[6] (net)
                  0.04    0.00    0.57 v _107_/A (sky130_fd_sc_hd__nor2_1)
                  0.08    0.09    0.66 ^ _107_/Y (sky130_fd_sc_hd__nor2_1)
     1    0.00                           _053_ (net)
                  0.08    0.00    0.66 ^ _108_/B (sky130_fd_sc_hd__nor2_1)
                  0.03    0.04    0.70 v _108_/Y (sky130_fd_sc_hd__nor2_1)
     1    0.00                           _054_ (net)
                  0.03    0.00    0.70 v _109_/B1 (sky130_fd_sc_hd__o211a_1)
                  0.03    0.10    0.80 v _109_/X (sky130_fd_sc_hd__o211a_1)
     1    0.00                           _006_ (net)
                  0.03    0.00    0.80 v _131_/D (sky130_fd_sc_hd__dfxtp_1)
                                  0.80   data arrival time

                          0.00    0.00   clock clk (rise edge)
                          0.00    0.00   clock source latency
                  0.06    0.04    0.04 ^ clk (in)
     1    0.01                           clk (net)
                  0.06    0.00    0.04 ^ clkbuf_0_clk/A (sky130_fd_sc_hd__clkbuf_16)
                  0.04    0.14    0.18 ^ clkbuf_0_clk/X (sky130_fd_sc_hd__clkbuf_16)
     2    0.02                           clknet_0_clk (net)
                  0.04    0.00    0.18 ^ clkbuf_1_0__f_clk/A (sky130_fd_sc_hd__clkbuf_16)
                  0.04    0.13    0.31 ^ clkbuf_1_0__f_clk/X (sky130_fd_sc_hd__clkbuf_16)
     7    0.02                           clknet_1_0__leaf_clk (net)
                  0.04    0.00    0.31 ^ _131_/CLK (sky130_fd_sc_hd__dfxtp_1)
                          0.25    0.56   clock uncertainty
                         -0.03    0.53   clock reconvergence pessimism
                         -0.05    0.48   library hold time
                                  0.48   data required time
-----------------------------------------------------------------------------
                                  0.48   data required time
                                 -0.80   data arrival time
-----------------------------------------------------------------------------
                                  0.32   slack (MET)


Startpoint: _133_ (rising edge-triggered flip-flop clocked by clk)
Endpoint: _133_ (rising edge-triggered flip-flop clocked by clk)
Path Group: clk
Path Type: min

Fanout     Cap    Slew   Delay    Time   Description
-----------------------------------------------------------------------------
                          0.00    0.00   clock clk (rise edge)
                          0.00    0.00   clock source latency
                  0.06    0.04    0.04 ^ clk (in)
     1    0.01                           clk (net)
                  0.06    0.00    0.04 ^ clkbuf_0_clk/A (sky130_fd_sc_hd__clkbuf_16)
                  0.04    0.12    0.16 ^ clkbuf_0_clk/X (sky130_fd_sc_hd__clkbuf_16)
     2    0.02                           clknet_0_clk (net)
                  0.04    0.00    0.16 ^ clkbuf_1_1__f_clk/A (sky130_fd_sc_hd__clkbuf_16)
                  0.04    0.11    0.27 ^ clkbuf_1_1__f_clk/X (sky130_fd_sc_hd__clkbuf_16)
     5    0.01                           clknet_1_1__leaf_clk (net)
                  0.04    0.00    0.27 ^ _133_/CLK (sky130_fd_sc_hd__dfxtp_1)
                  0.13    0.34    0.62 ^ _133_/Q (sky130_fd_sc_hd__dfxtp_1)
     4    0.01                           count[8] (net)
                  0.13    0.00    0.62 ^ _113_/A (sky130_fd_sc_hd__xnor2_1)
                  0.03    0.08    0.70 v _113_/Y (sky130_fd_sc_hd__xnor2_1)
     1    0.00                           _057_ (net)
                  0.03    0.00    0.70 v _114_/B1 (sky130_fd_sc_hd__o211a_1)
                  0.03    0.11    0.80 v _114_/X (sky130_fd_sc_hd__o211a_1)
     1    0.00                           _008_ (net)
                  0.03    0.00    0.80 v _133_/D (sky130_fd_sc_hd__dfxtp_1)
                                  0.80   data arrival time

                          0.00    0.00   clock clk (rise edge)
                          0.00    0.00   clock source latency
                  0.06    0.04    0.04 ^ clk (in)
     1    0.01                           clk (net)
                  0.06    0.00    0.04 ^ clkbuf_0_clk/A (sky130_fd_sc_hd__clkbuf_16)
                  0.04    0.14    0.18 ^ clkbuf_0_clk/X (sky130_fd_sc_hd__clkbuf_16)
     2    0.02                           clknet_0_clk (net)
                  0.04    0.00    0.18 ^ clkbuf_1_1__f_clk/A (sky130_fd_sc_hd__clkbuf_16)
                  0.04    0.12    0.30 ^ clkbuf_1_1__f_clk/X (sky130_fd_sc_hd__clkbuf_16)
     5    0.01                           clknet_1_1__leaf_clk (net)
                  0.04    0.00    0.30 ^ _133_/CLK (sky130_fd_sc_hd__dfxtp_1)
                          0.25    0.55   clock uncertainty
                         -0.03    0.52   clock reconvergence pessimism
                         -0.05    0.48   library hold time
                                  0.48   data required time
-----------------------------------------------------------------------------
                                  0.48   data required time
                                 -0.80   data arrival time
-----------------------------------------------------------------------------
                                  0.33   slack (MET)


Startpoint: _130_ (rising edge-triggered flip-flop clocked by clk)
Endpoint: _130_ (rising edge-triggered flip-flop clocked by clk)
Path Group: clk
Path Type: min

Fanout     Cap    Slew   Delay    Time   Description
-----------------------------------------------------------------------------
                          0.00    0.00   clock clk (rise edge)
                          0.00    0.00   clock source latency
                  0.06    0.04    0.04 ^ clk (in)
     1    0.01                           clk (net)
                  0.06    0.00    0.04 ^ clkbuf_0_clk/A (sky130_fd_sc_hd__clkbuf_16)
                  0.04    0.12    0.16 ^ clkbuf_0_clk/X (sky130_fd_sc_hd__clkbuf_16)
     2    0.02                           clknet_0_clk (net)
                  0.04    0.00    0.16 ^ clkbuf_1_0__f_clk/A (sky130_fd_sc_hd__clkbuf_16)
                  0.04    0.12    0.28 ^ clkbuf_1_0__f_clk/X (sky130_fd_sc_hd__clkbuf_16)
     7    0.02                           clknet_1_0__leaf_clk (net)
                  0.04    0.00    0.28 ^ _130_/CLK (sky130_fd_sc_hd__dfxtp_1)
                  0.05    0.29    0.57 v _130_/Q (sky130_fd_sc_hd__dfxtp_1)
     4    0.01                           count[5] (net)
                  0.05    0.00    0.57 v _103_/B1 (sky130_fd_sc_hd__a21oi_1)
                  0.09    0.10    0.68 ^ _103_/Y (sky130_fd_sc_hd__a21oi_1)
     1    0.00                           _050_ (net)
                  0.09    0.00    0.68 ^ _104_/B (sky130_fd_sc_hd__nor2_1)
                  0.03    0.04    0.72 v _104_/Y (sky130_fd_sc_hd__nor2_1)
     1    0.00                           _051_ (net)
                  0.03    0.00    0.72 v _105_/B1 (sky130_fd_sc_hd__o211a_1)
                  0.03    0.10    0.82 v _105_/X (sky130_fd_sc_hd__o211a_1)
     1    0.00                           _005_ (net)
                  0.03    0.00    0.82 v _130_/D (sky130_fd_sc_hd__dfxtp_1)
                                  0.82   data arrival time

                          0.00    0.00   clock clk (rise edge)
                          0.00    0.00   clock source latency
                  0.06    0.04    0.04 ^ clk (in)
     1    0.01                           clk (net)
                  0.06    0.00    0.04 ^ clkbuf_0_clk/A (sky130_fd_sc_hd__clkbuf_16)
                  0.04    0.14    0.18 ^ clkbuf_0_clk/X (sky130_fd_sc_hd__clkbuf_16)
     2    0.02                           clknet_0_clk (net)
                  0.04    0.00    0.18 ^ clkbuf_1_0__f_clk/A (sky130_fd_sc_hd__clkbuf_16)
                  0.04    0.13    0.31 ^ clkbuf_1_0__f_clk/X (sky130_fd_sc_hd__clkbuf_16)
     7    0.02                           clknet_1_0__leaf_clk (net)
                  0.04    0.00    0.31 ^ _130_/CLK (sky130_fd_sc_hd__dfxtp_1)
                          0.25    0.56   clock uncertainty
                         -0.03    0.53   clock reconvergence pessimism
                         -0.05    0.48   library hold time
                                  0.48   data required time
-----------------------------------------------------------------------------
                                  0.48   data required time
                                 -0.82   data arrival time
-----------------------------------------------------------------------------
                                  0.34   slack (MET)


Startpoint: _132_ (rising edge-triggered flip-flop clocked by clk)
Endpoint: _132_ (rising edge-triggered flip-flop clocked by clk)
Path Group: clk
Path Type: min

Fanout     Cap    Slew   Delay    Time   Description
-----------------------------------------------------------------------------
                          0.00    0.00   clock clk (rise edge)
                          0.00    0.00   clock source latency
                  0.06    0.04    0.04 ^ clk (in)
     1    0.01                           clk (net)
                  0.06    0.00    0.04 ^ clkbuf_0_clk/A (sky130_fd_sc_hd__clkbuf_16)
                  0.04    0.12    0.16 ^ clkbuf_0_clk/X (sky130_fd_sc_hd__clkbuf_16)
     2    0.02                           clknet_0_clk (net)
                  0.04    0.00    0.16 ^ clkbuf_1_1__f_clk/A (sky130_fd_sc_hd__clkbuf_16)
                  0.04    0.11    0.27 ^ clkbuf_1_1__f_clk/X (sky130_fd_sc_hd__clkbuf_16)
     5    0.01                           clknet_1_1__leaf_clk (net)
                  0.04    0.00    0.27 ^ _132_/CLK (sky130_fd_sc_hd__dfxtp_1)
                  0.06    0.30    0.58 v _132_/Q (sky130_fd_sc_hd__dfxtp_1)
     5    0.01                           count[7] (net)
                  0.06    0.00    0.58 v _110_/A (sky130_fd_sc_hd__nand2_1)
                  0.08    0.09    0.67 ^ _110_/Y (sky130_fd_sc_hd__nand2_1)
     2    0.01                           _055_ (net)
                  0.08    0.00    0.67 ^ _112_/B1 (sky130_fd_sc_hd__o2111a_1)
                  0.04    0.17    0.84 ^ _112_/X (sky130_fd_sc_hd__o2111a_1)
     1    0.00                           _007_ (net)
                  0.04    0.00    0.84 ^ _132_/D (sky130_fd_sc_hd__dfxtp_1)
                                  0.84   data arrival time

                          0.00    0.00   clock clk (rise edge)
                          0.00    0.00   clock source latency
                  0.06    0.04    0.04 ^ clk (in)
     1    0.01                           clk (net)
                  0.06    0.00    0.04 ^ clkbuf_0_clk/A (sky130_fd_sc_hd__clkbuf_16)
                  0.04    0.14    0.18 ^ clkbuf_0_clk/X (sky130_fd_sc_hd__clkbuf_16)
     2    0.02                           clknet_0_clk (net)
                  0.04    0.00    0.18 ^ clkbuf_1_1__f_clk/A (sky130_fd_sc_hd__clkbuf_16)
                  0.04    0.12    0.30 ^ clkbuf_1_1__f_clk/X (sky130_fd_sc_hd__clkbuf_16)
     5    0.01                           clknet_1_1__leaf_clk (net)
                  0.04    0.00    0.30 ^ _132_/CLK (sky130_fd_sc_hd__dfxtp_1)
                          0.25    0.55   clock uncertainty
                         -0.03    0.52   clock reconvergence pessimism
                         -0.03    0.49   library hold time
                                  0.49   data required time
-----------------------------------------------------------------------------
                                  0.49   data required time
                                 -0.84   data arrival time
-----------------------------------------------------------------------------
                                  0.34   slack (MET)


Startpoint: _128_ (rising edge-triggered flip-flop clocked by clk)
Endpoint: _128_ (rising edge-triggered flip-flop clocked by clk)
Path Group: clk
Path Type: min

Fanout     Cap    Slew   Delay    Time   Description
-----------------------------------------------------------------------------
                          0.00    0.00   clock clk (rise edge)
                          0.00    0.00   clock source latency
                  0.06    0.04    0.04 ^ clk (in)
     1    0.01                           clk (net)
                  0.06    0.00    0.04 ^ clkbuf_0_clk/A (sky130_fd_sc_hd__clkbuf_16)
                  0.04    0.12    0.16 ^ clkbuf_0_clk/X (sky130_fd_sc_hd__clkbuf_16)
     2    0.02                           clknet_0_clk (net)
                  0.04    0.00    0.16 ^ clkbuf_1_0__f_clk/A (sky130_fd_sc_hd__clkbuf_16)
                  0.04    0.12    0.28 ^ clkbuf_1_0__f_clk/X (sky130_fd_sc_hd__clkbuf_16)
     7    0.02                           clknet_1_0__leaf_clk (net)
                  0.04    0.00    0.28 ^ _128_/CLK (sky130_fd_sc_hd__dfxtp_1)
                  0.05    0.30    0.58 v _128_/Q (sky130_fd_sc_hd__dfxtp_1)
     4    0.01                           count[3] (net)
                  0.05    0.00    0.58 v _096_/A (sky130_fd_sc_hd__nor2_1)
                  0.09    0.10    0.68 ^ _096_/Y (sky130_fd_sc_hd__nor2_1)
     1    0.00                           _045_ (net)
                  0.09    0.00    0.68 ^ _097_/B (sky130_fd_sc_hd__nor2_1)
                  0.03    0.04    0.72 v _097_/Y (sky130_fd_sc_hd__nor2_1)
     1    0.00                           _046_ (net)
                  0.03    0.00    0.72 v _098_/B1 (sky130_fd_sc_hd__o211a_1)
                  0.03    0.10    0.83 v _098_/X (sky130_fd_sc_hd__o211a_1)
     1    0.00                           _003_ (net)
                  0.03    0.00    0.83 v _128_/D (sky130_fd_sc_hd__dfxtp_1)
                                  0.83   data arrival time

                          0.00    0.00   clock clk (rise edge)
                          0.00    0.00   clock source latency
                  0.06    0.04    0.04 ^ clk (in)
     1    0.01                           clk (net)
                  0.06    0.00    0.04 ^ clkbuf_0_clk/A (sky130_fd_sc_hd__clkbuf_16)
                  0.04    0.14    0.18 ^ clkbuf_0_clk/X (sky130_fd_sc_hd__clkbuf_16)
     2    0.02                           clknet_0_clk (net)
                  0.04    0.00    0.18 ^ clkbuf_1_0__f_clk/A (sky130_fd_sc_hd__clkbuf_16)
                  0.04    0.13    0.31 ^ clkbuf_1_0__f_clk/X (sky130_fd_sc_hd__clkbuf_16)
     7    0.02                           clknet_1_0__leaf_clk (net)
                  0.04    0.00    0.31 ^ _128_/CLK (sky130_fd_sc_hd__dfxtp_1)
                          0.25    0.56   clock uncertainty
                         -0.03    0.53   clock reconvergence pessimism
                         -0.05    0.48   library hold time
                                  0.48   data required time
-----------------------------------------------------------------------------
                                  0.48   data required time
                                 -0.83   data arrival time
-----------------------------------------------------------------------------
                                  0.35   slack (MET)


Startpoint: _126_ (rising edge-triggered flip-flop clocked by clk)
Endpoint: _126_ (rising edge-triggered flip-flop clocked by clk)
Path Group: clk
Path Type: min

Fanout     Cap    Slew   Delay    Time   Description
-----------------------------------------------------------------------------
                          0.00    0.00   clock clk (rise edge)
                          0.00    0.00   clock source latency
                  0.06    0.04    0.04 ^ clk (in)
     1    0.01                           clk (net)
                  0.06    0.00    0.04 ^ clkbuf_0_clk/A (sky130_fd_sc_hd__clkbuf_16)
                  0.04    0.12    0.16 ^ clkbuf_0_clk/X (sky130_fd_sc_hd__clkbuf_16)
     2    0.02                           clknet_0_clk (net)
                  0.04    0.00    0.16 ^ clkbuf_1_0__f_clk/A (sky130_fd_sc_hd__clkbuf_16)
                  0.04    0.12    0.28 ^ clkbuf_1_0__f_clk/X (sky130_fd_sc_hd__clkbuf_16)
     7    0.02                           clknet_1_0__leaf_clk (net)
                  0.04    0.00    0.28 ^ _126_/CLK (sky130_fd_sc_hd__dfxtp_1)
                  0.09    0.33    0.61 v _126_/Q (sky130_fd_sc_hd__dfxtp_1)
     8    0.02                           count[1] (net)
                  0.09    0.00    0.61 v _088_/B (sky130_fd_sc_hd__nand2_1)
                  0.05    0.08    0.69 ^ _088_/Y (sky130_fd_sc_hd__nand2_1)
     1    0.00                           _039_ (net)
                  0.05    0.00    0.69 ^ _090_/B1 (sky130_fd_sc_hd__o2111a_1)
                  0.04    0.16    0.85 ^ _090_/X (sky130_fd_sc_hd__o2111a_1)
     1    0.00                           _001_ (net)
                  0.04    0.00    0.85 ^ _126_/D (sky130_fd_sc_hd__dfxtp_1)
                                  0.85   data arrival time

                          0.00    0.00   clock clk (rise edge)
                          0.00    0.00   clock source latency
                  0.06    0.04    0.04 ^ clk (in)
     1    0.01                           clk (net)
                  0.06    0.00    0.04 ^ clkbuf_0_clk/A (sky130_fd_sc_hd__clkbuf_16)
                  0.04    0.14    0.18 ^ clkbuf_0_clk/X (sky130_fd_sc_hd__clkbuf_16)
     2    0.02                           clknet_0_clk (net)
                  0.04    0.00    0.18 ^ clkbuf_1_0__f_clk/A (sky130_fd_sc_hd__clkbuf_16)
                  0.04    0.13    0.31 ^ clkbuf_1_0__f_clk/X (sky130_fd_sc_hd__clkbuf_16)
     7    0.02                           clknet_1_0__leaf_clk (net)
                  0.04    0.00    0.31 ^ _126_/CLK (sky130_fd_sc_hd__dfxtp_1)
                          0.25    0.56   clock uncertainty
                         -0.03    0.53   clock reconvergence pessimism
                         -0.03    0.50   library hold time
                                  0.50   data required time
-----------------------------------------------------------------------------
                                  0.50   data required time
                                 -0.85   data arrival time
-----------------------------------------------------------------------------
                                  0.35   slack (MET)


Startpoint: _127_ (rising edge-triggered flip-flop clocked by clk)
Endpoint: _127_ (rising edge-triggered flip-flop clocked by clk)
Path Group: clk
Path Type: min

Fanout     Cap    Slew   Delay    Time   Description
-----------------------------------------------------------------------------
                          0.00    0.00   clock clk (rise edge)
                          0.00    0.00   clock source latency
                  0.06    0.04    0.04 ^ clk (in)
     1    0.01                           clk (net)
                  0.06    0.00    0.04 ^ clkbuf_0_clk/A (sky130_fd_sc_hd__clkbuf_16)
                  0.04    0.12    0.16 ^ clkbuf_0_clk/X (sky130_fd_sc_hd__clkbuf_16)
     2    0.02                           clknet_0_clk (net)
                  0.04    0.00    0.16 ^ clkbuf_1_0__f_clk/A (sky130_fd_sc_hd__clkbuf_16)
                  0.04    0.12    0.28 ^ clkbuf_1_0__f_clk/X (sky130_fd_sc_hd__clkbuf_16)
     7    0.02                           clknet_1_0__leaf_clk (net)
                  0.04    0.00    0.28 ^ _127_/CLK (sky130_fd_sc_hd__dfxtp_1)
                  0.06    0.31    0.58 v _127_/Q (sky130_fd_sc_hd__dfxtp_1)
     5    0.01                           count[2] (net)
                  0.06    0.00    0.58 v _092_/B1 (sky130_fd_sc_hd__a21oi_1)
                  0.09    0.11    0.70 ^ _092_/Y (sky130_fd_sc_hd__a21oi_1)
     1    0.00                           _042_ (net)
                  0.09    0.00    0.70 ^ _093_/B (sky130_fd_sc_hd__nor2_1)
                  0.03    0.04    0.74 v _093_/Y (sky130_fd_sc_hd__nor2_1)
     1    0.00                           _043_ (net)
                  0.03    0.00    0.74 v _094_/B1 (sky130_fd_sc_hd__o211a_1)
                  0.03    0.10    0.84 v _094_/X (sky130_fd_sc_hd__o211a_1)
     1    0.00                           _002_ (net)
                  0.03    0.00    0.84 v _127_/D (sky130_fd_sc_hd__dfxtp_1)
                                  0.84   data arrival time

                          0.00    0.00   clock clk (rise edge)
                          0.00    0.00   clock source latency
                  0.06    0.04    0.04 ^ clk (in)
     1    0.01                           clk (net)
                  0.06    0.00    0.04 ^ clkbuf_0_clk/A (sky130_fd_sc_hd__clkbuf_16)
                  0.04    0.14    0.18 ^ clkbuf_0_clk/X (sky130_fd_sc_hd__clkbuf_16)
     2    0.02                           clknet_0_clk (net)
                  0.04    0.00    0.18 ^ clkbuf_1_0__f_clk/A (sky130_fd_sc_hd__clkbuf_16)
                  0.04    0.13    0.31 ^ clkbuf_1_0__f_clk/X (sky130_fd_sc_hd__clkbuf_16)
     7    0.02                           clknet_1_0__leaf_clk (net)
                  0.04    0.00    0.31 ^ _127_/CLK (sky130_fd_sc_hd__dfxtp_1)
                          0.25    0.56   clock uncertainty
                         -0.03    0.53   clock reconvergence pessimism
                         -0.05    0.48   library hold time
                                  0.48   data required time
-----------------------------------------------------------------------------
                                  0.48   data required time
                                 -0.84   data arrival time
-----------------------------------------------------------------------------
                                  0.36   slack (MET)


Startpoint: _134_ (rising edge-triggered flip-flop clocked by clk)
Endpoint: _134_ (rising edge-triggered flip-flop clocked by clk)
Path Group: clk
Path Type: min

Fanout     Cap    Slew   Delay    Time   Description
-----------------------------------------------------------------------------
                          0.00    0.00   clock clk (rise edge)
                          0.00    0.00   clock source latency
                  0.06    0.04    0.04 ^ clk (in)
     1    0.01                           clk (net)
                  0.06    0.00    0.04 ^ clkbuf_0_clk/A (sky130_fd_sc_hd__clkbuf_16)
                  0.04    0.12    0.16 ^ clkbuf_0_clk/X (sky130_fd_sc_hd__clkbuf_16)
     2    0.02                           clknet_0_clk (net)
                  0.04    0.00    0.16 ^ clkbuf_1_1__f_clk/A (sky130_fd_sc_hd__clkbuf_16)
                  0.04    0.11    0.27 ^ clkbuf_1_1__f_clk/X (sky130_fd_sc_hd__clkbuf_16)
     5    0.01                           clknet_1_1__leaf_clk (net)
                  0.04    0.00    0.27 ^ _134_/CLK (sky130_fd_sc_hd__dfxtp_1)
                  0.08    0.31    0.58 ^ _134_/Q (sky130_fd_sc_hd__dfxtp_1)
     3    0.01                           count[9] (net)
                  0.08    0.00    0.58 ^ _116_/B1 (sky130_fd_sc_hd__a31o_1)
                  0.04    0.09    0.67 ^ _116_/X (sky130_fd_sc_hd__a31o_1)
     1    0.00                           _059_ (net)
                  0.04    0.00    0.67 ^ _117_/B (sky130_fd_sc_hd__and2b_1)
                  0.04    0.10    0.77 ^ _117_/X (sky130_fd_sc_hd__and2b_1)
     1    0.00                           _060_ (net)
                  0.04    0.00    0.77 ^ _118_/B1 (sky130_fd_sc_hd__o211a_1)
                  0.04    0.12    0.89 ^ _118_/X (sky130_fd_sc_hd__o211a_1)
     1    0.00                           _009_ (net)
                  0.04    0.00    0.89 ^ _134_/D (sky130_fd_sc_hd__dfxtp_1)
                                  0.89   data arrival time

                          0.00    0.00   clock clk (rise edge)
                          0.00    0.00   clock source latency
                  0.06    0.04    0.04 ^ clk (in)
     1    0.01                           clk (net)
                  0.06    0.00    0.04 ^ clkbuf_0_clk/A (sky130_fd_sc_hd__clkbuf_16)
                  0.04    0.14    0.18 ^ clkbuf_0_clk/X (sky130_fd_sc_hd__clkbuf_16)
     2    0.02                           clknet_0_clk (net)
                  0.04    0.00    0.18 ^ clkbuf_1_1__f_clk/A (sky130_fd_sc_hd__clkbuf_16)
                  0.04    0.12    0.30 ^ clkbuf_1_1__f_clk/X (sky130_fd_sc_hd__clkbuf_16)
     5    0.01                           clknet_1_1__leaf_clk (net)
                  0.04    0.00    0.30 ^ _134_/CLK (sky130_fd_sc_hd__dfxtp_1)
                          0.25    0.55   clock uncertainty
                         -0.03    0.52   clock reconvergence pessimism
                         -0.03    0.49   library hold time
                                  0.49   data required time
-----------------------------------------------------------------------------
                                  0.49   data required time
                                 -0.89   data arrival time
-----------------------------------------------------------------------------
                                  0.40   slack (MET)


Startpoint: _125_ (rising edge-triggered flip-flop clocked by clk)
Endpoint: _136_ (rising edge-triggered flip-flop clocked by clk)
Path Group: clk
Path Type: min

Fanout     Cap    Slew   Delay    Time   Description
-----------------------------------------------------------------------------
                          0.00    0.00   clock clk (rise edge)
                          0.00    0.00   clock source latency
                  0.06    0.04    0.04 ^ clk (in)
     1    0.01                           clk (net)
                  0.06    0.00    0.04 ^ clkbuf_0_clk/A (sky130_fd_sc_hd__clkbuf_16)
                  0.04    0.12    0.16 ^ clkbuf_0_clk/X (sky130_fd_sc_hd__clkbuf_16)
     2    0.02                           clknet_0_clk (net)
                  0.04    0.00    0.16 ^ clkbuf_1_0__f_clk/A (sky130_fd_sc_hd__clkbuf_16)
                  0.04    0.12    0.28 ^ clkbuf_1_0__f_clk/X (sky130_fd_sc_hd__clkbuf_16)
     7    0.02                           clknet_1_0__leaf_clk (net)
                  0.04    0.00    0.28 ^ _125_/CLK (sky130_fd_sc_hd__dfxtp_1)
                  0.10    0.34    0.62 v _125_/Q (sky130_fd_sc_hd__dfxtp_1)
     8    0.02                           count[0] (net)
                  0.10    0.00    0.62 v _075_/B (sky130_fd_sc_hd__nand2_1)
                  0.04    0.08    0.69 ^ _075_/Y (sky130_fd_sc_hd__nand2_1)
     1    0.00                           _028_ (net)
                  0.04    0.00    0.69 ^ _076_/D (sky130_fd_sc_hd__and4b_1)
                  0.05    0.17    0.86 ^ _076_/X (sky130_fd_sc_hd__and4b_1)
     1    0.00                           _029_ (net)
                  0.05    0.00    0.86 ^ _077_/A (sky130_fd_sc_hd__buf_1)
                  0.09    0.11    0.97 ^ _077_/X (sky130_fd_sc_hd__buf_1)
     2    0.01                           net6 (net)
                  0.09    0.00    0.97 ^ _136_/D (sky130_fd_sc_hd__dfxtp_1)
                                  0.97   data arrival time

                          0.00    0.00   clock clk (rise edge)
                          0.00    0.00   clock source latency
                  0.06    0.04    0.04 ^ clk (in)
     1    0.01                           clk (net)
                  0.06    0.00    0.04 ^ clkbuf_0_clk/A (sky130_fd_sc_hd__clkbuf_16)
                  0.04    0.14    0.18 ^ clkbuf_0_clk/X (sky130_fd_sc_hd__clkbuf_16)
     2    0.02                           clknet_0_clk (net)
                  0.04    0.00    0.18 ^ clkbuf_1_1__f_clk/A (sky130_fd_sc_hd__clkbuf_16)
                  0.04    0.12    0.30 ^ clkbuf_1_1__f_clk/X (sky130_fd_sc_hd__clkbuf_16)
     5    0.01                           clknet_1_1__leaf_clk (net)
                  0.04    0.00    0.30 ^ _136_/CLK (sky130_fd_sc_hd__dfxtp_1)
                          0.25    0.55   clock uncertainty
                         -0.02    0.54   clock reconvergence pessimism
                         -0.04    0.49   library hold time
                                  0.49   data required time
-----------------------------------------------------------------------------
                                  0.49   data required time
                                 -0.97   data arrival time
-----------------------------------------------------------------------------
                                  0.48   slack (MET)


Startpoint: _136_ (rising edge-triggered flip-flop clocked by clk)
Endpoint: sync_out (output port clocked by clk)
Path Group: clk
Path Type: min

Fanout     Cap    Slew   Delay    Time   Description
-----------------------------------------------------------------------------
                          0.00    0.00   clock clk (rise edge)
                          0.00    0.00   clock source latency
                  0.06    0.04    0.04 ^ clk (in)
     1    0.01                           clk (net)
                  0.06    0.00    0.04 ^ clkbuf_0_clk/A (sky130_fd_sc_hd__clkbuf_16)
                  0.04    0.12    0.16 ^ clkbuf_0_clk/X (sky130_fd_sc_hd__clkbuf_16)
     2    0.02                           clknet_0_clk (net)
                  0.04    0.00    0.16 ^ clkbuf_1_1__f_clk/A (sky130_fd_sc_hd__clkbuf_16)
                  0.04    0.11    0.27 ^ clkbuf_1_1__f_clk/X (sky130_fd_sc_hd__clkbuf_16)
     5    0.01                           clknet_1_1__leaf_clk (net)
                  0.04    0.00    0.27 ^ _136_/CLK (sky130_fd_sc_hd__dfxtp_1)
                  0.03    0.28    0.56 v _136_/Q (sky130_fd_sc_hd__dfxtp_1)
     1    0.00                           net7 (net)
                  0.03    0.00    0.56 v output7/A (sky130_fd_sc_hd__clkbuf_4)
                  0.08    0.17    0.72 v output7/X (sky130_fd_sc_hd__clkbuf_4)
     1    0.03                           sync_out (net)
                  0.08    0.00    0.73 v sync_out (out)
                                  0.73   data arrival time

                          0.00    0.00   clock clk (rise edge)
                          0.00    0.00   clock network delay (propagated)
                          0.25    0.25   clock uncertainty
                          0.00    0.25   clock reconvergence pessimism
                         -1.00   -0.75   output external delay
                                 -0.75   data required time
-----------------------------------------------------------------------------
                                 -0.75   data required time
                                 -0.73   data arrival time
-----------------------------------------------------------------------------
                                  1.48   slack (MET)


Startpoint: _134_ (rising edge-triggered flip-flop clocked by clk)
Endpoint: comb_out (output port clocked by clk)
Path Group: clk
Path Type: min

Fanout     Cap    Slew   Delay    Time   Description
-----------------------------------------------------------------------------
                          0.00    0.00   clock clk (rise edge)
                          0.00    0.00   clock source latency
                  0.06    0.04    0.04 ^ clk (in)
     1    0.01                           clk (net)
                  0.06    0.00    0.04 ^ clkbuf_0_clk/A (sky130_fd_sc_hd__clkbuf_16)
                  0.04    0.12    0.16 ^ clkbuf_0_clk/X (sky130_fd_sc_hd__clkbuf_16)
     2    0.02                           clknet_0_clk (net)
                  0.04    0.00    0.16 ^ clkbuf_1_1__f_clk/A (sky130_fd_sc_hd__clkbuf_16)
                  0.04    0.11    0.27 ^ clkbuf_1_1__f_clk/X (sky130_fd_sc_hd__clkbuf_16)
     5    0.01                           clknet_1_1__leaf_clk (net)
                  0.04    0.00    0.27 ^ _134_/CLK (sky130_fd_sc_hd__dfxtp_1)
                  0.08    0.31    0.58 ^ _134_/Q (sky130_fd_sc_hd__dfxtp_1)
     3    0.01                           count[9] (net)
                  0.08    0.00    0.58 ^ _073_/B (sky130_fd_sc_hd__or4_1)
                  0.04    0.10    0.68 ^ _073_/X (sky130_fd_sc_hd__or4_1)
     1    0.00                           _026_ (net)
                  0.04    0.00    0.68 ^ _074_/B (sky130_fd_sc_hd__nor2_1)
                  0.03    0.04    0.72 v _074_/Y (sky130_fd_sc_hd__nor2_1)
     2    0.00                           _027_ (net)
                  0.03    0.00    0.72 v _076_/C (sky130_fd_sc_hd__and4b_1)
                  0.03    0.16    0.88 v _076_/X (sky130_fd_sc_hd__and4b_1)
     1    0.00                           _029_ (net)
                  0.03    0.00    0.88 v _077_/A (sky130_fd_sc_hd__buf_1)
                  0.05    0.10    0.98 v _077_/X (sky130_fd_sc_hd__buf_1)
     2    0.01                           net6 (net)
                  0.05    0.00    0.98 v output6/A (sky130_fd_sc_hd__clkbuf_4)
                  0.08    0.18    1.15 v output6/X (sky130_fd_sc_hd__clkbuf_4)
     1    0.03                           comb_out (net)
                  0.08    0.00    1.15 v comb_out (out)
                                  1.15   data arrival time

                          0.00    0.00   clock clk (rise edge)
                          0.00    0.00   clock network delay (propagated)
                          0.25    0.25   clock uncertainty
                          0.00    0.25   clock reconvergence pessimism
                         -1.00   -0.75   output external delay
                                 -0.75   data required time
-----------------------------------------------------------------------------
                                 -0.75   data required time
                                 -1.15   data arrival time
-----------------------------------------------------------------------------
                                  1.90   slack (MET)



