
===========================================================================
report_checks -path_delay max (Setup)
============================================================================
======================= Typical Corner ===================================

Startpoint: DIVIDE_BY_N[3] (input port clocked by clk)
Endpoint: comb_out (output port clocked by clk)
Path Group: clk
Path Type: max

Fanout     Cap    Slew   Delay    Time   Description
-----------------------------------------------------------------------------
                          0.00    0.00   clock clk (rise edge)
                          0.00    0.00   clock network delay (propagated)
                          1.00    1.00 v input external delay
                  0.01    0.00    1.00 v DIVIDE_BY_N[3] (in)
     1    0.00                           DIVIDE_BY_N[3] (net)
                  0.01    0.00    1.00 v input4/A (sky130_fd_sc_hd__buf_1)
                  0.05    0.10    1.10 v input4/X (sky130_fd_sc_hd__buf_1)
     3    0.01                           net4 (net)
                  0.05    0.00    1.10 v _121_/A (sky130_fd_sc_hd__or4_1)
                  0.10    0.56    1.66 v _121_/X (sky130_fd_sc_hd__or4_1)
     2    0.00                           _011_ (net)
                  0.10    0.00    1.66 v _123_/B (sky130_fd_sc_hd__and3_1)
                  0.04    0.20    1.86 v _123_/X (sky130_fd_sc_hd__and3_1)
     2    0.00                           _013_ (net)
                  0.04    0.00    1.86 v _066_/A (sky130_fd_sc_hd__or4_1)
                  0.10    0.56    2.42 v _066_/X (sky130_fd_sc_hd__or4_1)
     2    0.00                           _019_ (net)
                  0.10    0.00    2.42 v _076_/A_N (sky130_fd_sc_hd__and4b_1)
                  0.05    0.26    2.68 ^ _076_/X (sky130_fd_sc_hd__and4b_1)
     1    0.00                           _029_ (net)
                  0.05    0.00    2.68 ^ _077_/A (sky130_fd_sc_hd__buf_1)
                  0.09    0.12    2.81 ^ _077_/X (sky130_fd_sc_hd__buf_1)
     2    0.01                           net6 (net)
                  0.09    0.00    2.81 ^ output6/A (sky130_fd_sc_hd__clkbuf_4)
                  0.11    0.21    3.02 ^ output6/X (sky130_fd_sc_hd__clkbuf_4)
     1    0.03                           comb_out (net)
                  0.11    0.00    3.02 ^ comb_out (out)
                                  3.02   data arrival time

                          5.00    5.00   clock clk (rise edge)
                          0.00    5.00   clock network delay (propagated)
                         -0.25    4.75   clock uncertainty
                          0.00    4.75   clock reconvergence pessimism
                         -1.00    3.75   output external delay
                                  3.75   data required time
-----------------------------------------------------------------------------
                                  3.75   data required time
                                 -3.02   data arrival time
-----------------------------------------------------------------------------
                                  0.73   slack (MET)


Startpoint: DIVIDE_BY_N[3] (input port clocked by clk)
Endpoint: _129_ (rising edge-triggered flip-flop clocked by clk)
Path Group: clk
Path Type: max

Fanout     Cap    Slew   Delay    Time   Description
-----------------------------------------------------------------------------
                          0.00    0.00   clock clk (rise edge)
                          0.00    0.00   clock network delay (propagated)
                          1.00    1.00 v input external delay
                  0.01    0.00    1.00 v DIVIDE_BY_N[3] (in)
     1    0.00                           DIVIDE_BY_N[3] (net)
                  0.01    0.00    1.00 v input4/A (sky130_fd_sc_hd__buf_1)
                  0.05    0.10    1.10 v input4/X (sky130_fd_sc_hd__buf_1)
     3    0.01                           net4 (net)
                  0.05    0.00    1.10 v _121_/A (sky130_fd_sc_hd__or4_1)
                  0.10    0.56    1.66 v _121_/X (sky130_fd_sc_hd__or4_1)
     2    0.00                           _011_ (net)
                  0.10    0.00    1.66 v _123_/B (sky130_fd_sc_hd__and3_1)
                  0.04    0.20    1.86 v _123_/X (sky130_fd_sc_hd__and3_1)
     2    0.00                           _013_ (net)
                  0.04    0.00    1.86 v _066_/A (sky130_fd_sc_hd__or4_1)
                  0.10    0.56    2.42 v _066_/X (sky130_fd_sc_hd__or4_1)
     2    0.00                           _019_ (net)
                  0.10    0.00    2.42 v _082_/A1 (sky130_fd_sc_hd__o211a_1)
                  0.05    0.26    2.68 v _082_/X (sky130_fd_sc_hd__o211a_1)
     2    0.00                           _034_ (net)
                  0.05    0.00    2.68 v _083_/A (sky130_fd_sc_hd__buf_2)
                  0.08    0.18    2.86 v _083_/X (sky130_fd_sc_hd__buf_2)
    10    0.03                           _035_ (net)
                  0.08    0.00    2.86 v _101_/A2 (sky130_fd_sc_hd__o2111a_1)
                  0.04    0.24    3.10 v _101_/X (sky130_fd_sc_hd__o2111a_1)
     1    0.00                           _004_ (net)
                  0.04    0.00    3.10 v _129_/D (sky130_fd_sc_hd__dfxtp_1)
                                  3.10   data arrival time

                          5.00    5.00   clock clk (rise edge)
                          0.00    5.00   clock source latency
                  0.06    0.04    5.04 ^ clk (in)
     1    0.01                           clk (net)
                  0.06    0.00    5.04 ^ clkbuf_0_clk/A (sky130_fd_sc_hd__clkbuf_16)
                  0.04    0.12    5.16 ^ clkbuf_0_clk/X (sky130_fd_sc_hd__clkbuf_16)
     2    0.02                           clknet_0_clk (net)
                  0.04    0.00    5.16 ^ clkbuf_1_0__f_clk/A (sky130_fd_sc_hd__clkbuf_16)
                  0.04    0.12    5.28 ^ clkbuf_1_0__f_clk/X (sky130_fd_sc_hd__clkbuf_16)
     7    0.02                           clknet_1_0__leaf_clk (net)
                  0.04    0.00    5.28 ^ _129_/CLK (sky130_fd_sc_hd__dfxtp_1)
                         -0.25    5.03   clock uncertainty
                          0.00    5.03   clock reconvergence pessimism
                         -0.11    4.92   library setup time
                                  4.92   data required time
-----------------------------------------------------------------------------
                                  4.92   data required time
                                 -3.10   data arrival time
-----------------------------------------------------------------------------
                                  1.82   slack (MET)


Startpoint: DIVIDE_BY_N[3] (input port clocked by clk)
Endpoint: _126_ (rising edge-triggered flip-flop clocked by clk)
Path Group: clk
Path Type: max

Fanout     Cap    Slew   Delay    Time   Description
-----------------------------------------------------------------------------
                          0.00    0.00   clock clk (rise edge)
                          0.00    0.00   clock network delay (propagated)
                          1.00    1.00 v input external delay
                  0.01    0.00    1.00 v DIVIDE_BY_N[3] (in)
     1    0.00                           DIVIDE_BY_N[3] (net)
                  0.01    0.00    1.00 v input4/A (sky130_fd_sc_hd__buf_1)
                  0.05    0.10    1.10 v input4/X (sky130_fd_sc_hd__buf_1)
     3    0.01                           net4 (net)
                  0.05    0.00    1.10 v _121_/A (sky130_fd_sc_hd__or4_1)
                  0.10    0.56    1.66 v _121_/X (sky130_fd_sc_hd__or4_1)
     2    0.00                           _011_ (net)
                  0.10    0.00    1.66 v _123_/B (sky130_fd_sc_hd__and3_1)
                  0.04    0.20    1.86 v _123_/X (sky130_fd_sc_hd__and3_1)
     2    0.00                           _013_ (net)
                  0.04    0.00    1.86 v _066_/A (sky130_fd_sc_hd__or4_1)
                  0.10    0.56    2.42 v _066_/X (sky130_fd_sc_hd__or4_1)
     2    0.00                           _019_ (net)
                  0.10    0.00    2.42 v _082_/A1 (sky130_fd_sc_hd__o211a_1)
                  0.05    0.26    2.68 v _082_/X (sky130_fd_sc_hd__o211a_1)
     2    0.00                           _034_ (net)
                  0.05    0.00    2.68 v _083_/A (sky130_fd_sc_hd__buf_2)
                  0.08    0.18    2.86 v _083_/X (sky130_fd_sc_hd__buf_2)
    10    0.03                           _035_ (net)
                  0.08    0.00    2.86 v _090_/A2 (sky130_fd_sc_hd__o2111a_1)
                  0.04    0.24    3.10 v _090_/X (sky130_fd_sc_hd__o2111a_1)
     1    0.00                           _001_ (net)
                  0.04    0.00    3.10 v _126_/D (sky130_fd_sc_hd__dfxtp_1)
                                  3.10   data arrival time

                          5.00    5.00   clock clk (rise edge)
                          0.00    5.00   clock source latency
                  0.06    0.04    5.04 ^ clk (in)
     1    0.01                           clk (net)
                  0.06    0.00    5.04 ^ clkbuf_0_clk/A (sky130_fd_sc_hd__clkbuf_16)
                  0.04    0.12    5.16 ^ clkbuf_0_clk/X (sky130_fd_sc_hd__clkbuf_16)
     2    0.02                           clknet_0_clk (net)
                  0.04    0.00    5.16 ^ clkbuf_1_0__f_clk/A (sky130_fd_sc_hd__clkbuf_16)
                  0.04    0.12    5.28 ^ clkbuf_1_0__f_clk/X (sky130_fd_sc_hd__clkbuf_16)
     7    0.02                           clknet_1_0__leaf_clk (net)
                  0.04    0.00    5.28 ^ _126_/CLK (sky130_fd_sc_hd__dfxtp_1)
                         -0.25    5.03   clock uncertainty
                          0.00    5.03   clock reconvergence pessimism
                         -0.11    4.92   library setup time
                                  4.92   data required time
-----------------------------------------------------------------------------
                                  4.92   data required time
                                 -3.10   data arrival time
-----------------------------------------------------------------------------
                                  1.82   slack (MET)


Startpoint: DIVIDE_BY_N[3] (input port clocked by clk)
Endpoint: _133_ (rising edge-triggered flip-flop clocked by clk)
Path Group: clk
Path Type: max

Fanout     Cap    Slew   Delay    Time   Description
-----------------------------------------------------------------------------
                          0.00    0.00   clock clk (rise edge)
                          0.00    0.00   clock network delay (propagated)
                          1.00    1.00 v input external delay
                  0.01    0.00    1.00 v DIVIDE_BY_N[3] (in)
     1    0.00                           DIVIDE_BY_N[3] (net)
                  0.01    0.00    1.00 v input4/A (sky130_fd_sc_hd__buf_1)
                  0.05    0.10    1.10 v input4/X (sky130_fd_sc_hd__buf_1)
     3    0.01                           net4 (net)
                  0.05    0.00    1.10 v _121_/A (sky130_fd_sc_hd__or4_1)
                  0.10    0.56    1.66 v _121_/X (sky130_fd_sc_hd__or4_1)
     2    0.00                           _011_ (net)
                  0.10    0.00    1.66 v _123_/B (sky130_fd_sc_hd__and3_1)
                  0.04    0.20    1.86 v _123_/X (sky130_fd_sc_hd__and3_1)
     2    0.00                           _013_ (net)
                  0.04    0.00    1.86 v _066_/A (sky130_fd_sc_hd__or4_1)
                  0.10    0.56    2.42 v _066_/X (sky130_fd_sc_hd__or4_1)
     2    0.00                           _019_ (net)
                  0.10    0.00    2.42 v _082_/A1 (sky130_fd_sc_hd__o211a_1)
                  0.05    0.26    2.68 v _082_/X (sky130_fd_sc_hd__o211a_1)
     2    0.00                           _034_ (net)
                  0.05    0.00    2.68 v _083_/A (sky130_fd_sc_hd__buf_2)
                  0.08    0.18    2.86 v _083_/X (sky130_fd_sc_hd__buf_2)
    10    0.03                           _035_ (net)
                  0.08    0.00    2.86 v _114_/A2 (sky130_fd_sc_hd__o211a_1)
                  0.04    0.22    3.08 v _114_/X (sky130_fd_sc_hd__o211a_1)
     1    0.00                           _008_ (net)
                  0.04    0.00    3.08 v _133_/D (sky130_fd_sc_hd__dfxtp_1)
                                  3.08   data arrival time

                          5.00    5.00   clock clk (rise edge)
                          0.00    5.00   clock source latency
                  0.06    0.04    5.04 ^ clk (in)
     1    0.01                           clk (net)
                  0.06    0.00    5.04 ^ clkbuf_0_clk/A (sky130_fd_sc_hd__clkbuf_16)
                  0.04    0.12    5.16 ^ clkbuf_0_clk/X (sky130_fd_sc_hd__clkbuf_16)
     2    0.02                           clknet_0_clk (net)
                  0.04    0.00    5.16 ^ clkbuf_1_1__f_clk/A (sky130_fd_sc_hd__clkbuf_16)
                  0.04    0.11    5.27 ^ clkbuf_1_1__f_clk/X (sky130_fd_sc_hd__clkbuf_16)
     5    0.01                           clknet_1_1__leaf_clk (net)
                  0.04    0.00    5.27 ^ _133_/CLK (sky130_fd_sc_hd__dfxtp_1)
                         -0.25    5.02   clock uncertainty
                          0.00    5.02   clock reconvergence pessimism
                         -0.11    4.92   library setup time
                                  4.92   data required time
-----------------------------------------------------------------------------
                                  4.92   data required time
                                 -3.08   data arrival time
-----------------------------------------------------------------------------
                                  1.84   slack (MET)


Startpoint: DIVIDE_BY_N[3] (input port clocked by clk)
Endpoint: _134_ (rising edge-triggered flip-flop clocked by clk)
Path Group: clk
Path Type: max

Fanout     Cap    Slew   Delay    Time   Description
-----------------------------------------------------------------------------
                          0.00    0.00   clock clk (rise edge)
                          0.00    0.00   clock network delay (propagated)
                          1.00    1.00 v input external delay
                  0.01    0.00    1.00 v DIVIDE_BY_N[3] (in)
     1    0.00                           DIVIDE_BY_N[3] (net)
                  0.01    0.00    1.00 v input4/A (sky130_fd_sc_hd__buf_1)
                  0.05    0.10    1.10 v input4/X (sky130_fd_sc_hd__buf_1)
     3    0.01                           net4 (net)
                  0.05    0.00    1.10 v _121_/A (sky130_fd_sc_hd__or4_1)
                  0.10    0.56    1.66 v _121_/X (sky130_fd_sc_hd__or4_1)
     2    0.00                           _011_ (net)
                  0.10    0.00    1.66 v _123_/B (sky130_fd_sc_hd__and3_1)
                  0.04    0.20    1.86 v _123_/X (sky130_fd_sc_hd__and3_1)
     2    0.00                           _013_ (net)
                  0.04    0.00    1.86 v _066_/A (sky130_fd_sc_hd__or4_1)
                  0.10    0.56    2.42 v _066_/X (sky130_fd_sc_hd__or4_1)
     2    0.00                           _019_ (net)
                  0.10    0.00    2.42 v _082_/A1 (sky130_fd_sc_hd__o211a_1)
                  0.05    0.26    2.68 v _082_/X (sky130_fd_sc_hd__o211a_1)
     2    0.00                           _034_ (net)
                  0.05    0.00    2.68 v _083_/A (sky130_fd_sc_hd__buf_2)
                  0.08    0.18    2.86 v _083_/X (sky130_fd_sc_hd__buf_2)
    10    0.03                           _035_ (net)
                  0.08    0.00    2.86 v _118_/A2 (sky130_fd_sc_hd__o211a_1)
                  0.04    0.22    3.07 v _118_/X (sky130_fd_sc_hd__o211a_1)
     1    0.00                           _009_ (net)
                  0.04    0.00    3.07 v _134_/D (sky130_fd_sc_hd__dfxtp_1)
                                  3.07   data arrival time

                          5.00    5.00   clock clk (rise edge)
                          0.00    5.00   clock source latency
                  0.06    0.04    5.04 ^ clk (in)
     1    0.01                           clk (net)
                  0.06    0.00    5.04 ^ clkbuf_0_clk/A (sky130_fd_sc_hd__clkbuf_16)
                  0.04    0.12    5.16 ^ clkbuf_0_clk/X (sky130_fd_sc_hd__clkbuf_16)
     2    0.02                           clknet_0_clk (net)
                  0.04    0.00    5.16 ^ clkbuf_1_1__f_clk/A (sky130_fd_sc_hd__clkbuf_16)
                  0.04    0.11    5.27 ^ clkbuf_1_1__f_clk/X (sky130_fd_sc_hd__clkbuf_16)
     5    0.01                           clknet_1_1__leaf_clk (net)
                  0.04    0.00    5.27 ^ _134_/CLK (sky130_fd_sc_hd__dfxtp_1)
                         -0.25    5.02   clock uncertainty
                          0.00    5.02   clock reconvergence pessimism
                         -0.11    4.92   library setup time
                                  4.92   data required time
-----------------------------------------------------------------------------
                                  4.92   data required time
                                 -3.07   data arrival time
-----------------------------------------------------------------------------
                                  1.84   slack (MET)


Startpoint: DIVIDE_BY_N[3] (input port clocked by clk)
Endpoint: _135_ (rising edge-triggered flip-flop clocked by clk)
Path Group: clk
Path Type: max

Fanout     Cap    Slew   Delay    Time   Description
-----------------------------------------------------------------------------
                          0.00    0.00   clock clk (rise edge)
                          0.00    0.00   clock network delay (propagated)
                          1.00    1.00 v input external delay
                  0.01    0.00    1.00 v DIVIDE_BY_N[3] (in)
     1    0.00                           DIVIDE_BY_N[3] (net)
                  0.01    0.00    1.00 v input4/A (sky130_fd_sc_hd__buf_1)
                  0.05    0.10    1.10 v input4/X (sky130_fd_sc_hd__buf_1)
     3    0.01                           net4 (net)
                  0.05    0.00    1.10 v _121_/A (sky130_fd_sc_hd__or4_1)
                  0.10    0.56    1.66 v _121_/X (sky130_fd_sc_hd__or4_1)
     2    0.00                           _011_ (net)
                  0.10    0.00    1.66 v _123_/B (sky130_fd_sc_hd__and3_1)
                  0.04    0.20    1.86 v _123_/X (sky130_fd_sc_hd__and3_1)
     2    0.00                           _013_ (net)
                  0.04    0.00    1.86 v _066_/A (sky130_fd_sc_hd__or4_1)
                  0.10    0.56    2.42 v _066_/X (sky130_fd_sc_hd__or4_1)
     2    0.00                           _019_ (net)
                  0.10    0.00    2.42 v _082_/A1 (sky130_fd_sc_hd__o211a_1)
                  0.05    0.26    2.68 v _082_/X (sky130_fd_sc_hd__o211a_1)
     2    0.00                           _034_ (net)
                  0.05    0.00    2.68 v _083_/A (sky130_fd_sc_hd__buf_2)
                  0.08    0.18    2.86 v _083_/X (sky130_fd_sc_hd__buf_2)
    10    0.03                           _035_ (net)
                  0.08    0.00    2.86 v _120_/A2 (sky130_fd_sc_hd__o211a_1)
                  0.03    0.21    3.07 v _120_/X (sky130_fd_sc_hd__o211a_1)
     1    0.00                           _010_ (net)
                  0.03    0.00    3.07 v _135_/D (sky130_fd_sc_hd__dfxtp_1)
                                  3.07   data arrival time

                          5.00    5.00   clock clk (rise edge)
                          0.00    5.00   clock source latency
                  0.06    0.04    5.04 ^ clk (in)
     1    0.01                           clk (net)
                  0.06    0.00    5.04 ^ clkbuf_0_clk/A (sky130_fd_sc_hd__clkbuf_16)
                  0.04    0.12    5.16 ^ clkbuf_0_clk/X (sky130_fd_sc_hd__clkbuf_16)
     2    0.02                           clknet_0_clk (net)
                  0.04    0.00    5.16 ^ clkbuf_1_1__f_clk/A (sky130_fd_sc_hd__clkbuf_16)
                  0.04    0.11    5.27 ^ clkbuf_1_1__f_clk/X (sky130_fd_sc_hd__clkbuf_16)
     5    0.01                           clknet_1_1__leaf_clk (net)
                  0.04    0.00    5.27 ^ _135_/CLK (sky130_fd_sc_hd__dfxtp_1)
                         -0.25    5.02   clock uncertainty
                          0.00    5.02   clock reconvergence pessimism
                         -0.11    4.92   library setup time
                                  4.92   data required time
-----------------------------------------------------------------------------
                                  4.92   data required time
                                 -3.07   data arrival time
-----------------------------------------------------------------------------
                                  1.84   slack (MET)


Startpoint: DIVIDE_BY_N[3] (input port clocked by clk)
Endpoint: _128_ (rising edge-triggered flip-flop clocked by clk)
Path Group: clk
Path Type: max

Fanout     Cap    Slew   Delay    Time   Description
-----------------------------------------------------------------------------
                          0.00    0.00   clock clk (rise edge)
                          0.00    0.00   clock network delay (propagated)
                          1.00    1.00 v input external delay
                  0.01    0.00    1.00 v DIVIDE_BY_N[3] (in)
     1    0.00                           DIVIDE_BY_N[3] (net)
                  0.01    0.00    1.00 v input4/A (sky130_fd_sc_hd__buf_1)
                  0.05    0.10    1.10 v input4/X (sky130_fd_sc_hd__buf_1)
     3    0.01                           net4 (net)
                  0.05    0.00    1.10 v _121_/A (sky130_fd_sc_hd__or4_1)
                  0.10    0.56    1.66 v _121_/X (sky130_fd_sc_hd__or4_1)
     2    0.00                           _011_ (net)
                  0.10    0.00    1.66 v _123_/B (sky130_fd_sc_hd__and3_1)
                  0.04    0.20    1.86 v _123_/X (sky130_fd_sc_hd__and3_1)
     2    0.00                           _013_ (net)
                  0.04    0.00    1.86 v _066_/A (sky130_fd_sc_hd__or4_1)
                  0.10    0.56    2.42 v _066_/X (sky130_fd_sc_hd__or4_1)
     2    0.00                           _019_ (net)
                  0.10    0.00    2.42 v _082_/A1 (sky130_fd_sc_hd__o211a_1)
                  0.05    0.26    2.68 v _082_/X (sky130_fd_sc_hd__o211a_1)
     2    0.00                           _034_ (net)
                  0.05    0.00    2.68 v _083_/A (sky130_fd_sc_hd__buf_2)
                  0.08    0.18    2.86 v _083_/X (sky130_fd_sc_hd__buf_2)
    10    0.03                           _035_ (net)
                  0.08    0.00    2.86 v _098_/A2 (sky130_fd_sc_hd__o211a_1)
                  0.04    0.22    3.08 v _098_/X (sky130_fd_sc_hd__o211a_1)
     1    0.00                           _003_ (net)
                  0.04    0.00    3.08 v _128_/D (sky130_fd_sc_hd__dfxtp_1)
                                  3.08   data arrival time

                          5.00    5.00   clock clk (rise edge)
                          0.00    5.00   clock source latency
                  0.06    0.04    5.04 ^ clk (in)
     1    0.01                           clk (net)
                  0.06    0.00    5.04 ^ clkbuf_0_clk/A (sky130_fd_sc_hd__clkbuf_16)
                  0.04    0.12    5.16 ^ clkbuf_0_clk/X (sky130_fd_sc_hd__clkbuf_16)
     2    0.02                           clknet_0_clk (net)
                  0.04    0.00    5.16 ^ clkbuf_1_0__f_clk/A (sky130_fd_sc_hd__clkbuf_16)
                  0.04    0.12    5.28 ^ clkbuf_1_0__f_clk/X (sky130_fd_sc_hd__clkbuf_16)
     7    0.02                           clknet_1_0__leaf_clk (net)
                  0.04    0.00    5.28 ^ _128_/CLK (sky130_fd_sc_hd__dfxtp_1)
                         -0.25    5.03   clock uncertainty
                          0.00    5.03   clock reconvergence pessimism
                         -0.11    4.92   library setup time
                                  4.92   data required time
-----------------------------------------------------------------------------
                                  4.92   data required time
                                 -3.08   data arrival time
-----------------------------------------------------------------------------
                                  1.84   slack (MET)


Startpoint: DIVIDE_BY_N[3] (input port clocked by clk)
Endpoint: _130_ (rising edge-triggered flip-flop clocked by clk)
Path Group: clk
Path Type: max

Fanout     Cap    Slew   Delay    Time   Description
-----------------------------------------------------------------------------
                          0.00    0.00   clock clk (rise edge)
                          0.00    0.00   clock network delay (propagated)
                          1.00    1.00 v input external delay
                  0.01    0.00    1.00 v DIVIDE_BY_N[3] (in)
     1    0.00                           DIVIDE_BY_N[3] (net)
                  0.01    0.00    1.00 v input4/A (sky130_fd_sc_hd__buf_1)
                  0.05    0.10    1.10 v input4/X (sky130_fd_sc_hd__buf_1)
     3    0.01                           net4 (net)
                  0.05    0.00    1.10 v _121_/A (sky130_fd_sc_hd__or4_1)
                  0.10    0.56    1.66 v _121_/X (sky130_fd_sc_hd__or4_1)
     2    0.00                           _011_ (net)
                  0.10    0.00    1.66 v _123_/B (sky130_fd_sc_hd__and3_1)
                  0.04    0.20    1.86 v _123_/X (sky130_fd_sc_hd__and3_1)
     2    0.00                           _013_ (net)
                  0.04    0.00    1.86 v _066_/A (sky130_fd_sc_hd__or4_1)
                  0.10    0.56    2.42 v _066_/X (sky130_fd_sc_hd__or4_1)
     2    0.00                           _019_ (net)
                  0.10    0.00    2.42 v _082_/A1 (sky130_fd_sc_hd__o211a_1)
                  0.05    0.26    2.68 v _082_/X (sky130_fd_sc_hd__o211a_1)
     2    0.00                           _034_ (net)
                  0.05    0.00    2.68 v _083_/A (sky130_fd_sc_hd__buf_2)
                  0.08    0.18    2.86 v _083_/X (sky130_fd_sc_hd__buf_2)
    10    0.03                           _035_ (net)
                  0.08    0.00    2.86 v _105_/A2 (sky130_fd_sc_hd__o211a_1)
                  0.04    0.22    3.08 v _105_/X (sky130_fd_sc_hd__o211a_1)
     1    0.00                           _005_ (net)
                  0.04    0.00    3.08 v _130_/D (sky130_fd_sc_hd__dfxtp_1)
                                  3.08   data arrival time

                          5.00    5.00   clock clk (rise edge)
                          0.00    5.00   clock source latency
                  0.06    0.04    5.04 ^ clk (in)
     1    0.01                           clk (net)
                  0.06    0.00    5.04 ^ clkbuf_0_clk/A (sky130_fd_sc_hd__clkbuf_16)
                  0.04    0.12    5.16 ^ clkbuf_0_clk/X (sky130_fd_sc_hd__clkbuf_16)
     2    0.02                           clknet_0_clk (net)
                  0.04    0.00    5.16 ^ clkbuf_1_0__f_clk/A (sky130_fd_sc_hd__clkbuf_16)
                  0.04    0.12    5.28 ^ clkbuf_1_0__f_clk/X (sky130_fd_sc_hd__clkbuf_16)
     7    0.02                           clknet_1_0__leaf_clk (net)
                  0.04    0.00    5.28 ^ _130_/CLK (sky130_fd_sc_hd__dfxtp_1)
                         -0.25    5.03   clock uncertainty
                          0.00    5.03   clock reconvergence pessimism
                         -0.11    4.92   library setup time
                                  4.92   data required time
-----------------------------------------------------------------------------
                                  4.92   data required time
                                 -3.08   data arrival time
-----------------------------------------------------------------------------
                                  1.84   slack (MET)


Startpoint: DIVIDE_BY_N[3] (input port clocked by clk)
Endpoint: _131_ (rising edge-triggered flip-flop clocked by clk)
Path Group: clk
Path Type: max

Fanout     Cap    Slew   Delay    Time   Description
-----------------------------------------------------------------------------
                          0.00    0.00   clock clk (rise edge)
                          0.00    0.00   clock network delay (propagated)
                          1.00    1.00 v input external delay
                  0.01    0.00    1.00 v DIVIDE_BY_N[3] (in)
     1    0.00                           DIVIDE_BY_N[3] (net)
                  0.01    0.00    1.00 v input4/A (sky130_fd_sc_hd__buf_1)
                  0.05    0.10    1.10 v input4/X (sky130_fd_sc_hd__buf_1)
     3    0.01                           net4 (net)
                  0.05    0.00    1.10 v _121_/A (sky130_fd_sc_hd__or4_1)
                  0.10    0.56    1.66 v _121_/X (sky130_fd_sc_hd__or4_1)
     2    0.00                           _011_ (net)
                  0.10    0.00    1.66 v _123_/B (sky130_fd_sc_hd__and3_1)
                  0.04    0.20    1.86 v _123_/X (sky130_fd_sc_hd__and3_1)
     2    0.00                           _013_ (net)
                  0.04    0.00    1.86 v _066_/A (sky130_fd_sc_hd__or4_1)
                  0.10    0.56    2.42 v _066_/X (sky130_fd_sc_hd__or4_1)
     2    0.00                           _019_ (net)
                  0.10    0.00    2.42 v _082_/A1 (sky130_fd_sc_hd__o211a_1)
                  0.05    0.26    2.68 v _082_/X (sky130_fd_sc_hd__o211a_1)
     2    0.00                           _034_ (net)
                  0.05    0.00    2.68 v _083_/A (sky130_fd_sc_hd__buf_2)
                  0.08    0.18    2.86 v _083_/X (sky130_fd_sc_hd__buf_2)
    10    0.03                           _035_ (net)
                  0.08    0.00    2.86 v _109_/A2 (sky130_fd_sc_hd__o211a_1)
                  0.04    0.22    3.08 v _109_/X (sky130_fd_sc_hd__o211a_1)
     1    0.00                           _006_ (net)
                  0.04    0.00    3.08 v _131_/D (sky130_fd_sc_hd__dfxtp_1)
                                  3.08   data arrival time

                          5.00    5.00   clock clk (rise edge)
                          0.00    5.00   clock source latency
                  0.06    0.04    5.04 ^ clk (in)
     1    0.01                           clk (net)
                  0.06    0.00    5.04 ^ clkbuf_0_clk/A (sky130_fd_sc_hd__clkbuf_16)
                  0.04    0.12    5.16 ^ clkbuf_0_clk/X (sky130_fd_sc_hd__clkbuf_16)
     2    0.02                           clknet_0_clk (net)
                  0.04    0.00    5.16 ^ clkbuf_1_0__f_clk/A (sky130_fd_sc_hd__clkbuf_16)
                  0.04    0.12    5.28 ^ clkbuf_1_0__f_clk/X (sky130_fd_sc_hd__clkbuf_16)
     7    0.02                           clknet_1_0__leaf_clk (net)
                  0.04    0.00    5.28 ^ _131_/CLK (sky130_fd_sc_hd__dfxtp_1)
                         -0.25    5.03   clock uncertainty
                          0.00    5.03   clock reconvergence pessimism
                         -0.11    4.92   library setup time
                                  4.92   data required time
-----------------------------------------------------------------------------
                                  4.92   data required time
                                 -3.08   data arrival time
-----------------------------------------------------------------------------
                                  1.84   slack (MET)


Startpoint: DIVIDE_BY_N[3] (input port clocked by clk)
Endpoint: _125_ (rising edge-triggered flip-flop clocked by clk)
Path Group: clk
Path Type: max

Fanout     Cap    Slew   Delay    Time   Description
-----------------------------------------------------------------------------
                          0.00    0.00   clock clk (rise edge)
                          0.00    0.00   clock network delay (propagated)
                          1.00    1.00 v input external delay
                  0.01    0.00    1.00 v DIVIDE_BY_N[3] (in)
     1    0.00                           DIVIDE_BY_N[3] (net)
                  0.01    0.00    1.00 v input4/A (sky130_fd_sc_hd__buf_1)
                  0.05    0.10    1.10 v input4/X (sky130_fd_sc_hd__buf_1)
     3    0.01                           net4 (net)
                  0.05    0.00    1.10 v _121_/A (sky130_fd_sc_hd__or4_1)
                  0.10    0.56    1.66 v _121_/X (sky130_fd_sc_hd__or4_1)
     2    0.00                           _011_ (net)
                  0.10    0.00    1.66 v _123_/B (sky130_fd_sc_hd__and3_1)
                  0.04    0.20    1.86 v _123_/X (sky130_fd_sc_hd__and3_1)
     2    0.00                           _013_ (net)
                  0.04    0.00    1.86 v _066_/A (sky130_fd_sc_hd__or4_1)
                  0.10    0.56    2.42 v _066_/X (sky130_fd_sc_hd__or4_1)
     2    0.00                           _019_ (net)
                  0.10    0.00    2.42 v _082_/A1 (sky130_fd_sc_hd__o211a_1)
                  0.05    0.26    2.68 v _082_/X (sky130_fd_sc_hd__o211a_1)
     2    0.00                           _034_ (net)
                  0.05    0.00    2.68 v _083_/A (sky130_fd_sc_hd__buf_2)
                  0.08    0.18    2.86 v _083_/X (sky130_fd_sc_hd__buf_2)
    10    0.03                           _035_ (net)
                  0.08    0.00    2.86 v _087_/A2 (sky130_fd_sc_hd__o211a_1)
                  0.04    0.22    3.08 v _087_/X (sky130_fd_sc_hd__o211a_1)
     1    0.00                           _000_ (net)
                  0.04    0.00    3.08 v _125_/D (sky130_fd_sc_hd__dfxtp_1)
                                  3.08   data arrival time

                          5.00    5.00   clock clk (rise edge)
                          0.00    5.00   clock source latency
                  0.06    0.04    5.04 ^ clk (in)
     1    0.01                           clk (net)
                  0.06    0.00    5.04 ^ clkbuf_0_clk/A (sky130_fd_sc_hd__clkbuf_16)
                  0.04    0.12    5.16 ^ clkbuf_0_clk/X (sky130_fd_sc_hd__clkbuf_16)
     2    0.02                           clknet_0_clk (net)
                  0.04    0.00    5.16 ^ clkbuf_1_0__f_clk/A (sky130_fd_sc_hd__clkbuf_16)
                  0.04    0.12    5.28 ^ clkbuf_1_0__f_clk/X (sky130_fd_sc_hd__clkbuf_16)
     7    0.02                           clknet_1_0__leaf_clk (net)
                  0.04    0.00    5.28 ^ _125_/CLK (sky130_fd_sc_hd__dfxtp_1)
                         -0.25    5.03   clock uncertainty
                          0.00    5.03   clock reconvergence pessimism
                         -0.11    4.92   library setup time
                                  4.92   data required time
-----------------------------------------------------------------------------
                                  4.92   data required time
                                 -3.08   data arrival time
-----------------------------------------------------------------------------
                                  1.85   slack (MET)


Startpoint: DIVIDE_BY_N[3] (input port clocked by clk)
Endpoint: _127_ (rising edge-triggered flip-flop clocked by clk)
Path Group: clk
Path Type: max

Fanout     Cap    Slew   Delay    Time   Description
-----------------------------------------------------------------------------
                          0.00    0.00   clock clk (rise edge)
                          0.00    0.00   clock network delay (propagated)
                          1.00    1.00 v input external delay
                  0.01    0.00    1.00 v DIVIDE_BY_N[3] (in)
     1    0.00                           DIVIDE_BY_N[3] (net)
                  0.01    0.00    1.00 v input4/A (sky130_fd_sc_hd__buf_1)
                  0.05    0.10    1.10 v input4/X (sky130_fd_sc_hd__buf_1)
     3    0.01                           net4 (net)
                  0.05    0.00    1.10 v _121_/A (sky130_fd_sc_hd__or4_1)
                  0.10    0.56    1.66 v _121_/X (sky130_fd_sc_hd__or4_1)
     2    0.00                           _011_ (net)
                  0.10    0.00    1.66 v _123_/B (sky130_fd_sc_hd__and3_1)
                  0.04    0.20    1.86 v _123_/X (sky130_fd_sc_hd__and3_1)
     2    0.00                           _013_ (net)
                  0.04    0.00    1.86 v _066_/A (sky130_fd_sc_hd__or4_1)
                  0.10    0.56    2.42 v _066_/X (sky130_fd_sc_hd__or4_1)
     2    0.00                           _019_ (net)
                  0.10    0.00    2.42 v _082_/A1 (sky130_fd_sc_hd__o211a_1)
                  0.05    0.26    2.68 v _082_/X (sky130_fd_sc_hd__o211a_1)
     2    0.00                           _034_ (net)
                  0.05    0.00    2.68 v _083_/A (sky130_fd_sc_hd__buf_2)
                  0.08    0.18    2.86 v _083_/X (sky130_fd_sc_hd__buf_2)
    10    0.03                           _035_ (net)
                  0.08    0.00    2.86 v _094_/A2 (sky130_fd_sc_hd__o211a_1)
                  0.03    0.21    3.07 v _094_/X (sky130_fd_sc_hd__o211a_1)
     1    0.00                           _002_ (net)
                  0.03    0.00    3.07 v _127_/D (sky130_fd_sc_hd__dfxtp_1)
                                  3.07   data arrival time

                          5.00    5.00   clock clk (rise edge)
                          0.00    5.00   clock source latency
                  0.06    0.04    5.04 ^ clk (in)
     1    0.01                           clk (net)
                  0.06    0.00    5.04 ^ clkbuf_0_clk/A (sky130_fd_sc_hd__clkbuf_16)
                  0.04    0.12    5.16 ^ clkbuf_0_clk/X (sky130_fd_sc_hd__clkbuf_16)
     2    0.02                           clknet_0_clk (net)
                  0.04    0.00    5.16 ^ clkbuf_1_0__f_clk/A (sky130_fd_sc_hd__clkbuf_16)
                  0.04    0.12    5.28 ^ clkbuf_1_0__f_clk/X (sky130_fd_sc_hd__clkbuf_16)
     7    0.02                           clknet_1_0__leaf_clk (net)
                  0.04    0.00    5.28 ^ _127_/CLK (sky130_fd_sc_hd__dfxtp_1)
                         -0.25    5.03   clock uncertainty
                          0.00    5.03   clock reconvergence pessimism
                         -0.11    4.92   library setup time
                                  4.92   data required time
-----------------------------------------------------------------------------
                                  4.92   data required time
                                 -3.07   data arrival time
-----------------------------------------------------------------------------
                                  1.85   slack (MET)


Startpoint: DIVIDE_BY_N[3] (input port clocked by clk)
Endpoint: _132_ (rising edge-triggered flip-flop clocked by clk)
Path Group: clk
Path Type: max

Fanout     Cap    Slew   Delay    Time   Description
-----------------------------------------------------------------------------
                          0.00    0.00   clock clk (rise edge)
                          0.00    0.00   clock network delay (propagated)
                          1.00    1.00 v input external delay
                  0.01    0.00    1.00 v DIVIDE_BY_N[3] (in)
     1    0.00                           DIVIDE_BY_N[3] (net)
                  0.01    0.00    1.00 v input4/A (sky130_fd_sc_hd__buf_1)
                  0.05    0.10    1.10 v input4/X (sky130_fd_sc_hd__buf_1)
     3    0.01                           net4 (net)
                  0.05    0.00    1.10 v _121_/A (sky130_fd_sc_hd__or4_1)
                  0.10    0.56    1.66 v _121_/X (sky130_fd_sc_hd__or4_1)
     2    0.00                           _011_ (net)
                  0.10    0.00    1.66 v _123_/B (sky130_fd_sc_hd__and3_1)
                  0.04    0.20    1.86 v _123_/X (sky130_fd_sc_hd__and3_1)
     2    0.00                           _013_ (net)
                  0.04    0.00    1.86 v _066_/A (sky130_fd_sc_hd__or4_1)
                  0.10    0.56    2.42 v _066_/X (sky130_fd_sc_hd__or4_1)
     2    0.00                           _019_ (net)
                  0.10    0.00    2.42 v _082_/A1 (sky130_fd_sc_hd__o211a_1)
                  0.05    0.26    2.68 v _082_/X (sky130_fd_sc_hd__o211a_1)
     2    0.00                           _034_ (net)
                  0.05    0.00    2.68 v _112_/A2 (sky130_fd_sc_hd__o2111a_1)
                  0.04    0.23    2.91 v _112_/X (sky130_fd_sc_hd__o2111a_1)
     1    0.00                           _007_ (net)
                  0.04    0.00    2.91 v _132_/D (sky130_fd_sc_hd__dfxtp_1)
                                  2.91   data arrival time

                          5.00    5.00   clock clk (rise edge)
                          0.00    5.00   clock source latency
                  0.06    0.04    5.04 ^ clk (in)
     1    0.01                           clk (net)
                  0.06    0.00    5.04 ^ clkbuf_0_clk/A (sky130_fd_sc_hd__clkbuf_16)
                  0.04    0.12    5.16 ^ clkbuf_0_clk/X (sky130_fd_sc_hd__clkbuf_16)
     2    0.02                           clknet_0_clk (net)
                  0.04    0.00    5.16 ^ clkbuf_1_1__f_clk/A (sky130_fd_sc_hd__clkbuf_16)
                  0.04    0.11    5.27 ^ clkbuf_1_1__f_clk/X (sky130_fd_sc_hd__clkbuf_16)
     5    0.01                           clknet_1_1__leaf_clk (net)
                  0.04    0.00    5.27 ^ _132_/CLK (sky130_fd_sc_hd__dfxtp_1)
                         -0.25    5.02   clock uncertainty
                          0.00    5.02   clock reconvergence pessimism
                         -0.11    4.91   library setup time
                                  4.91   data required time
-----------------------------------------------------------------------------
                                  4.91   data required time
                                 -2.91   data arrival time
-----------------------------------------------------------------------------
                                  2.01   slack (MET)


Startpoint: DIVIDE_BY_N[3] (input port clocked by clk)
Endpoint: _136_ (rising edge-triggered flip-flop clocked by clk)
Path Group: clk
Path Type: max

Fanout     Cap    Slew   Delay    Time   Description
-----------------------------------------------------------------------------
                          0.00    0.00   clock clk (rise edge)
                          0.00    0.00   clock network delay (propagated)
                          1.00    1.00 v input external delay
                  0.01    0.00    1.00 v DIVIDE_BY_N[3] (in)
     1    0.00                           DIVIDE_BY_N[3] (net)
                  0.01    0.00    1.00 v input4/A (sky130_fd_sc_hd__buf_1)
                  0.05    0.10    1.10 v input4/X (sky130_fd_sc_hd__buf_1)
     3    0.01                           net4 (net)
                  0.05    0.00    1.10 v _121_/A (sky130_fd_sc_hd__or4_1)
                  0.10    0.56    1.66 v _121_/X (sky130_fd_sc_hd__or4_1)
     2    0.00                           _011_ (net)
                  0.10    0.00    1.66 v _123_/B (sky130_fd_sc_hd__and3_1)
                  0.04    0.20    1.86 v _123_/X (sky130_fd_sc_hd__and3_1)
     2    0.00                           _013_ (net)
                  0.04    0.00    1.86 v _066_/A (sky130_fd_sc_hd__or4_1)
                  0.10    0.56    2.42 v _066_/X (sky130_fd_sc_hd__or4_1)
     2    0.00                           _019_ (net)
                  0.10    0.00    2.42 v _076_/A_N (sky130_fd_sc_hd__and4b_1)
                  0.05    0.26    2.68 ^ _076_/X (sky130_fd_sc_hd__and4b_1)
     1    0.00                           _029_ (net)
                  0.05    0.00    2.68 ^ _077_/A (sky130_fd_sc_hd__buf_1)
                  0.09    0.12    2.81 ^ _077_/X (sky130_fd_sc_hd__buf_1)
     2    0.01                           net6 (net)
                  0.09    0.00    2.81 ^ _136_/D (sky130_fd_sc_hd__dfxtp_1)
                                  2.81   data arrival time

                          5.00    5.00   clock clk (rise edge)
                          0.00    5.00   clock source latency
                  0.06    0.04    5.04 ^ clk (in)
     1    0.01                           clk (net)
                  0.06    0.00    5.04 ^ clkbuf_0_clk/A (sky130_fd_sc_hd__clkbuf_16)
                  0.04    0.12    5.16 ^ clkbuf_0_clk/X (sky130_fd_sc_hd__clkbuf_16)
     2    0.02                           clknet_0_clk (net)
                  0.04    0.00    5.16 ^ clkbuf_1_1__f_clk/A (sky130_fd_sc_hd__clkbuf_16)
                  0.04    0.11    5.27 ^ clkbuf_1_1__f_clk/X (sky130_fd_sc_hd__clkbuf_16)
     5    0.01                           clknet_1_1__leaf_clk (net)
                  0.04    0.00    5.27 ^ _136_/CLK (sky130_fd_sc_hd__dfxtp_1)
                         -0.25    5.02   clock uncertainty
                          0.00    5.02   clock reconvergence pessimism
                         -0.07    4.96   library setup time
                                  4.96   data required time
-----------------------------------------------------------------------------
                                  4.96   data required time
                                 -2.81   data arrival time
-----------------------------------------------------------------------------
                                  2.15   slack (MET)


Startpoint: _136_ (rising edge-triggered flip-flop clocked by clk)
Endpoint: sync_out (output port clocked by clk)
Path Group: clk
Path Type: max

Fanout     Cap    Slew   Delay    Time   Description
-----------------------------------------------------------------------------
                          0.00    0.00   clock clk (rise edge)
                          0.00    0.00   clock source latency
                  0.06    0.04    0.04 ^ clk (in)
     1    0.01                           clk (net)
                  0.06    0.00    0.04 ^ clkbuf_0_clk/A (sky130_fd_sc_hd__clkbuf_16)
                  0.04    0.14    0.18 ^ clkbuf_0_clk/X (sky130_fd_sc_hd__clkbuf_16)
     2    0.02                           clknet_0_clk (net)
                  0.04    0.00    0.18 ^ clkbuf_1_1__f_clk/A (sky130_fd_sc_hd__clkbuf_16)
                  0.04    0.12    0.30 ^ clkbuf_1_1__f_clk/X (sky130_fd_sc_hd__clkbuf_16)
     5    0.01                           clknet_1_1__leaf_clk (net)
                  0.04    0.00    0.30 ^ _136_/CLK (sky130_fd_sc_hd__dfxtp_1)
                  0.06    0.33    0.63 ^ _136_/Q (sky130_fd_sc_hd__dfxtp_1)
     1    0.00                           net7 (net)
                  0.06    0.00    0.63 ^ output7/A (sky130_fd_sc_hd__clkbuf_4)
                  0.11    0.20    0.83 ^ output7/X (sky130_fd_sc_hd__clkbuf_4)
     1    0.03                           sync_out (net)
                  0.11    0.00    0.83 ^ sync_out (out)
                                  0.83   data arrival time

                          5.00    5.00   clock clk (rise edge)
                          0.00    5.00   clock network delay (propagated)
                         -0.25    4.75   clock uncertainty
                          0.00    4.75   clock reconvergence pessimism
                         -1.00    3.75   output external delay
                                  3.75   data required time
-----------------------------------------------------------------------------
                                  3.75   data required time
                                 -0.83   data arrival time
-----------------------------------------------------------------------------
                                  2.92   slack (MET)



